{"/Users/a123/lapida/server/config/indexes.js": {"path":"/Users/a123/lapida/server/config/indexes.js","statementMap":{"0":{"start":{"line":1,"column":17},"end":{"line":1,"column":36}},"1":{"start":{"line":7,"column":22},"end":{"line":215,"column":1}},"2":{"start":{"line":8,"column":2},"end":{"line":8,"column":49}},"3":{"start":{"line":10,"column":2},"end":{"line":214,"column":3}},"4":{"start":{"line":11,"column":15},"end":{"line":11,"column":37}},"5":{"start":{"line":14,"column":4},"end":{"line":20,"column":7}},"6":{"start":{"line":21,"column":4},"end":{"line":21,"column":45}},"7":{"start":{"line":24,"column":4},"end":{"line":38,"column":7}},"8":{"start":{"line":39,"column":4},"end":{"line":39,"column":49}},"9":{"start":{"line":42,"column":4},"end":{"line":56,"column":7}},"10":{"start":{"line":57,"column":4},"end":{"line":57,"column":49}},"11":{"start":{"line":60,"column":4},"end":{"line":76,"column":7}},"12":{"start":{"line":77,"column":4},"end":{"line":77,"column":48}},"13":{"start":{"line":80,"column":4},"end":{"line":88,"column":7}},"14":{"start":{"line":89,"column":4},"end":{"line":89,"column":46}},"15":{"start":{"line":92,"column":4},"end":{"line":98,"column":7}},"16":{"start":{"line":99,"column":4},"end":{"line":99,"column":48}},"17":{"start":{"line":102,"column":4},"end":{"line":106,"column":7}},"18":{"start":{"line":107,"column":4},"end":{"line":107,"column":53}},"19":{"start":{"line":110,"column":4},"end":{"line":116,"column":7}},"20":{"start":{"line":117,"column":4},"end":{"line":117,"column":53}},"21":{"start":{"line":120,"column":4},"end":{"line":124,"column":7}},"22":{"start":{"line":125,"column":4},"end":{"line":125,"column":54}},"23":{"start":{"line":128,"column":4},"end":{"line":142,"column":7}},"24":{"start":{"line":143,"column":4},"end":{"line":143,"column":64}},"25":{"start":{"line":146,"column":4},"end":{"line":152,"column":7}},"26":{"start":{"line":153,"column":4},"end":{"line":153,"column":57}},"27":{"start":{"line":156,"column":4},"end":{"line":159,"column":7}},"28":{"start":{"line":160,"column":4},"end":{"line":160,"column":52}},"29":{"start":{"line":163,"column":4},"end":{"line":169,"column":7}},"30":{"start":{"line":170,"column":4},"end":{"line":170,"column":60}},"31":{"start":{"line":173,"column":4},"end":{"line":177,"column":7}},"32":{"start":{"line":178,"column":4},"end":{"line":178,"column":45}},"33":{"start":{"line":181,"column":4},"end":{"line":186,"column":7}},"34":{"start":{"line":187,"column":4},"end":{"line":187,"column":52}},"35":{"start":{"line":190,"column":4},"end":{"line":195,"column":7}},"36":{"start":{"line":196,"column":4},"end":{"line":196,"column":52}},"37":{"start":{"line":198,"column":4},"end":{"line":198,"column":50}},"38":{"start":{"line":201,"column":24},"end":{"line":201,"column":60}},"39":{"start":{"line":202,"column":4},"end":{"line":202,"column":85}},"40":{"start":{"line":208,"column":4},"end":{"line":211,"column":5}},"41":{"start":{"line":209,"column":6},"end":{"line":209,"column":171}},"42":{"start":{"line":210,"column":6},"end":{"line":210,"column":13}},"43":{"start":{"line":212,"column":4},"end":{"line":212,"column":68}},"44":{"start":{"line":213,"column":4},"end":{"line":213,"column":16}},"45":{"start":{"line":220,"column":22},"end":{"line":237,"column":1}},"46":{"start":{"line":221,"column":2},"end":{"line":236,"column":3}},"47":{"start":{"line":222,"column":15},"end":{"line":222,"column":37}},"48":{"start":{"line":223,"column":24},"end":{"line":223,"column":81}},"49":{"start":{"line":225,"column":4},"end":{"line":225,"column":45}},"50":{"start":{"line":227,"column":4},"end":{"line":233,"column":5}},"51":{"start":{"line":228,"column":20},"end":{"line":228,"column":74}},"52":{"start":{"line":229,"column":6},"end":{"line":229,"column":81}},"53":{"start":{"line":230,"column":6},"end":{"line":232,"column":9}},"54":{"start":{"line":231,"column":8},"end":{"line":231,"column":40}},"55":{"start":{"line":235,"column":4},"end":{"line":235,"column":74}},"56":{"start":{"line":239,"column":0},"end":{"line":242,"column":2}}},"fnMap":{"0":{"name":"(anonymous_0)","decl":{"start":{"line":7,"column":22},"end":{"line":7,"column":23}},"loc":{"start":{"line":7,"column":34},"end":{"line":215,"column":1}},"line":7},"1":{"name":"(anonymous_1)","decl":{"start":{"line":220,"column":22},"end":{"line":220,"column":23}},"loc":{"start":{"line":220,"column":34},"end":{"line":237,"column":1}},"line":220},"2":{"name":"(anonymous_2)","decl":{"start":{"line":230,"column":33},"end":{"line":230,"column":34}},"loc":{"start":{"line":230,"column":46},"end":{"line":232,"column":7}},"line":230}},"branchMap":{"0":{"loc":{"start":{"line":208,"column":4},"end":{"line":211,"column":5}},"type":"if","locations":[{"start":{"line":208,"column":4},"end":{"line":211,"column":5}},{"start":{},"end":{}}],"line":208},"1":{"loc":{"start":{"line":208,"column":8},"end":{"line":208,"column":102}},"type":"binary-expr","locations":[{"start":{"line":208,"column":8},"end":{"line":208,"column":26}},{"start":{"line":208,"column":30},"end":{"line":208,"column":102}}],"line":208},"2":{"loc":{"start":{"line":208,"column":81},"end":{"line":208,"column":101}},"type":"binary-expr","locations":[{"start":{"line":208,"column":81},"end":{"line":208,"column":95}},{"start":{"line":208,"column":99},"end":{"line":208,"column":101}}],"line":208}},"s":{"0":0,"1":0,"2":0,"3":0,"4":0,"5":0,"6":0,"7":0,"8":0,"9":0,"10":0,"11":0,"12":0,"13":0,"14":0,"15":0,"16":0,"17":0,"18":0,"19":0,"20":0,"21":0,"22":0,"23":0,"24":0,"25":0,"26":0,"27":0,"28":0,"29":0,"30":0,"31":0,"32":0,"33":0,"34":0,"35":0,"36":0,"37":0,"38":0,"39":0,"40":0,"41":0,"42":0,"43":0,"44":0,"45":0,"46":0,"47":0,"48":0,"49":0,"50":0,"51":0,"52":0,"53":0,"54":0,"55":0,"56":0},"f":{"0":0,"1":0,"2":0},"b":{"0":[0,0],"1":[0,0],"2":[0,0]}}
,"/Users/a123/lapida/server/config/redis.js": {"path":"/Users/a123/lapida/server/config/redis.js","statementMap":{"0":{"start":{"line":1,"column":14},"end":{"line":1,"column":32}},"1":{"start":{"line":4,"column":22},"end":{"line":4,"column":55}},"2":{"start":{"line":5,"column":15},"end":{"line":5,"column":52}},"3":{"start":{"line":7,"column":19},"end":{"line":19,"column":2}},"4":{"start":{"line":7,"column":26},"end":{"line":19,"column":1}},"5":{"start":{"line":8,"column":17},"end":{"line":8,"column":31}},"6":{"start":{"line":9,"column":16},"end":{"line":9,"column":28}},"7":{"start":{"line":10,"column":18},"end":{"line":10,"column":30}},"8":{"start":{"line":11,"column":16},"end":{"line":11,"column":25}},"9":{"start":{"line":12,"column":17},"end":{"line":12,"column":27}},"10":{"start":{"line":13,"column":19},"end":{"line":13,"column":28}},"11":{"start":{"line":14,"column":17},"end":{"line":14,"column":26}},"12":{"start":{"line":15,"column":19},"end":{"line":15,"column":28}},"13":{"start":{"line":16,"column":16},"end":{"line":16,"column":26}},"14":{"start":{"line":22,"column":20},"end":{"line":34,"column":1}},"15":{"start":{"line":28,"column":18},"end":{"line":28,"column":44}},"16":{"start":{"line":29,"column":4},"end":{"line":29,"column":17}},"17":{"start":{"line":38,"column":0},"end":{"line":83,"column":1}},"18":{"start":{"line":39,"column":2},"end":{"line":39,"column":59}},"19":{"start":{"line":40,"column":2},"end":{"line":40,"column":23}},"20":{"start":{"line":43,"column":2},"end":{"line":43,"column":33}},"21":{"start":{"line":45,"column":18},"end":{"line":45,"column":23}},"22":{"start":{"line":46,"column":22},"end":{"line":46,"column":27}},"23":{"start":{"line":49,"column":2},"end":{"line":52,"column":5}},"24":{"start":{"line":50,"column":4},"end":{"line":50,"column":21}},"25":{"start":{"line":51,"column":4},"end":{"line":51,"column":37}},"26":{"start":{"line":54,"column":23},"end":{"line":60,"column":3}},"27":{"start":{"line":55,"column":4},"end":{"line":55,"column":30}},"28":{"start":{"line":55,"column":23},"end":{"line":55,"column":30}},"29":{"start":{"line":56,"column":4},"end":{"line":56,"column":25}},"30":{"start":{"line":57,"column":4},"end":{"line":57,"column":79}},"31":{"start":{"line":58,"column":4},"end":{"line":58,"column":44}},"32":{"start":{"line":58,"column":10},"end":{"line":58,"column":29}},"33":{"start":{"line":59,"column":4},"end":{"line":59,"column":25}},"34":{"start":{"line":62,"column":2},"end":{"line":69,"column":5}},"35":{"start":{"line":64,"column":4},"end":{"line":67,"column":5}},"36":{"start":{"line":65,"column":6},"end":{"line":65,"column":45}},"37":{"start":{"line":66,"column":6},"end":{"line":66,"column":13}},"38":{"start":{"line":68,"column":4},"end":{"line":68,"column":50}},"39":{"start":{"line":71,"column":2},"end":{"line":76,"column":5}},"40":{"start":{"line":72,"column":4},"end":{"line":72,"column":48}},"41":{"start":{"line":73,"column":4},"end":{"line":75,"column":5}},"42":{"start":{"line":74,"column":6},"end":{"line":74,"column":44}},"43":{"start":{"line":79,"column":2},"end":{"line":82,"column":5}},"44":{"start":{"line":80,"column":4},"end":{"line":80,"column":44}},"45":{"start":{"line":80,"column":10},"end":{"line":80,"column":29}},"46":{"start":{"line":81,"column":4},"end":{"line":81,"column":39}},"47":{"start":{"line":86,"column":19},"end":{"line":200,"column":1}},"48":{"start":{"line":93,"column":4},"end":{"line":99,"column":5}},"49":{"start":{"line":94,"column":21},"end":{"line":94,"column":41}},"50":{"start":{"line":95,"column":6},"end":{"line":95,"column":48}},"51":{"start":{"line":97,"column":6},"end":{"line":97,"column":55}},"52":{"start":{"line":98,"column":6},"end":{"line":98,"column":18}},"53":{"start":{"line":110,"column":4},"end":{"line":116,"column":5}},"54":{"start":{"line":111,"column":6},"end":{"line":111,"column":57}},"55":{"start":{"line":112,"column":6},"end":{"line":112,"column":18}},"56":{"start":{"line":114,"column":6},"end":{"line":114,"column":55}},"57":{"start":{"line":115,"column":6},"end":{"line":115,"column":19}},"58":{"start":{"line":125,"column":4},"end":{"line":131,"column":5}},"59":{"start":{"line":126,"column":6},"end":{"line":126,"column":27}},"60":{"start":{"line":127,"column":6},"end":{"line":127,"column":18}},"61":{"start":{"line":129,"column":6},"end":{"line":129,"column":55}},"62":{"start":{"line":130,"column":6},"end":{"line":130,"column":19}},"63":{"start":{"line":140,"column":4},"end":{"line":150,"column":5}},"64":{"start":{"line":141,"column":19},"end":{"line":141,"column":44}},"65":{"start":{"line":142,"column":6},"end":{"line":145,"column":7}},"66":{"start":{"line":143,"column":8},"end":{"line":143,"column":33}},"67":{"start":{"line":144,"column":8},"end":{"line":144,"column":27}},"68":{"start":{"line":146,"column":6},"end":{"line":146,"column":15}},"69":{"start":{"line":148,"column":6},"end":{"line":148,"column":62}},"70":{"start":{"line":149,"column":6},"end":{"line":149,"column":15}},"71":{"start":{"line":159,"column":4},"end":{"line":165,"column":5}},"72":{"start":{"line":160,"column":21},"end":{"line":160,"column":44}},"73":{"start":{"line":161,"column":6},"end":{"line":161,"column":26}},"74":{"start":{"line":163,"column":6},"end":{"line":163,"column":58}},"75":{"start":{"line":164,"column":6},"end":{"line":164,"column":19}},"76":{"start":{"line":175,"column":4},"end":{"line":184,"column":5}},"77":{"start":{"line":176,"column":20},"end":{"line":176,"column":41}},"78":{"start":{"line":177,"column":6},"end":{"line":179,"column":7}},"79":{"start":{"line":178,"column":8},"end":{"line":178,"column":37}},"80":{"start":{"line":180,"column":6},"end":{"line":180,"column":19}},"81":{"start":{"line":182,"column":6},"end":{"line":182,"column":56}},"82":{"start":{"line":183,"column":6},"end":{"line":183,"column":15}},"83":{"start":{"line":193,"column":4},"end":{"line":198,"column":5}},"84":{"start":{"line":194,"column":6},"end":{"line":194,"column":34}},"85":{"start":{"line":196,"column":6},"end":{"line":196,"column":55}},"86":{"start":{"line":197,"column":6},"end":{"line":197,"column":16}},"87":{"start":{"line":202,"column":0},"end":{"line":205,"column":2}}},"fnMap":{"0":{"name":"(anonymous_0)","decl":{"start":{"line":7,"column":19},"end":{"line":7,"column":20}},"loc":{"start":{"line":7,"column":26},"end":{"line":19,"column":1}},"line":7},"1":{"name":"(anonymous_1)","decl":{"start":{"line":8,"column":2},"end":{"line":8,"column":3}},"loc":{"start":{"line":8,"column":15},"end":{"line":8,"column":33}},"line":8},"2":{"name":"(anonymous_2)","decl":{"start":{"line":9,"column":2},"end":{"line":9,"column":3}},"loc":{"start":{"line":9,"column":14},"end":{"line":9,"column":30}},"line":9},"3":{"name":"(anonymous_3)","decl":{"start":{"line":10,"column":2},"end":{"line":10,"column":3}},"loc":{"start":{"line":10,"column":16},"end":{"line":10,"column":32}},"line":10},"4":{"name":"(anonymous_4)","decl":{"start":{"line":11,"column":2},"end":{"line":11,"column":3}},"loc":{"start":{"line":11,"column":14},"end":{"line":11,"column":27}},"line":11},"5":{"name":"(anonymous_5)","decl":{"start":{"line":12,"column":2},"end":{"line":12,"column":3}},"loc":{"start":{"line":12,"column":15},"end":{"line":12,"column":29}},"line":12},"6":{"name":"(anonymous_6)","decl":{"start":{"line":13,"column":2},"end":{"line":13,"column":3}},"loc":{"start":{"line":13,"column":17},"end":{"line":13,"column":30}},"line":13},"7":{"name":"(anonymous_7)","decl":{"start":{"line":14,"column":2},"end":{"line":14,"column":3}},"loc":{"start":{"line":14,"column":15},"end":{"line":14,"column":28}},"line":14},"8":{"name":"(anonymous_8)","decl":{"start":{"line":15,"column":2},"end":{"line":15,"column":3}},"loc":{"start":{"line":15,"column":17},"end":{"line":15,"column":30}},"line":15},"9":{"name":"(anonymous_9)","decl":{"start":{"line":16,"column":2},"end":{"line":16,"column":3}},"loc":{"start":{"line":16,"column":14},"end":{"line":16,"column":28}},"line":16},"10":{"name":"(anonymous_10)","decl":{"start":{"line":17,"column":2},"end":{"line":17,"column":3}},"loc":{"start":{"line":17,"column":7},"end":{"line":17,"column":9}},"line":17},"11":{"name":"(anonymous_11)","decl":{"start":{"line":18,"column":8},"end":{"line":18,"column":9}},"loc":{"start":{"line":18,"column":20},"end":{"line":18,"column":22}},"line":18},"12":{"name":"(anonymous_12)","decl":{"start":{"line":27,"column":17},"end":{"line":27,"column":18}},"loc":{"start":{"line":27,"column":28},"end":{"line":30,"column":3}},"line":27},"13":{"name":"(anonymous_13)","decl":{"start":{"line":49,"column":22},"end":{"line":49,"column":23}},"loc":{"start":{"line":49,"column":28},"end":{"line":52,"column":3}},"line":49},"14":{"name":"(anonymous_14)","decl":{"start":{"line":54,"column":23},"end":{"line":54,"column":24}},"loc":{"start":{"line":54,"column":35},"end":{"line":60,"column":3}},"line":54},"15":{"name":"(anonymous_15)","decl":{"start":{"line":62,"column":20},"end":{"line":62,"column":21}},"loc":{"start":{"line":62,"column":29},"end":{"line":69,"column":3}},"line":62},"16":{"name":"(anonymous_16)","decl":{"start":{"line":71,"column":20},"end":{"line":71,"column":21}},"loc":{"start":{"line":71,"column":26},"end":{"line":76,"column":3}},"line":71},"17":{"name":"(anonymous_17)","decl":{"start":{"line":79,"column":23},"end":{"line":79,"column":24}},"loc":{"start":{"line":79,"column":35},"end":{"line":82,"column":3}},"line":79},"18":{"name":"(anonymous_18)","decl":{"start":{"line":92,"column":2},"end":{"line":92,"column":3}},"loc":{"start":{"line":92,"column":17},"end":{"line":100,"column":3}},"line":92},"19":{"name":"(anonymous_19)","decl":{"start":{"line":109,"column":2},"end":{"line":109,"column":3}},"loc":{"start":{"line":109,"column":36},"end":{"line":117,"column":3}},"line":109},"20":{"name":"(anonymous_20)","decl":{"start":{"line":124,"column":2},"end":{"line":124,"column":3}},"loc":{"start":{"line":124,"column":17},"end":{"line":132,"column":3}},"line":124},"21":{"name":"(anonymous_21)","decl":{"start":{"line":139,"column":2},"end":{"line":139,"column":3}},"loc":{"start":{"line":139,"column":28},"end":{"line":151,"column":3}},"line":139},"22":{"name":"(anonymous_22)","decl":{"start":{"line":158,"column":2},"end":{"line":158,"column":3}},"loc":{"start":{"line":158,"column":20},"end":{"line":166,"column":3}},"line":158},"23":{"name":"(anonymous_23)","decl":{"start":{"line":174,"column":2},"end":{"line":174,"column":3}},"loc":{"start":{"line":174,"column":30},"end":{"line":185,"column":3}},"line":174},"24":{"name":"(anonymous_24)","decl":{"start":{"line":192,"column":2},"end":{"line":192,"column":3}},"loc":{"start":{"line":192,"column":17},"end":{"line":199,"column":3}},"line":192}},"branchMap":{"0":{"loc":{"start":{"line":23,"column":8},"end":{"line":23,"column":45}},"type":"binary-expr","locations":[{"start":{"line":23,"column":8},"end":{"line":23,"column":30}},{"start":{"line":23,"column":34},"end":{"line":23,"column":45}}],"line":23},"1":{"loc":{"start":{"line":24,"column":8},"end":{"line":24,"column":38}},"type":"binary-expr","locations":[{"start":{"line":24,"column":8},"end":{"line":24,"column":30}},{"start":{"line":24,"column":34},"end":{"line":24,"column":38}}],"line":24},"2":{"loc":{"start":{"line":25,"column":12},"end":{"line":25,"column":51}},"type":"binary-expr","locations":[{"start":{"line":25,"column":12},"end":{"line":25,"column":38}},{"start":{"line":25,"column":42},"end":{"line":25,"column":51}}],"line":25},"3":{"loc":{"start":{"line":26,"column":6},"end":{"line":26,"column":31}},"type":"binary-expr","locations":[{"start":{"line":26,"column":6},"end":{"line":26,"column":26}},{"start":{"line":26,"column":30},"end":{"line":26,"column":31}}],"line":26},"4":{"loc":{"start":{"line":38,"column":0},"end":{"line":83,"column":1}},"type":"if","locations":[{"start":{"line":38,"column":0},"end":{"line":83,"column":1}},{"start":{"line":41,"column":7},"end":{"line":83,"column":1}}],"line":38},"5":{"loc":{"start":{"line":55,"column":4},"end":{"line":55,"column":30}},"type":"if","locations":[{"start":{"line":55,"column":4},"end":{"line":55,"column":30}},{"start":{},"end":{}}],"line":55},"6":{"loc":{"start":{"line":64,"column":4},"end":{"line":67,"column":5}},"type":"if","locations":[{"start":{"line":64,"column":4},"end":{"line":67,"column":5}},{"start":{},"end":{}}],"line":64},"7":{"loc":{"start":{"line":64,"column":8},"end":{"line":64,"column":29}},"type":"binary-expr","locations":[{"start":{"line":64,"column":8},"end":{"line":64,"column":15}},{"start":{"line":64,"column":19},"end":{"line":64,"column":29}}],"line":64},"8":{"loc":{"start":{"line":65,"column":19},"end":{"line":65,"column":43}},"type":"binary-expr","locations":[{"start":{"line":65,"column":19},"end":{"line":65,"column":30}},{"start":{"line":65,"column":34},"end":{"line":65,"column":43}}],"line":65},"9":{"loc":{"start":{"line":73,"column":4},"end":{"line":75,"column":5}},"type":"if","locations":[{"start":{"line":73,"column":4},"end":{"line":75,"column":5}},{"start":{},"end":{}}],"line":73},"10":{"loc":{"start":{"line":73,"column":8},"end":{"line":73,"column":29}},"type":"binary-expr","locations":[{"start":{"line":73,"column":8},"end":{"line":73,"column":15}},{"start":{"line":73,"column":19},"end":{"line":73,"column":29}}],"line":73},"11":{"loc":{"start":{"line":95,"column":13},"end":{"line":95,"column":47}},"type":"cond-expr","locations":[{"start":{"line":95,"column":22},"end":{"line":95,"column":40}},{"start":{"line":95,"column":43},"end":{"line":95,"column":47}}],"line":95},"12":{"loc":{"start":{"line":109,"column":24},"end":{"line":109,"column":34}},"type":"default-arg","locations":[{"start":{"line":109,"column":30},"end":{"line":109,"column":34}}],"line":109},"13":{"loc":{"start":{"line":142,"column":6},"end":{"line":145,"column":7}},"type":"if","locations":[{"start":{"line":142,"column":6},"end":{"line":145,"column":7}},{"start":{},"end":{}}],"line":142},"14":{"loc":{"start":{"line":174,"column":18},"end":{"line":174,"column":28}},"type":"default-arg","locations":[{"start":{"line":174,"column":24},"end":{"line":174,"column":28}}],"line":174},"15":{"loc":{"start":{"line":177,"column":6},"end":{"line":179,"column":7}},"type":"if","locations":[{"start":{"line":177,"column":6},"end":{"line":179,"column":7}},{"start":{},"end":{}}],"line":177},"16":{"loc":{"start":{"line":177,"column":10},"end":{"line":177,"column":28}},"type":"binary-expr","locations":[{"start":{"line":177,"column":10},"end":{"line":177,"column":21}},{"start":{"line":177,"column":25},"end":{"line":177,"column":28}}],"line":177}},"s":{"0":0,"1":0,"2":0,"3":0,"4":0,"5":0,"6":0,"7":0,"8":0,"9":0,"10":0,"11":0,"12":0,"13":0,"14":0,"15":0,"16":0,"17":0,"18":0,"19":0,"20":0,"21":0,"22":0,"23":0,"24":0,"25":0,"26":0,"27":0,"28":0,"29":0,"30":0,"31":0,"32":0,"33":0,"34":0,"35":0,"36":0,"37":0,"38":0,"39":0,"40":0,"41":0,"42":0,"43":0,"44":0,"45":0,"46":0,"47":0,"48":0,"49":0,"50":0,"51":0,"52":0,"53":0,"54":0,"55":0,"56":0,"57":0,"58":0,"59":0,"60":0,"61":0,"62":0,"63":0,"64":0,"65":0,"66":0,"67":0,"68":0,"69":0,"70":0,"71":0,"72":0,"73":0,"74":0,"75":0,"76":0,"77":0,"78":0,"79":0,"80":0,"81":0,"82":0,"83":0,"84":0,"85":0,"86":0,"87":0},"f":{"0":0,"1":0,"2":0,"3":0,"4":0,"5":0,"6":0,"7":0,"8":0,"9":0,"10":0,"11":0,"12":0,"13":0,"14":0,"15":0,"16":0,"17":0,"18":0,"19":0,"20":0,"21":0,"22":0,"23":0,"24":0},"b":{"0":[0,0],"1":[0,0],"2":[0,0],"3":[0,0],"4":[0,0],"5":[0,0],"6":[0,0],"7":[0,0],"8":[0,0],"9":[0,0],"10":[0,0],"11":[0,0],"12":[0],"13":[0,0],"14":[0],"15":[0,0],"16":[0,0]}}
,"/Users/a123/lapida/server/middleware/auth.js": {"path":"/Users/a123/lapida/server/middleware/auth.js","statementMap":{"0":{"start":{"line":1,"column":12},"end":{"line":1,"column":35}},"1":{"start":{"line":2,"column":13},"end":{"line":2,"column":38}},"2":{"start":{"line":4,"column":13},"end":{"line":27,"column":1}},"3":{"start":{"line":5,"column":2},"end":{"line":26,"column":3}},"4":{"start":{"line":6,"column":23},"end":{"line":6,"column":50}},"5":{"start":{"line":7,"column":24},"end":{"line":7,"column":42}},"6":{"start":{"line":8,"column":16},"end":{"line":8,"column":20}},"7":{"start":{"line":9,"column":4},"end":{"line":13,"column":5}},"8":{"start":{"line":10,"column":6},"end":{"line":10,"column":48}},"9":{"start":{"line":11,"column":11},"end":{"line":13,"column":5}},"10":{"start":{"line":12,"column":6},"end":{"line":12,"column":26}},"11":{"start":{"line":14,"column":4},"end":{"line":16,"column":5}},"12":{"start":{"line":15,"column":6},"end":{"line":15,"column":72}},"13":{"start":{"line":17,"column":20},"end":{"line":17,"column":61}},"14":{"start":{"line":18,"column":17},"end":{"line":18,"column":52}},"15":{"start":{"line":19,"column":4},"end":{"line":21,"column":5}},"16":{"start":{"line":20,"column":6},"end":{"line":20,"column":73}},"17":{"start":{"line":22,"column":4},"end":{"line":22,"column":20}},"18":{"start":{"line":23,"column":4},"end":{"line":23,"column":11}},"19":{"start":{"line":25,"column":4},"end":{"line":25,"column":56}},"20":{"start":{"line":29,"column":18},"end":{"line":40,"column":1}},"21":{"start":{"line":30,"column":2},"end":{"line":39,"column":3}},"22":{"start":{"line":31,"column":4},"end":{"line":36,"column":7}},"23":{"start":{"line":32,"column":6},"end":{"line":34,"column":7}},"24":{"start":{"line":33,"column":8},"end":{"line":33,"column":100}},"25":{"start":{"line":35,"column":6},"end":{"line":35,"column":13}},"26":{"start":{"line":38,"column":4},"end":{"line":38,"column":60}},"27":{"start":{"line":42,"column":21},"end":{"line":64,"column":1}},"28":{"start":{"line":43,"column":2},"end":{"line":63,"column":3}},"29":{"start":{"line":44,"column":16},"end":{"line":44,"column":20}},"30":{"start":{"line":45,"column":24},"end":{"line":45,"column":51}},"31":{"start":{"line":46,"column":24},"end":{"line":46,"column":42}},"32":{"start":{"line":48,"column":4},"end":{"line":52,"column":5}},"33":{"start":{"line":49,"column":6},"end":{"line":49,"column":49}},"34":{"start":{"line":50,"column":11},"end":{"line":52,"column":5}},"35":{"start":{"line":51,"column":6},"end":{"line":51,"column":26}},"36":{"start":{"line":54,"column":4},"end":{"line":58,"column":5}},"37":{"start":{"line":55,"column":22},"end":{"line":55,"column":63}},"38":{"start":{"line":56,"column":19},"end":{"line":56,"column":54}},"39":{"start":{"line":57,"column":6},"end":{"line":57,"column":32}},"40":{"start":{"line":57,"column":16},"end":{"line":57,"column":32}},"41":{"start":{"line":59,"column":4},"end":{"line":59,"column":11}},"42":{"start":{"line":62,"column":4},"end":{"line":62,"column":11}},"43":{"start":{"line":66,"column":0},"end":{"line":66,"column":51}}},"fnMap":{"0":{"name":"(anonymous_0)","decl":{"start":{"line":4,"column":13},"end":{"line":4,"column":14}},"loc":{"start":{"line":4,"column":39},"end":{"line":27,"column":1}},"line":4},"1":{"name":"(anonymous_1)","decl":{"start":{"line":29,"column":18},"end":{"line":29,"column":19}},"loc":{"start":{"line":29,"column":44},"end":{"line":40,"column":1}},"line":29},"2":{"name":"(anonymous_2)","decl":{"start":{"line":31,"column":25},"end":{"line":31,"column":26}},"loc":{"start":{"line":31,"column":31},"end":{"line":36,"column":5}},"line":31},"3":{"name":"(anonymous_3)","decl":{"start":{"line":42,"column":21},"end":{"line":42,"column":22}},"loc":{"start":{"line":42,"column":47},"end":{"line":64,"column":1}},"line":42}},"branchMap":{"0":{"loc":{"start":{"line":9,"column":4},"end":{"line":13,"column":5}},"type":"if","locations":[{"start":{"line":9,"column":4},"end":{"line":13,"column":5}},{"start":{"line":11,"column":11},"end":{"line":13,"column":5}}],"line":9},"1":{"loc":{"start":{"line":9,"column":8},"end":{"line":9,"column":54}},"type":"binary-expr","locations":[{"start":{"line":9,"column":8},"end":{"line":9,"column":18}},{"start":{"line":9,"column":22},"end":{"line":9,"column":54}}],"line":9},"2":{"loc":{"start":{"line":11,"column":11},"end":{"line":13,"column":5}},"type":"if","locations":[{"start":{"line":11,"column":11},"end":{"line":13,"column":5}},{"start":{},"end":{}}],"line":11},"3":{"loc":{"start":{"line":14,"column":4},"end":{"line":16,"column":5}},"type":"if","locations":[{"start":{"line":14,"column":4},"end":{"line":16,"column":5}},{"start":{},"end":{}}],"line":14},"4":{"loc":{"start":{"line":19,"column":4},"end":{"line":21,"column":5}},"type":"if","locations":[{"start":{"line":19,"column":4},"end":{"line":21,"column":5}},{"start":{},"end":{}}],"line":19},"5":{"loc":{"start":{"line":32,"column":6},"end":{"line":34,"column":7}},"type":"if","locations":[{"start":{"line":32,"column":6},"end":{"line":34,"column":7}},{"start":{},"end":{}}],"line":32},"6":{"loc":{"start":{"line":48,"column":4},"end":{"line":52,"column":5}},"type":"if","locations":[{"start":{"line":48,"column":4},"end":{"line":52,"column":5}},{"start":{"line":50,"column":11},"end":{"line":52,"column":5}}],"line":48},"7":{"loc":{"start":{"line":48,"column":8},"end":{"line":48,"column":56}},"type":"binary-expr","locations":[{"start":{"line":48,"column":8},"end":{"line":48,"column":19}},{"start":{"line":48,"column":23},"end":{"line":48,"column":56}}],"line":48},"8":{"loc":{"start":{"line":50,"column":11},"end":{"line":52,"column":5}},"type":"if","locations":[{"start":{"line":50,"column":11},"end":{"line":52,"column":5}},{"start":{},"end":{}}],"line":50},"9":{"loc":{"start":{"line":54,"column":4},"end":{"line":58,"column":5}},"type":"if","locations":[{"start":{"line":54,"column":4},"end":{"line":58,"column":5}},{"start":{},"end":{}}],"line":54},"10":{"loc":{"start":{"line":57,"column":6},"end":{"line":57,"column":32}},"type":"if","locations":[{"start":{"line":57,"column":6},"end":{"line":57,"column":32}},{"start":{},"end":{}}],"line":57}},"s":{"0":2,"1":2,"2":2,"3":4,"4":4,"5":4,"6":4,"7":4,"8":4,"9":0,"10":0,"11":4,"12":0,"13":4,"14":4,"15":4,"16":0,"17":4,"18":4,"19":0,"20":2,"21":0,"22":0,"23":0,"24":0,"25":0,"26":0,"27":2,"28":2,"29":2,"30":2,"31":2,"32":2,"33":1,"34":1,"35":0,"36":2,"37":1,"38":1,"39":1,"40":1,"41":2,"42":0,"43":2},"f":{"0":4,"1":0,"2":0,"3":2},"b":{"0":[4,0],"1":[4,4],"2":[0,0],"3":[0,4],"4":[0,4],"5":[0,0],"6":[1,1],"7":[2,1],"8":[0,1],"9":[1,1],"10":[1,0]},"_coverageSchema":"1a1c01bbd47fc00a2c39e90264f33305004495a9","hash":"31cf34b51cf505b3d1a5ae8c799b8a0433aac769"}
,"/Users/a123/lapida/server/middleware/authMiddleware.js": {"path":"/Users/a123/lapida/server/middleware/authMiddleware.js","statementMap":{"0":{"start":{"line":1,"column":12},"end":{"line":1,"column":35}},"1":{"start":{"line":2,"column":13},"end":{"line":2,"column":38}},"2":{"start":{"line":4,"column":23},"end":{"line":47,"column":1}},"3":{"start":{"line":5,"column":2},"end":{"line":46,"column":3}},"4":{"start":{"line":6,"column":2},"end":{"line":6,"column":57}},"5":{"start":{"line":7,"column":14},"end":{"line":7,"column":18}},"6":{"start":{"line":8,"column":23},"end":{"line":8,"column":81}},"7":{"start":{"line":9,"column":4},"end":{"line":9,"column":48}},"8":{"start":{"line":10,"column":4},"end":{"line":10,"column":53}},"9":{"start":{"line":11,"column":4},"end":{"line":13,"column":5}},"10":{"start":{"line":12,"column":6},"end":{"line":12,"column":48}},"11":{"start":{"line":15,"column":4},"end":{"line":18,"column":5}},"12":{"start":{"line":16,"column":20},"end":{"line":16,"column":69}},"13":{"start":{"line":17,"column":6},"end":{"line":17,"column":34}},"14":{"start":{"line":17,"column":17},"end":{"line":17,"column":34}},"15":{"start":{"line":20,"column":4},"end":{"line":22,"column":5}},"16":{"start":{"line":21,"column":6},"end":{"line":21,"column":29}},"17":{"start":{"line":23,"column":4},"end":{"line":23,"column":66}},"18":{"start":{"line":24,"column":4},"end":{"line":27,"column":5}},"19":{"start":{"line":25,"column":6},"end":{"line":25,"column":46}},"20":{"start":{"line":26,"column":6},"end":{"line":26,"column":78}},"21":{"start":{"line":29,"column":20},"end":{"line":29,"column":73}},"22":{"start":{"line":30,"column":4},"end":{"line":30,"column":43}},"23":{"start":{"line":32,"column":17},"end":{"line":32,"column":72}},"24":{"start":{"line":33,"column":4},"end":{"line":33,"column":62}},"25":{"start":{"line":35,"column":4},"end":{"line":38,"column":5}},"26":{"start":{"line":36,"column":6},"end":{"line":36,"column":53}},"27":{"start":{"line":37,"column":6},"end":{"line":37,"column":71}},"28":{"start":{"line":40,"column":4},"end":{"line":40,"column":20}},"29":{"start":{"line":41,"column":4},"end":{"line":41,"column":40}},"30":{"start":{"line":42,"column":4},"end":{"line":42,"column":11}},"31":{"start":{"line":44,"column":4},"end":{"line":44,"column":58}},"32":{"start":{"line":45,"column":4},"end":{"line":45,"column":62}},"33":{"start":{"line":49,"column":0},"end":{"line":49,"column":32}}},"fnMap":{"0":{"name":"(anonymous_0)","decl":{"start":{"line":4,"column":23},"end":{"line":4,"column":24}},"loc":{"start":{"line":4,"column":49},"end":{"line":47,"column":1}},"line":4}},"branchMap":{"0":{"loc":{"start":{"line":6,"column":29},"end":{"line":6,"column":55}},"type":"binary-expr","locations":[{"start":{"line":6,"column":29},"end":{"line":6,"column":37}},{"start":{"line":6,"column":41},"end":{"line":6,"column":55}}],"line":6},"1":{"loc":{"start":{"line":8,"column":23},"end":{"line":8,"column":81}},"type":"binary-expr","locations":[{"start":{"line":8,"column":23},"end":{"line":8,"column":50}},{"start":{"line":8,"column":54},"end":{"line":8,"column":81}}],"line":8},"2":{"loc":{"start":{"line":11,"column":4},"end":{"line":13,"column":5}},"type":"if","locations":[{"start":{"line":11,"column":4},"end":{"line":13,"column":5}},{"start":{},"end":{}}],"line":11},"3":{"loc":{"start":{"line":11,"column":8},"end":{"line":11,"column":54}},"type":"binary-expr","locations":[{"start":{"line":11,"column":8},"end":{"line":11,"column":18}},{"start":{"line":11,"column":22},"end":{"line":11,"column":54}}],"line":11},"4":{"loc":{"start":{"line":15,"column":4},"end":{"line":18,"column":5}},"type":"if","locations":[{"start":{"line":15,"column":4},"end":{"line":18,"column":5}},{"start":{},"end":{}}],"line":15},"5":{"loc":{"start":{"line":15,"column":8},"end":{"line":15,"column":36}},"type":"binary-expr","locations":[{"start":{"line":15,"column":8},"end":{"line":15,"column":14}},{"start":{"line":15,"column":18},"end":{"line":15,"column":36}}],"line":15},"6":{"loc":{"start":{"line":17,"column":6},"end":{"line":17,"column":34}},"type":"if","locations":[{"start":{"line":17,"column":6},"end":{"line":17,"column":34}},{"start":{},"end":{}}],"line":17},"7":{"loc":{"start":{"line":20,"column":4},"end":{"line":22,"column":5}},"type":"if","locations":[{"start":{"line":20,"column":4},"end":{"line":22,"column":5}},{"start":{},"end":{}}],"line":20},"8":{"loc":{"start":{"line":20,"column":8},"end":{"line":20,"column":44}},"type":"binary-expr","locations":[{"start":{"line":20,"column":8},"end":{"line":20,"column":14}},{"start":{"line":20,"column":18},"end":{"line":20,"column":26}},{"start":{"line":20,"column":30},"end":{"line":20,"column":44}}],"line":20},"9":{"loc":{"start":{"line":23,"column":36},"end":{"line":23,"column":64}},"type":"cond-expr","locations":[{"start":{"line":23,"column":44},"end":{"line":23,"column":52}},{"start":{"line":23,"column":55},"end":{"line":23,"column":64}}],"line":23},"10":{"loc":{"start":{"line":24,"column":4},"end":{"line":27,"column":5}},"type":"if","locations":[{"start":{"line":24,"column":4},"end":{"line":27,"column":5}},{"start":{},"end":{}}],"line":24},"11":{"loc":{"start":{"line":29,"column":38},"end":{"line":29,"column":72}},"type":"binary-expr","locations":[{"start":{"line":29,"column":38},"end":{"line":29,"column":60}},{"start":{"line":29,"column":64},"end":{"line":29,"column":72}}],"line":29},"12":{"loc":{"start":{"line":33,"column":31},"end":{"line":33,"column":60}},"type":"cond-expr","locations":[{"start":{"line":33,"column":38},"end":{"line":33,"column":46}},{"start":{"line":33,"column":49},"end":{"line":33,"column":60}}],"line":33},"13":{"loc":{"start":{"line":35,"column":4},"end":{"line":38,"column":5}},"type":"if","locations":[{"start":{"line":35,"column":4},"end":{"line":38,"column":5}},{"start":{},"end":{}}],"line":35}},"s":{"0":2,"1":2,"2":2,"3":5,"4":5,"5":5,"6":5,"7":5,"8":5,"9":5,"10":4,"11":5,"12":0,"13":0,"14":0,"15":5,"16":0,"17":5,"18":5,"19":1,"20":1,"21":4,"22":4,"23":4,"24":4,"25":4,"26":0,"27":0,"28":4,"29":4,"30":4,"31":0,"32":0,"33":2},"f":{"0":5},"b":{"0":[5,5],"1":[5,1],"2":[4,1],"3":[5,4],"4":[0,5],"5":[5,1],"6":[0,0],"7":[0,5],"8":[5,1,1],"9":[4,1],"10":[1,4],"11":[4,0],"12":[4,0],"13":[0,4]},"_coverageSchema":"1a1c01bbd47fc00a2c39e90264f33305004495a9","hash":"bba9228063e62e0bcf173c35ac67cadf1246b88d"}
,"/Users/a123/lapida/server/middleware/cache.js": {"path":"/Users/a123/lapida/server/middleware/cache.js","statementMap":{"0":{"start":{"line":1,"column":23},"end":{"line":1,"column":49}},"1":{"start":{"line":9,"column":24},"end":{"line":57,"column":1}},"2":{"start":{"line":10,"column":2},"end":{"line":56,"column":4}},"3":{"start":{"line":12,"column":4},"end":{"line":14,"column":5}},"4":{"start":{"line":13,"column":6},"end":{"line":13,"column":20}},"5":{"start":{"line":17,"column":21},"end":{"line":19,"column":45}},"6":{"start":{"line":21,"column":4},"end":{"line":55,"column":5}},"7":{"start":{"line":23,"column":25},"end":{"line":23,"column":55}},"8":{"start":{"line":25,"column":6},"end":{"line":32,"column":7}},"9":{"start":{"line":26,"column":8},"end":{"line":26,"column":49}},"10":{"start":{"line":27,"column":8},"end":{"line":31,"column":11}},"11":{"start":{"line":34,"column":6},"end":{"line":34,"column":48}},"12":{"start":{"line":37,"column":27},"end":{"line":37,"column":45}},"13":{"start":{"line":39,"column":6},"end":{"line":48,"column":8}},"14":{"start":{"line":41,"column":8},"end":{"line":45,"column":9}},"15":{"start":{"line":42,"column":10},"end":{"line":44,"column":13}},"16":{"start":{"line":43,"column":12},"end":{"line":43,"column":59}},"17":{"start":{"line":47,"column":8},"end":{"line":47,"column":34}},"18":{"start":{"line":50,"column":6},"end":{"line":50,"column":13}},"19":{"start":{"line":52,"column":6},"end":{"line":52,"column":62}},"20":{"start":{"line":54,"column":6},"end":{"line":54,"column":13}},"21":{"start":{"line":64,"column":24},"end":{"line":101,"column":1}},"22":{"start":{"line":65,"column":2},"end":{"line":100,"column":4}},"23":{"start":{"line":67,"column":25},"end":{"line":67,"column":43}},"24":{"start":{"line":69,"column":4},"end":{"line":97,"column":6}},"25":{"start":{"line":71,"column":6},"end":{"line":94,"column":7}},"26":{"start":{"line":74,"column":8},"end":{"line":93,"column":9}},"27":{"start":{"line":75,"column":33},"end":{"line":75,"column":35}},"28":{"start":{"line":77,"column":10},"end":{"line":83,"column":11}},"29":{"start":{"line":78,"column":12},"end":{"line":78,"column":51}},"30":{"start":{"line":79,"column":17},"end":{"line":83,"column":11}},"31":{"start":{"line":80,"column":12},"end":{"line":80,"column":40}},"32":{"start":{"line":82,"column":12},"end":{"line":82,"column":42}},"33":{"start":{"line":85,"column":10},"end":{"line":90,"column":11}},"34":{"start":{"line":86,"column":33},"end":{"line":86,"column":69}},"35":{"start":{"line":87,"column":12},"end":{"line":89,"column":13}},"36":{"start":{"line":88,"column":14},"end":{"line":88,"column":85}},"37":{"start":{"line":92,"column":10},"end":{"line":92,"column":68}},"38":{"start":{"line":96,"column":6},"end":{"line":96,"column":32}},"39":{"start":{"line":99,"column":4},"end":{"line":99,"column":11}},"40":{"start":{"line":106,"column":18},"end":{"line":135,"column":1}},"41":{"start":{"line":108,"column":20},"end":{"line":108,"column":42}},"42":{"start":{"line":109,"column":24},"end":{"line":109,"column":66}},"43":{"start":{"line":110,"column":23},"end":{"line":110,"column":42}},"44":{"start":{"line":113,"column":19},"end":{"line":113,"column":40}},"45":{"start":{"line":114,"column":27},"end":{"line":114,"column":55}},"46":{"start":{"line":115,"column":24},"end":{"line":115,"column":66}},"47":{"start":{"line":116,"column":23},"end":{"line":116,"column":42}},"48":{"start":{"line":119,"column":19},"end":{"line":119,"column":40}},"49":{"start":{"line":120,"column":27},"end":{"line":120,"column":64}},"50":{"start":{"line":121,"column":22},"end":{"line":121,"column":40}},"51":{"start":{"line":124,"column":17},"end":{"line":124,"column":36}},"52":{"start":{"line":125,"column":22},"end":{"line":125,"column":51}},"53":{"start":{"line":126,"column":20},"end":{"line":126,"column":36}},"54":{"start":{"line":129,"column":16},"end":{"line":129,"column":34}},"55":{"start":{"line":130,"column":19},"end":{"line":130,"column":34}},"56":{"start":{"line":133,"column":28},"end":{"line":133,"column":67}},"57":{"start":{"line":134,"column":22},"end":{"line":134,"column":40}},"58":{"start":{"line":137,"column":0},"end":{"line":142,"column":2}}},"fnMap":{"0":{"name":"(anonymous_0)","decl":{"start":{"line":9,"column":24},"end":{"line":9,"column":25}},"loc":{"start":{"line":9,"column":60},"end":{"line":57,"column":1}},"line":9},"1":{"name":"(anonymous_1)","decl":{"start":{"line":10,"column":9},"end":{"line":10,"column":10}},"loc":{"start":{"line":10,"column":35},"end":{"line":56,"column":3}},"line":10},"2":{"name":"(anonymous_2)","decl":{"start":{"line":39,"column":17},"end":{"line":39,"column":18}},"loc":{"start":{"line":39,"column":27},"end":{"line":48,"column":7}},"line":39},"3":{"name":"(anonymous_3)","decl":{"start":{"line":42,"column":52},"end":{"line":42,"column":53}},"loc":{"start":{"line":42,"column":59},"end":{"line":44,"column":11}},"line":42},"4":{"name":"(anonymous_4)","decl":{"start":{"line":64,"column":24},"end":{"line":64,"column":25}},"loc":{"start":{"line":64,"column":38},"end":{"line":101,"column":1}},"line":64},"5":{"name":"(anonymous_5)","decl":{"start":{"line":65,"column":9},"end":{"line":65,"column":10}},"loc":{"start":{"line":65,"column":35},"end":{"line":100,"column":3}},"line":65},"6":{"name":"(anonymous_6)","decl":{"start":{"line":69,"column":15},"end":{"line":69,"column":16}},"loc":{"start":{"line":69,"column":31},"end":{"line":97,"column":5}},"line":69},"7":{"name":"(anonymous_7)","decl":{"start":{"line":108,"column":12},"end":{"line":108,"column":13}},"loc":{"start":{"line":108,"column":20},"end":{"line":108,"column":42}},"line":108},"8":{"name":"(anonymous_8)","decl":{"start":{"line":109,"column":13},"end":{"line":109,"column":14}},"loc":{"start":{"line":109,"column":24},"end":{"line":109,"column":66}},"line":109},"9":{"name":"(anonymous_9)","decl":{"start":{"line":110,"column":17},"end":{"line":110,"column":18}},"loc":{"start":{"line":110,"column":23},"end":{"line":110,"column":42}},"line":110},"10":{"name":"(anonymous_10)","decl":{"start":{"line":113,"column":11},"end":{"line":113,"column":12}},"loc":{"start":{"line":113,"column":19},"end":{"line":113,"column":40}},"line":113},"11":{"name":"(anonymous_11)","decl":{"start":{"line":114,"column":17},"end":{"line":114,"column":18}},"loc":{"start":{"line":114,"column":27},"end":{"line":114,"column":55}},"line":114},"12":{"name":"(anonymous_12)","decl":{"start":{"line":115,"column":13},"end":{"line":115,"column":14}},"loc":{"start":{"line":115,"column":24},"end":{"line":115,"column":66}},"line":115},"13":{"name":"(anonymous_13)","decl":{"start":{"line":116,"column":17},"end":{"line":116,"column":18}},"loc":{"start":{"line":116,"column":23},"end":{"line":116,"column":42}},"line":116},"14":{"name":"(anonymous_14)","decl":{"start":{"line":119,"column":11},"end":{"line":119,"column":12}},"loc":{"start":{"line":119,"column":19},"end":{"line":119,"column":40}},"line":119},"15":{"name":"(anonymous_15)","decl":{"start":{"line":120,"column":12},"end":{"line":120,"column":13}},"loc":{"start":{"line":120,"column":27},"end":{"line":120,"column":64}},"line":120},"16":{"name":"(anonymous_16)","decl":{"start":{"line":121,"column":16},"end":{"line":121,"column":17}},"loc":{"start":{"line":121,"column":22},"end":{"line":121,"column":40}},"line":121},"17":{"name":"(anonymous_17)","decl":{"start":{"line":124,"column":9},"end":{"line":124,"column":10}},"loc":{"start":{"line":124,"column":17},"end":{"line":124,"column":36}},"line":124},"18":{"name":"(anonymous_18)","decl":{"start":{"line":125,"column":10},"end":{"line":125,"column":11}},"loc":{"start":{"line":125,"column":22},"end":{"line":125,"column":51}},"line":125},"19":{"name":"(anonymous_19)","decl":{"start":{"line":126,"column":14},"end":{"line":126,"column":15}},"loc":{"start":{"line":126,"column":20},"end":{"line":126,"column":36}},"line":126},"20":{"name":"(anonymous_20)","decl":{"start":{"line":129,"column":8},"end":{"line":129,"column":9}},"loc":{"start":{"line":129,"column":16},"end":{"line":129,"column":34}},"line":129},"21":{"name":"(anonymous_21)","decl":{"start":{"line":130,"column":13},"end":{"line":130,"column":14}},"loc":{"start":{"line":130,"column":19},"end":{"line":130,"column":34}},"line":130},"22":{"name":"(anonymous_22)","decl":{"start":{"line":133,"column":12},"end":{"line":133,"column":13}},"loc":{"start":{"line":133,"column":28},"end":{"line":133,"column":67}},"line":133},"23":{"name":"(anonymous_23)","decl":{"start":{"line":134,"column":16},"end":{"line":134,"column":17}},"loc":{"start":{"line":134,"column":22},"end":{"line":134,"column":40}},"line":134}},"branchMap":{"0":{"loc":{"start":{"line":9,"column":25},"end":{"line":9,"column":34}},"type":"default-arg","locations":[{"start":{"line":9,"column":31},"end":{"line":9,"column":34}}],"line":9},"1":{"loc":{"start":{"line":9,"column":36},"end":{"line":9,"column":55}},"type":"default-arg","locations":[{"start":{"line":9,"column":51},"end":{"line":9,"column":55}}],"line":9},"2":{"loc":{"start":{"line":12,"column":4},"end":{"line":14,"column":5}},"type":"if","locations":[{"start":{"line":12,"column":4},"end":{"line":14,"column":5}},{"start":{},"end":{}}],"line":12},"3":{"loc":{"start":{"line":17,"column":21},"end":{"line":19,"column":45}},"type":"cond-expr","locations":[{"start":{"line":18,"column":8},"end":{"line":18,"column":25}},{"start":{"line":19,"column":8},"end":{"line":19,"column":45}}],"line":17},"4":{"loc":{"start":{"line":19,"column":17},"end":{"line":19,"column":43}},"type":"binary-expr","locations":[{"start":{"line":19,"column":17},"end":{"line":19,"column":32}},{"start":{"line":19,"column":36},"end":{"line":19,"column":43}}],"line":19},"5":{"loc":{"start":{"line":25,"column":6},"end":{"line":32,"column":7}},"type":"if","locations":[{"start":{"line":25,"column":6},"end":{"line":32,"column":7}},{"start":{},"end":{}}],"line":25},"6":{"loc":{"start":{"line":41,"column":8},"end":{"line":45,"column":9}},"type":"if","locations":[{"start":{"line":41,"column":8},"end":{"line":45,"column":9}},{"start":{},"end":{}}],"line":41},"7":{"loc":{"start":{"line":41,"column":12},"end":{"line":41,"column":57}},"type":"binary-expr","locations":[{"start":{"line":41,"column":12},"end":{"line":41,"column":33}},{"start":{"line":41,"column":37},"end":{"line":41,"column":57}}],"line":41},"8":{"loc":{"start":{"line":71,"column":6},"end":{"line":94,"column":7}},"type":"if","locations":[{"start":{"line":71,"column":6},"end":{"line":94,"column":7}},{"start":{},"end":{}}],"line":71},"9":{"loc":{"start":{"line":71,"column":10},"end":{"line":72,"column":65}},"type":"binary-expr","locations":[{"start":{"line":71,"column":10},"end":{"line":71,"column":31}},{"start":{"line":71,"column":35},"end":{"line":71,"column":55}},{"start":{"line":72,"column":10},"end":{"line":72,"column":65}}],"line":71},"10":{"loc":{"start":{"line":77,"column":10},"end":{"line":83,"column":11}},"type":"if","locations":[{"start":{"line":77,"column":10},"end":{"line":83,"column":11}},{"start":{"line":79,"column":17},"end":{"line":83,"column":11}}],"line":77},"11":{"loc":{"start":{"line":79,"column":17},"end":{"line":83,"column":11}},"type":"if","locations":[{"start":{"line":79,"column":17},"end":{"line":83,"column":11}},{"start":{"line":81,"column":17},"end":{"line":83,"column":11}}],"line":79},"12":{"loc":{"start":{"line":87,"column":12},"end":{"line":89,"column":13}},"type":"if","locations":[{"start":{"line":87,"column":12},"end":{"line":89,"column":13}},{"start":{},"end":{}}],"line":87}},"s":{"0":0,"1":0,"2":0,"3":0,"4":0,"5":0,"6":0,"7":0,"8":0,"9":0,"10":0,"11":0,"12":0,"13":0,"14":0,"15":0,"16":0,"17":0,"18":0,"19":0,"20":0,"21":0,"22":0,"23":0,"24":0,"25":0,"26":0,"27":0,"28":0,"29":0,"30":0,"31":0,"32":0,"33":0,"34":0,"35":0,"36":0,"37":0,"38":0,"39":0,"40":0,"41":0,"42":0,"43":0,"44":0,"45":0,"46":0,"47":0,"48":0,"49":0,"50":0,"51":0,"52":0,"53":0,"54":0,"55":0,"56":0,"57":0,"58":0},"f":{"0":0,"1":0,"2":0,"3":0,"4":0,"5":0,"6":0,"7":0,"8":0,"9":0,"10":0,"11":0,"12":0,"13":0,"14":0,"15":0,"16":0,"17":0,"18":0,"19":0,"20":0,"21":0,"22":0,"23":0},"b":{"0":[0],"1":[0],"2":[0,0],"3":[0,0],"4":[0,0],"5":[0,0],"6":[0,0],"7":[0,0],"8":[0,0],"9":[0,0,0],"10":[0,0],"11":[0,0],"12":[0,0]}}
,"/Users/a123/lapida/server/middleware/csrf.js": {"path":"/Users/a123/lapida/server/middleware/csrf.js","statementMap":{"0":{"start":{"line":4,"column":15},"end":{"line":4,"column":32}},"1":{"start":{"line":7,"column":26},"end":{"line":9,"column":1}},"2":{"start":{"line":8,"column":2},"end":{"line":8,"column":48}},"3":{"start":{"line":11,"column":15},"end":{"line":11,"column":46}},"4":{"start":{"line":14,"column":23},"end":{"line":74,"column":1}},"5":{"start":{"line":16,"column":2},"end":{"line":27,"column":3}},"6":{"start":{"line":17,"column":18},"end":{"line":17,"column":37}},"7":{"start":{"line":18,"column":21},"end":{"line":18,"column":79}},"8":{"start":{"line":19,"column":4},"end":{"line":25,"column":7}},"9":{"start":{"line":26,"column":4},"end":{"line":26,"column":26}},"10":{"start":{"line":29,"column":2},"end":{"line":31,"column":3}},"11":{"start":{"line":30,"column":4},"end":{"line":30,"column":18}},"12":{"start":{"line":33,"column":2},"end":{"line":46,"column":3}},"13":{"start":{"line":34,"column":18},"end":{"line":34,"column":37}},"14":{"start":{"line":37,"column":21},"end":{"line":37,"column":79}},"15":{"start":{"line":38,"column":4},"end":{"line":44,"column":7}},"16":{"start":{"line":45,"column":4},"end":{"line":45,"column":26}},"17":{"start":{"line":49,"column":2},"end":{"line":71,"column":3}},"18":{"start":{"line":51,"column":4},"end":{"line":53,"column":5}},"19":{"start":{"line":52,"column":6},"end":{"line":52,"column":20}},"20":{"start":{"line":56,"column":26},"end":{"line":56,"column":87}},"21":{"start":{"line":57,"column":4},"end":{"line":59,"column":5}},"22":{"start":{"line":57,"column":35},"end":{"line":57,"column":58}},"23":{"start":{"line":58,"column":6},"end":{"line":58,"column":20}},"24":{"start":{"line":61,"column":24},"end":{"line":61,"column":49}},"25":{"start":{"line":62,"column":24},"end":{"line":62,"column":82}},"26":{"start":{"line":64,"column":4},"end":{"line":70,"column":5}},"27":{"start":{"line":65,"column":6},"end":{"line":65,"column":90}},"28":{"start":{"line":66,"column":6},"end":{"line":69,"column":9}},"29":{"start":{"line":73,"column":2},"end":{"line":73,"column":9}},"30":{"start":{"line":77,"column":21},"end":{"line":82,"column":1}},"31":{"start":{"line":78,"column":2},"end":{"line":81,"column":5}},"32":{"start":{"line":84,"column":0},"end":{"line":87,"column":2}}},"fnMap":{"0":{"name":"(anonymous_0)","decl":{"start":{"line":7,"column":26},"end":{"line":7,"column":27}},"loc":{"start":{"line":7,"column":32},"end":{"line":9,"column":1}},"line":7},"1":{"name":"(anonymous_1)","decl":{"start":{"line":14,"column":23},"end":{"line":14,"column":24}},"loc":{"start":{"line":14,"column":43},"end":{"line":74,"column":1}},"line":14},"2":{"name":"(anonymous_2)","decl":{"start":{"line":57,"column":27},"end":{"line":57,"column":28}},"loc":{"start":{"line":57,"column":35},"end":{"line":57,"column":58}},"line":57},"3":{"name":"(anonymous_3)","decl":{"start":{"line":77,"column":21},"end":{"line":77,"column":22}},"loc":{"start":{"line":77,"column":35},"end":{"line":82,"column":1}},"line":77}},"branchMap":{"0":{"loc":{"start":{"line":16,"column":2},"end":{"line":27,"column":3}},"type":"if","locations":[{"start":{"line":16,"column":2},"end":{"line":27,"column":3}},{"start":{},"end":{}}],"line":16},"1":{"loc":{"start":{"line":18,"column":21},"end":{"line":18,"column":79}},"type":"binary-expr","locations":[{"start":{"line":18,"column":21},"end":{"line":18,"column":31}},{"start":{"line":18,"column":35},"end":{"line":18,"column":79}}],"line":18},"2":{"loc":{"start":{"line":22,"column":16},"end":{"line":22,"column":41}},"type":"cond-expr","locations":[{"start":{"line":22,"column":27},"end":{"line":22,"column":33}},{"start":{"line":22,"column":36},"end":{"line":22,"column":41}}],"line":22},"3":{"loc":{"start":{"line":29,"column":2},"end":{"line":31,"column":3}},"type":"if","locations":[{"start":{"line":29,"column":2},"end":{"line":31,"column":3}},{"start":{},"end":{}}],"line":29},"4":{"loc":{"start":{"line":33,"column":2},"end":{"line":46,"column":3}},"type":"if","locations":[{"start":{"line":33,"column":2},"end":{"line":46,"column":3}},{"start":{},"end":{}}],"line":33},"5":{"loc":{"start":{"line":37,"column":21},"end":{"line":37,"column":79}},"type":"binary-expr","locations":[{"start":{"line":37,"column":21},"end":{"line":37,"column":31}},{"start":{"line":37,"column":35},"end":{"line":37,"column":79}}],"line":37},"6":{"loc":{"start":{"line":41,"column":16},"end":{"line":41,"column":41}},"type":"cond-expr","locations":[{"start":{"line":41,"column":27},"end":{"line":41,"column":33}},{"start":{"line":41,"column":36},"end":{"line":41,"column":41}}],"line":41},"7":{"loc":{"start":{"line":49,"column":2},"end":{"line":71,"column":3}},"type":"if","locations":[{"start":{"line":49,"column":2},"end":{"line":71,"column":3}},{"start":{},"end":{}}],"line":49},"8":{"loc":{"start":{"line":51,"column":4},"end":{"line":53,"column":5}},"type":"if","locations":[{"start":{"line":51,"column":4},"end":{"line":53,"column":5}},{"start":{},"end":{}}],"line":51},"9":{"loc":{"start":{"line":51,"column":8},"end":{"line":51,"column":84}},"type":"binary-expr","locations":[{"start":{"line":51,"column":8},"end":{"line":51,"column":33}},{"start":{"line":51,"column":37},"end":{"line":51,"column":84}}],"line":51},"10":{"loc":{"start":{"line":57,"column":4},"end":{"line":59,"column":5}},"type":"if","locations":[{"start":{"line":57,"column":4},"end":{"line":59,"column":5}},{"start":{},"end":{}}],"line":57},"11":{"loc":{"start":{"line":62,"column":24},"end":{"line":62,"column":82}},"type":"binary-expr","locations":[{"start":{"line":62,"column":24},"end":{"line":62,"column":51}},{"start":{"line":62,"column":55},"end":{"line":62,"column":82}}],"line":62},"12":{"loc":{"start":{"line":64,"column":4},"end":{"line":70,"column":5}},"type":"if","locations":[{"start":{"line":64,"column":4},"end":{"line":70,"column":5}},{"start":{},"end":{}}],"line":64},"13":{"loc":{"start":{"line":64,"column":8},"end":{"line":64,"column":67}},"type":"binary-expr","locations":[{"start":{"line":64,"column":8},"end":{"line":64,"column":20}},{"start":{"line":64,"column":24},"end":{"line":64,"column":36}},{"start":{"line":64,"column":40},"end":{"line":64,"column":67}}],"line":64}},"s":{"0":2,"1":2,"2":15,"3":2,"4":2,"5":37,"6":15,"7":15,"8":15,"9":15,"10":37,"11":37,"12":0,"13":0,"14":0,"15":0,"16":0,"17":0,"18":0,"19":0,"20":0,"21":0,"22":0,"23":0,"24":0,"25":0,"26":0,"27":0,"28":0,"29":0,"30":2,"31":5,"32":2},"f":{"0":15,"1":37,"2":0,"3":5},"b":{"0":[15,22],"1":[15,15],"2":[0,15],"3":[37,0],"4":[0,0],"5":[0,0],"6":[0,0],"7":[0,0],"8":[0,0],"9":[0,0],"10":[0,0],"11":[0,0],"12":[0,0],"13":[0,0,0]},"_coverageSchema":"1a1c01bbd47fc00a2c39e90264f33305004495a9","hash":"e1aa391dc94c68cb051baf37181af5b1bde399f0"}
,"/Users/a123/lapida/server/middleware/imageOptimization.js": {"path":"/Users/a123/lapida/server/middleware/imageOptimization.js","statementMap":{"0":{"start":{"line":1,"column":14},"end":{"line":1,"column":30}},"1":{"start":{"line":2,"column":13},"end":{"line":2,"column":28}},"2":{"start":{"line":3,"column":11},"end":{"line":3,"column":33}},"3":{"start":{"line":8,"column":20},"end":{"line":30,"column":1}},"4":{"start":{"line":39,"column":22},"end":{"line":134,"column":1}},"5":{"start":{"line":40,"column":2},"end":{"line":133,"column":3}},"6":{"start":{"line":46,"column":8},"end":{"line":46,"column":15}},"7":{"start":{"line":49,"column":24},"end":{"line":49,"column":36}},"8":{"start":{"line":50,"column":21},"end":{"line":50,"column":51}},"9":{"start":{"line":53,"column":4},"end":{"line":55,"column":5}},"10":{"start":{"line":54,"column":6},"end":{"line":54,"column":147}},"11":{"start":{"line":57,"column":20},"end":{"line":57,"column":22}},"12":{"start":{"line":58,"column":16},"end":{"line":58,"column":40}},"13":{"start":{"line":59,"column":21},"end":{"line":59,"column":72}},"14":{"start":{"line":62,"column":4},"end":{"line":62,"column":45}},"15":{"start":{"line":65,"column":4},"end":{"line":113,"column":5}},"16":{"start":{"line":66,"column":25},"end":{"line":66,"column":51}},"17":{"start":{"line":68,"column":6},"end":{"line":112,"column":7}},"18":{"start":{"line":69,"column":23},"end":{"line":69,"column":66}},"19":{"start":{"line":70,"column":27},"end":{"line":70,"column":75}},"20":{"start":{"line":72,"column":8},"end":{"line":72,"column":37}},"21":{"start":{"line":75,"column":8},"end":{"line":80,"column":9}},"22":{"start":{"line":76,"column":10},"end":{"line":79,"column":13}},"23":{"start":{"line":83,"column":8},"end":{"line":99,"column":9}},"24":{"start":{"line":84,"column":10},"end":{"line":88,"column":13}},"25":{"start":{"line":89,"column":15},"end":{"line":99,"column":9}},"26":{"start":{"line":90,"column":10},"end":{"line":93,"column":13}},"27":{"start":{"line":94,"column":15},"end":{"line":99,"column":9}},"28":{"start":{"line":95,"column":10},"end":{"line":98,"column":13}},"29":{"start":{"line":102,"column":8},"end":{"line":102,"column":47}},"30":{"start":{"line":104,"column":22},"end":{"line":104,"column":47}},"31":{"start":{"line":105,"column":8},"end":{"line":111,"column":11}},"32":{"start":{"line":116,"column":22},"end":{"line":116,"column":69}},"33":{"start":{"line":116,"column":49},"end":{"line":116,"column":65}},"34":{"start":{"line":117,"column":4},"end":{"line":117,"column":121}},"35":{"start":{"line":119,"column":4},"end":{"line":128,"column":6}},"36":{"start":{"line":131,"column":4},"end":{"line":131,"column":68}},"37":{"start":{"line":132,"column":4},"end":{"line":132,"column":16}},"38":{"start":{"line":140,"column":31},"end":{"line":202,"column":1}},"39":{"start":{"line":141,"column":2},"end":{"line":201,"column":4}},"40":{"start":{"line":142,"column":4},"end":{"line":200,"column":5}},"41":{"start":{"line":144,"column":6},"end":{"line":146,"column":7}},"42":{"start":{"line":145,"column":8},"end":{"line":145,"column":22}},"43":{"start":{"line":148,"column":20},"end":{"line":148,"column":117}},"44":{"start":{"line":149,"column":29},"end":{"line":149,"column":31}},"45":{"start":{"line":151,"column":6},"end":{"line":178,"column":7}},"46":{"start":{"line":153,"column":8},"end":{"line":156,"column":9}},"47":{"start":{"line":154,"column":10},"end":{"line":154,"column":36}},"48":{"start":{"line":155,"column":10},"end":{"line":155,"column":19}},"49":{"start":{"line":158,"column":8},"end":{"line":177,"column":9}},"50":{"start":{"line":159,"column":25},"end":{"line":167,"column":11}},"51":{"start":{"line":170,"column":10},"end":{"line":170,"column":42}},"52":{"start":{"line":171,"column":10},"end":{"line":171,"column":36}},"53":{"start":{"line":174,"column":10},"end":{"line":174,"column":83}},"54":{"start":{"line":176,"column":10},"end":{"line":176,"column":36}},"55":{"start":{"line":181,"column":6},"end":{"line":183,"column":7}},"56":{"start":{"line":182,"column":8},"end":{"line":182,"column":37}},"57":{"start":{"line":184,"column":6},"end":{"line":193,"column":7}},"58":{"start":{"line":185,"column":8},"end":{"line":192,"column":9}},"59":{"start":{"line":186,"column":10},"end":{"line":186,"column":37}},"60":{"start":{"line":189,"column":10},"end":{"line":191,"column":13}},"61":{"start":{"line":190,"column":12},"end":{"line":190,"column":51}},"62":{"start":{"line":195,"column":6},"end":{"line":195,"column":13}},"63":{"start":{"line":198,"column":6},"end":{"line":198,"column":81}},"64":{"start":{"line":199,"column":6},"end":{"line":199,"column":18}},"65":{"start":{"line":211,"column":24},"end":{"line":234,"column":1}},"66":{"start":{"line":212,"column":2},"end":{"line":233,"column":3}},"67":{"start":{"line":213,"column":4},"end":{"line":218,"column":5}},"68":{"start":{"line":214,"column":18},"end":{"line":214,"column":41}},"69":{"start":{"line":215,"column":23},"end":{"line":215,"column":72}},"70":{"start":{"line":216,"column":18},"end":{"line":216,"column":41}},"71":{"start":{"line":217,"column":6},"end":{"line":217,"column":61}},"72":{"start":{"line":220,"column":4},"end":{"line":226,"column":26}},"73":{"start":{"line":228,"column":4},"end":{"line":228,"column":22}},"74":{"start":{"line":231,"column":4},"end":{"line":231,"column":63}},"75":{"start":{"line":232,"column":4},"end":{"line":232,"column":16}},"76":{"start":{"line":242,"column":22},"end":{"line":258,"column":1}},"77":{"start":{"line":243,"column":2},"end":{"line":257,"column":3}},"78":{"start":{"line":244,"column":4},"end":{"line":246,"column":5}},"79":{"start":{"line":245,"column":6},"end":{"line":245,"column":58}},"80":{"start":{"line":248,"column":4},"end":{"line":250,"column":26}},"81":{"start":{"line":252,"column":4},"end":{"line":252,"column":22}},"82":{"start":{"line":255,"column":4},"end":{"line":255,"column":63}},"83":{"start":{"line":256,"column":4},"end":{"line":256,"column":16}},"84":{"start":{"line":265,"column":21},"end":{"line":285,"column":1}},"85":{"start":{"line":266,"column":2},"end":{"line":284,"column":3}},"86":{"start":{"line":267,"column":21},"end":{"line":267,"column":54}},"87":{"start":{"line":268,"column":18},"end":{"line":268,"column":42}},"88":{"start":{"line":270,"column":4},"end":{"line":279,"column":6}},"89":{"start":{"line":282,"column":4},"end":{"line":282,"column":80}},"90":{"start":{"line":283,"column":4},"end":{"line":283,"column":16}},"91":{"start":{"line":293,"column":26},"end":{"line":325,"column":1}},"92":{"start":{"line":294,"column":2},"end":{"line":324,"column":3}},"93":{"start":{"line":295,"column":18},"end":{"line":295,"column":45}},"94":{"start":{"line":296,"column":23},"end":{"line":299,"column":6}},"95":{"start":{"line":297,"column":18},"end":{"line":297,"column":50}},"96":{"start":{"line":298,"column":6},"end":{"line":298,"column":62}},"97":{"start":{"line":301,"column":4},"end":{"line":301,"column":85}},"98":{"start":{"line":303,"column":20},"end":{"line":303,"column":22}},"99":{"start":{"line":305,"column":4},"end":{"line":314,"column":5}},"100":{"start":{"line":306,"column":24},"end":{"line":306,"column":50}},"101":{"start":{"line":307,"column":6},"end":{"line":313,"column":7}},"102":{"start":{"line":308,"column":23},"end":{"line":308,"column":73}},"103":{"start":{"line":309,"column":8},"end":{"line":309,"column":42}},"104":{"start":{"line":311,"column":8},"end":{"line":311,"column":66}},"105":{"start":{"line":312,"column":8},"end":{"line":312,"column":69}},"106":{"start":{"line":316,"column":25},"end":{"line":316,"column":62}},"107":{"start":{"line":316,"column":45},"end":{"line":316,"column":54}},"108":{"start":{"line":317,"column":4},"end":{"line":317,"column":86}},"109":{"start":{"line":319,"column":4},"end":{"line":319,"column":19}},"110":{"start":{"line":322,"column":4},"end":{"line":322,"column":67}},"111":{"start":{"line":323,"column":4},"end":{"line":323,"column":16}},"112":{"start":{"line":327,"column":0},"end":{"line":335,"column":2}}},"fnMap":{"0":{"name":"(anonymous_0)","decl":{"start":{"line":39,"column":22},"end":{"line":39,"column":23}},"loc":{"start":{"line":39,"column":65},"end":{"line":134,"column":1}},"line":39},"1":{"name":"(anonymous_1)","decl":{"start":{"line":116,"column":37},"end":{"line":116,"column":38}},"loc":{"start":{"line":116,"column":49},"end":{"line":116,"column":65}},"line":116},"2":{"name":"(anonymous_2)","decl":{"start":{"line":140,"column":31},"end":{"line":140,"column":32}},"loc":{"start":{"line":140,"column":49},"end":{"line":202,"column":1}},"line":140},"3":{"name":"(anonymous_3)","decl":{"start":{"line":141,"column":9},"end":{"line":141,"column":10}},"loc":{"start":{"line":141,"column":35},"end":{"line":201,"column":3}},"line":141},"4":{"name":"(anonymous_4)","decl":{"start":{"line":189,"column":41},"end":{"line":189,"column":42}},"loc":{"start":{"line":189,"column":57},"end":{"line":191,"column":11}},"line":189},"5":{"name":"(anonymous_5)","decl":{"start":{"line":211,"column":24},"end":{"line":211,"column":25}},"loc":{"start":{"line":211,"column":76},"end":{"line":234,"column":1}},"line":211},"6":{"name":"(anonymous_6)","decl":{"start":{"line":242,"column":22},"end":{"line":242,"column":23}},"loc":{"start":{"line":242,"column":62},"end":{"line":258,"column":1}},"line":242},"7":{"name":"(anonymous_7)","decl":{"start":{"line":265,"column":21},"end":{"line":265,"column":22}},"loc":{"start":{"line":265,"column":42},"end":{"line":285,"column":1}},"line":265},"8":{"name":"(anonymous_8)","decl":{"start":{"line":293,"column":26},"end":{"line":293,"column":27}},"loc":{"start":{"line":293,"column":61},"end":{"line":325,"column":1}},"line":293},"9":{"name":"(anonymous_9)","decl":{"start":{"line":296,"column":36},"end":{"line":296,"column":37}},"loc":{"start":{"line":296,"column":44},"end":{"line":299,"column":5}},"line":296},"10":{"name":"(anonymous_10)","decl":{"start":{"line":316,"column":40},"end":{"line":316,"column":41}},"loc":{"start":{"line":316,"column":45},"end":{"line":316,"column":54}},"line":316}},"branchMap":{"0":{"loc":{"start":{"line":39,"column":48},"end":{"line":39,"column":60}},"type":"default-arg","locations":[{"start":{"line":39,"column":58},"end":{"line":39,"column":60}}],"line":39},"1":{"loc":{"start":{"line":42,"column":6},"end":{"line":42,"column":24}},"type":"default-arg","locations":[{"start":{"line":42,"column":14},"end":{"line":42,"column":24}}],"line":42},"2":{"loc":{"start":{"line":43,"column":6},"end":{"line":43,"column":35}},"type":"default-arg","locations":[{"start":{"line":43,"column":16},"end":{"line":43,"column":35}}],"line":43},"3":{"loc":{"start":{"line":44,"column":6},"end":{"line":44,"column":35}},"type":"default-arg","locations":[{"start":{"line":44,"column":16},"end":{"line":44,"column":35}}],"line":44},"4":{"loc":{"start":{"line":45,"column":6},"end":{"line":45,"column":26}},"type":"default-arg","locations":[{"start":{"line":45,"column":21},"end":{"line":45,"column":26}}],"line":45},"5":{"loc":{"start":{"line":53,"column":4},"end":{"line":55,"column":5}},"type":"if","locations":[{"start":{"line":53,"column":4},"end":{"line":55,"column":5}},{"start":{},"end":{}}],"line":53},"6":{"loc":{"start":{"line":69,"column":23},"end":{"line":69,"column":66}},"type":"cond-expr","locations":[{"start":{"line":69,"column":48},"end":{"line":69,"column":50}},{"start":{"line":69,"column":53},"end":{"line":69,"column":66}}],"line":69},"7":{"loc":{"start":{"line":75,"column":8},"end":{"line":80,"column":9}},"type":"if","locations":[{"start":{"line":75,"column":8},"end":{"line":80,"column":9}},{"start":{},"end":{}}],"line":75},"8":{"loc":{"start":{"line":77,"column":17},"end":{"line":77,"column":43}},"type":"binary-expr","locations":[{"start":{"line":77,"column":17},"end":{"line":77,"column":31}},{"start":{"line":77,"column":35},"end":{"line":77,"column":43}}],"line":77},"9":{"loc":{"start":{"line":83,"column":8},"end":{"line":99,"column":9}},"type":"if","locations":[{"start":{"line":83,"column":8},"end":{"line":99,"column":9}},{"start":{"line":89,"column":15},"end":{"line":99,"column":9}}],"line":83},"10":{"loc":{"start":{"line":83,"column":12},"end":{"line":83,"column":49}},"type":"binary-expr","locations":[{"start":{"line":83,"column":12},"end":{"line":83,"column":29}},{"start":{"line":83,"column":33},"end":{"line":83,"column":49}}],"line":83},"11":{"loc":{"start":{"line":89,"column":15},"end":{"line":99,"column":9}},"type":"if","locations":[{"start":{"line":89,"column":15},"end":{"line":99,"column":9}},{"start":{"line":94,"column":15},"end":{"line":99,"column":9}}],"line":89},"12":{"loc":{"start":{"line":94,"column":15},"end":{"line":99,"column":9}},"type":"if","locations":[{"start":{"line":94,"column":15},"end":{"line":99,"column":9}},{"start":{},"end":{}}],"line":94},"13":{"loc":{"start":{"line":140,"column":32},"end":{"line":140,"column":44}},"type":"default-arg","locations":[{"start":{"line":140,"column":42},"end":{"line":140,"column":44}}],"line":140},"14":{"loc":{"start":{"line":144,"column":6},"end":{"line":146,"column":7}},"type":"if","locations":[{"start":{"line":144,"column":6},"end":{"line":146,"column":7}},{"start":{},"end":{}}],"line":144},"15":{"loc":{"start":{"line":144,"column":10},"end":{"line":144,"column":33}},"type":"binary-expr","locations":[{"start":{"line":144,"column":10},"end":{"line":144,"column":19}},{"start":{"line":144,"column":23},"end":{"line":144,"column":33}}],"line":144},"16":{"loc":{"start":{"line":148,"column":20},"end":{"line":148,"column":117}},"type":"cond-expr","locations":[{"start":{"line":148,"column":33},"end":{"line":148,"column":103}},{"start":{"line":148,"column":107},"end":{"line":148,"column":117}}],"line":148},"17":{"loc":{"start":{"line":148,"column":33},"end":{"line":148,"column":103}},"type":"cond-expr","locations":[{"start":{"line":148,"column":60},"end":{"line":148,"column":69}},{"start":{"line":148,"column":72},"end":{"line":148,"column":103}}],"line":148},"18":{"loc":{"start":{"line":153,"column":8},"end":{"line":156,"column":9}},"type":"if","locations":[{"start":{"line":153,"column":8},"end":{"line":156,"column":9}},{"start":{},"end":{}}],"line":153},"19":{"loc":{"start":{"line":163,"column":21},"end":{"line":163,"column":48}},"type":"binary-expr","locations":[{"start":{"line":163,"column":21},"end":{"line":163,"column":34}},{"start":{"line":163,"column":38},"end":{"line":163,"column":48}}],"line":163},"20":{"loc":{"start":{"line":164,"column":23},"end":{"line":164,"column":58}},"type":"binary-expr","locations":[{"start":{"line":164,"column":23},"end":{"line":164,"column":38}},{"start":{"line":164,"column":42},"end":{"line":164,"column":58}}],"line":164},"21":{"loc":{"start":{"line":181,"column":6},"end":{"line":183,"column":7}},"type":"if","locations":[{"start":{"line":181,"column":6},"end":{"line":183,"column":7}},{"start":{},"end":{}}],"line":181},"22":{"loc":{"start":{"line":184,"column":6},"end":{"line":193,"column":7}},"type":"if","locations":[{"start":{"line":184,"column":6},"end":{"line":193,"column":7}},{"start":{},"end":{}}],"line":184},"23":{"loc":{"start":{"line":185,"column":8},"end":{"line":192,"column":9}},"type":"if","locations":[{"start":{"line":185,"column":8},"end":{"line":192,"column":9}},{"start":{"line":187,"column":15},"end":{"line":192,"column":9}}],"line":185},"24":{"loc":{"start":{"line":211,"column":42},"end":{"line":211,"column":59}},"type":"default-arg","locations":[{"start":{"line":211,"column":55},"end":{"line":211,"column":59}}],"line":211},"25":{"loc":{"start":{"line":211,"column":61},"end":{"line":211,"column":71}},"type":"default-arg","locations":[{"start":{"line":211,"column":68},"end":{"line":211,"column":71}}],"line":211},"26":{"loc":{"start":{"line":213,"column":4},"end":{"line":218,"column":5}},"type":"if","locations":[{"start":{"line":213,"column":4},"end":{"line":218,"column":5}},{"start":{},"end":{}}],"line":213},"27":{"loc":{"start":{"line":242,"column":40},"end":{"line":242,"column":57}},"type":"default-arg","locations":[{"start":{"line":242,"column":53},"end":{"line":242,"column":57}}],"line":242},"28":{"loc":{"start":{"line":244,"column":4},"end":{"line":246,"column":5}},"type":"if","locations":[{"start":{"line":244,"column":4},"end":{"line":246,"column":5}},{"start":{},"end":{}}],"line":244},"29":{"loc":{"start":{"line":293,"column":44},"end":{"line":293,"column":56}},"type":"default-arg","locations":[{"start":{"line":293,"column":54},"end":{"line":293,"column":56}}],"line":293}},"s":{"0":0,"1":0,"2":0,"3":0,"4":0,"5":0,"6":0,"7":0,"8":0,"9":0,"10":0,"11":0,"12":0,"13":0,"14":0,"15":0,"16":0,"17":0,"18":0,"19":0,"20":0,"21":0,"22":0,"23":0,"24":0,"25":0,"26":0,"27":0,"28":0,"29":0,"30":0,"31":0,"32":0,"33":0,"34":0,"35":0,"36":0,"37":0,"38":0,"39":0,"40":0,"41":0,"42":0,"43":0,"44":0,"45":0,"46":0,"47":0,"48":0,"49":0,"50":0,"51":0,"52":0,"53":0,"54":0,"55":0,"56":0,"57":0,"58":0,"59":0,"60":0,"61":0,"62":0,"63":0,"64":0,"65":0,"66":0,"67":0,"68":0,"69":0,"70":0,"71":0,"72":0,"73":0,"74":0,"75":0,"76":0,"77":0,"78":0,"79":0,"80":0,"81":0,"82":0,"83":0,"84":0,"85":0,"86":0,"87":0,"88":0,"89":0,"90":0,"91":0,"92":0,"93":0,"94":0,"95":0,"96":0,"97":0,"98":0,"99":0,"100":0,"101":0,"102":0,"103":0,"104":0,"105":0,"106":0,"107":0,"108":0,"109":0,"110":0,"111":0,"112":0},"f":{"0":0,"1":0,"2":0,"3":0,"4":0,"5":0,"6":0,"7":0,"8":0,"9":0,"10":0},"b":{"0":[0],"1":[0],"2":[0],"3":[0],"4":[0],"5":[0,0],"6":[0,0],"7":[0,0],"8":[0,0],"9":[0,0],"10":[0,0],"11":[0,0],"12":[0,0],"13":[0],"14":[0,0],"15":[0,0],"16":[0,0],"17":[0,0],"18":[0,0],"19":[0,0],"20":[0,0],"21":[0,0],"22":[0,0],"23":[0,0],"24":[0],"25":[0],"26":[0,0],"27":[0],"28":[0,0],"29":[0]}}
,"/Users/a123/lapida/server/middleware/optionalAuthMiddleware.js": {"path":"/Users/a123/lapida/server/middleware/optionalAuthMiddleware.js","statementMap":{"0":{"start":{"line":1,"column":12},"end":{"line":1,"column":35}},"1":{"start":{"line":2,"column":13},"end":{"line":2,"column":38}},"2":{"start":{"line":4,"column":31},"end":{"line":34,"column":1}},"3":{"start":{"line":5,"column":2},"end":{"line":33,"column":3}},"4":{"start":{"line":6,"column":18},"end":{"line":6,"column":69}},"5":{"start":{"line":8,"column":4},"end":{"line":12,"column":5}},"6":{"start":{"line":10,"column":6},"end":{"line":10,"column":22}},"7":{"start":{"line":11,"column":6},"end":{"line":11,"column":20}},"8":{"start":{"line":14,"column":4},"end":{"line":26,"column":5}},"9":{"start":{"line":15,"column":22},"end":{"line":15,"column":75}},"10":{"start":{"line":16,"column":19},"end":{"line":16,"column":74}},"11":{"start":{"line":18,"column":6},"end":{"line":22,"column":7}},"12":{"start":{"line":19,"column":8},"end":{"line":19,"column":24}},"13":{"start":{"line":21,"column":8},"end":{"line":21,"column":24}},"14":{"start":{"line":25,"column":6},"end":{"line":25,"column":22}},"15":{"start":{"line":28,"column":4},"end":{"line":28,"column":11}},"16":{"start":{"line":30,"column":4},"end":{"line":30,"column":60}},"17":{"start":{"line":31,"column":4},"end":{"line":31,"column":20}},"18":{"start":{"line":32,"column":4},"end":{"line":32,"column":11}},"19":{"start":{"line":36,"column":0},"end":{"line":36,"column":40}}},"fnMap":{"0":{"name":"(anonymous_0)","decl":{"start":{"line":4,"column":31},"end":{"line":4,"column":32}},"loc":{"start":{"line":4,"column":57},"end":{"line":34,"column":1}},"line":4}},"branchMap":{"0":{"loc":{"start":{"line":8,"column":4},"end":{"line":12,"column":5}},"type":"if","locations":[{"start":{"line":8,"column":4},"end":{"line":12,"column":5}},{"start":{},"end":{}}],"line":8},"1":{"loc":{"start":{"line":15,"column":40},"end":{"line":15,"column":74}},"type":"binary-expr","locations":[{"start":{"line":15,"column":40},"end":{"line":15,"column":62}},{"start":{"line":15,"column":66},"end":{"line":15,"column":74}}],"line":15},"2":{"loc":{"start":{"line":18,"column":6},"end":{"line":22,"column":7}},"type":"if","locations":[{"start":{"line":18,"column":6},"end":{"line":22,"column":7}},{"start":{"line":20,"column":13},"end":{"line":22,"column":7}}],"line":18}},"s":{"0":2,"1":2,"2":2,"3":0,"4":0,"5":0,"6":0,"7":0,"8":0,"9":0,"10":0,"11":0,"12":0,"13":0,"14":0,"15":0,"16":0,"17":0,"18":0,"19":2},"f":{"0":0},"b":{"0":[0,0],"1":[0,0],"2":[0,0]},"_coverageSchema":"1a1c01bbd47fc00a2c39e90264f33305004495a9","hash":"c9f3ac98f1c3e23a5d29a1b3af4291149412b3b1"}
,"/Users/a123/lapida/server/middleware/pagination.js": {"path":"/Users/a123/lapida/server/middleware/pagination.js","statementMap":{"0":{"start":{"line":6,"column":17},"end":{"line":28,"column":1}},"1":{"start":{"line":7,"column":2},"end":{"line":27,"column":4}},"2":{"start":{"line":9,"column":15},"end":{"line":9,"column":44}},"3":{"start":{"line":10,"column":16},"end":{"line":10,"column":57}},"4":{"start":{"line":13,"column":4},"end":{"line":13,"column":27}},"5":{"start":{"line":13,"column":18},"end":{"line":13,"column":27}},"6":{"start":{"line":14,"column":4},"end":{"line":14,"column":40}},"7":{"start":{"line":14,"column":19},"end":{"line":14,"column":40}},"8":{"start":{"line":15,"column":4},"end":{"line":15,"column":43}},"9":{"start":{"line":15,"column":26},"end":{"line":15,"column":43}},"10":{"start":{"line":17,"column":17},"end":{"line":17,"column":35}},"11":{"start":{"line":20,"column":4},"end":{"line":24,"column":6}},"12":{"start":{"line":26,"column":4},"end":{"line":26,"column":11}},"13":{"start":{"line":38,"column":26},"end":{"line":57,"column":1}},"14":{"start":{"line":39,"column":26},"end":{"line":39,"column":36}},"15":{"start":{"line":40,"column":21},"end":{"line":40,"column":45}},"16":{"start":{"line":42,"column":2},"end":{"line":56,"column":4}},"17":{"start":{"line":66,"column":16},"end":{"line":85,"column":1}},"18":{"start":{"line":67,"column":2},"end":{"line":84,"column":4}},"19":{"start":{"line":68,"column":20},"end":{"line":68,"column":52}},"20":{"start":{"line":69,"column":20},"end":{"line":69,"column":51}},"21":{"start":{"line":72,"column":4},"end":{"line":74,"column":5}},"22":{"start":{"line":73,"column":6},"end":{"line":73,"column":31}},"23":{"start":{"line":77,"column":27},"end":{"line":77,"column":69}},"24":{"start":{"line":79,"column":4},"end":{"line":81,"column":6}},"25":{"start":{"line":83,"column":4},"end":{"line":83,"column":11}},"26":{"start":{"line":92,"column":18},"end":{"line":126,"column":1}},"27":{"start":{"line":93,"column":2},"end":{"line":125,"column":4}},"28":{"start":{"line":94,"column":20},"end":{"line":94,"column":22}},"29":{"start":{"line":96,"column":4},"end":{"line":107,"column":7}},"30":{"start":{"line":97,"column":6},"end":{"line":106,"column":7}},"31":{"start":{"line":99,"column":8},"end":{"line":105,"column":9}},"32":{"start":{"line":100,"column":10},"end":{"line":100,"column":32}},"33":{"start":{"line":101,"column":15},"end":{"line":105,"column":9}},"34":{"start":{"line":102,"column":10},"end":{"line":102,"column":33}},"35":{"start":{"line":104,"column":10},"end":{"line":104,"column":44}},"36":{"start":{"line":110,"column":4},"end":{"line":114,"column":5}},"37":{"start":{"line":111,"column":6},"end":{"line":111,"column":25}},"38":{"start":{"line":112,"column":6},"end":{"line":112,"column":82}},"39":{"start":{"line":112,"column":30},"end":{"line":112,"column":82}},"40":{"start":{"line":113,"column":6},"end":{"line":113,"column":82}},"41":{"start":{"line":113,"column":30},"end":{"line":113,"column":82}},"42":{"start":{"line":116,"column":4},"end":{"line":120,"column":5}},"43":{"start":{"line":117,"column":6},"end":{"line":117,"column":29}},"44":{"start":{"line":118,"column":6},"end":{"line":118,"column":84}},"45":{"start":{"line":118,"column":30},"end":{"line":118,"column":84}},"46":{"start":{"line":119,"column":6},"end":{"line":119,"column":80}},"47":{"start":{"line":119,"column":28},"end":{"line":119,"column":80}},"48":{"start":{"line":122,"column":4},"end":{"line":122,"column":26}},"49":{"start":{"line":124,"column":4},"end":{"line":124,"column":11}},"50":{"start":{"line":133,"column":15},"end":{"line":155,"column":1}},"51":{"start":{"line":134,"column":2},"end":{"line":154,"column":4}},"52":{"start":{"line":135,"column":24},"end":{"line":135,"column":55}},"53":{"start":{"line":137,"column":4},"end":{"line":151,"column":5}},"54":{"start":{"line":139,"column":6},"end":{"line":143,"column":8}},"55":{"start":{"line":140,"column":34},"end":{"line":142,"column":9}},"56":{"start":{"line":144,"column":11},"end":{"line":151,"column":5}},"57":{"start":{"line":146,"column":6},"end":{"line":148,"column":8}},"58":{"start":{"line":150,"column":6},"end":{"line":150,"column":27}},"59":{"start":{"line":153,"column":4},"end":{"line":153,"column":11}},"60":{"start":{"line":161,"column":20},"end":{"line":178,"column":1}},"61":{"start":{"line":170,"column":6},"end":{"line":170,"column":13}},"62":{"start":{"line":172,"column":2},"end":{"line":177,"column":4}},"63":{"start":{"line":180,"column":0},"end":{"line":187,"column":2}}},"fnMap":{"0":{"name":"(anonymous_0)","decl":{"start":{"line":6,"column":17},"end":{"line":6,"column":18}},"loc":{"start":{"line":6,"column":56},"end":{"line":28,"column":1}},"line":6},"1":{"name":"(anonymous_1)","decl":{"start":{"line":7,"column":9},"end":{"line":7,"column":10}},"loc":{"start":{"line":7,"column":29},"end":{"line":27,"column":3}},"line":7},"2":{"name":"(anonymous_2)","decl":{"start":{"line":38,"column":26},"end":{"line":38,"column":27}},"loc":{"start":{"line":38,"column":76},"end":{"line":57,"column":1}},"line":38},"3":{"name":"(anonymous_3)","decl":{"start":{"line":66,"column":16},"end":{"line":66,"column":17}},"loc":{"start":{"line":66,"column":91},"end":{"line":85,"column":1}},"line":66},"4":{"name":"(anonymous_4)","decl":{"start":{"line":67,"column":9},"end":{"line":67,"column":10}},"loc":{"start":{"line":67,"column":29},"end":{"line":84,"column":3}},"line":67},"5":{"name":"(anonymous_5)","decl":{"start":{"line":92,"column":18},"end":{"line":92,"column":19}},"loc":{"start":{"line":92,"column":42},"end":{"line":126,"column":1}},"line":92},"6":{"name":"(anonymous_6)","decl":{"start":{"line":93,"column":9},"end":{"line":93,"column":10}},"loc":{"start":{"line":93,"column":29},"end":{"line":125,"column":3}},"line":93},"7":{"name":"(anonymous_7)","decl":{"start":{"line":96,"column":26},"end":{"line":96,"column":27}},"loc":{"start":{"line":96,"column":35},"end":{"line":107,"column":5}},"line":96},"8":{"name":"(anonymous_8)","decl":{"start":{"line":133,"column":15},"end":{"line":133,"column":16}},"loc":{"start":{"line":133,"column":32},"end":{"line":155,"column":1}},"line":133},"9":{"name":"(anonymous_9)","decl":{"start":{"line":134,"column":9},"end":{"line":134,"column":10}},"loc":{"start":{"line":134,"column":29},"end":{"line":154,"column":3}},"line":134},"10":{"name":"(anonymous_10
[...]
4}},{"start":{"line":394,"column":28},"end":{"line":394,"column":68}}],"line":394},"50":{"loc":{"start":{"line":404,"column":4},"end":{"line":407,"column":5}},"type":"if","locations":[{"start":{"line":404,"column":4},"end":{"line":407,"column":5}},{"start":{},"end":{}}],"line":404},"51":{"loc":{"start":{"line":404,"column":8},"end":{"line":404,"column":47}},"type":"binary-expr","locations":[{"start":{"line":404,"column":8},"end":{"line":404,"column":20}},{"start":{"line":404,"column":24},"end":{"line":404,"column":47}}],"line":404},"52":{"loc":{"start":{"line":410,"column":20},"end":{"line":410,"column":38}},"type":"binary-expr","locations":[{"start":{"line":410,"column":20},"end":{"line":410,"column":32}},{"start":{"line":410,"column":36},"end":{"line":410,"column":38}}],"line":410},"53":{"loc":{"start":{"line":453,"column":4},"end":{"line":455,"column":5}},"type":"if","locations":[{"start":{"line":453,"column":4},"end":{"line":455,"column":5}},{"start":{},"end":{}}],"line":453},"54":{"loc":{"start":{"line":457,"column":4},"end":{"line":459,"column":5}},"type":"if","locations":[{"start":{"line":457,"column":4},"end":{"line":459,"column":5}},{"start":{},"end":{}}],"line":457},"55":{"loc":{"start":{"line":465,"column":4},"end":{"line":467,"column":5}},"type":"if","locations":[{"start":{"line":465,"column":4},"end":{"line":467,"column":5}},{"start":{},"end":{}}],"line":465},"56":{"loc":{"start":{"line":482,"column":4},"end":{"line":484,"column":5}},"type":"if","locations":[{"start":{"line":482,"column":4},"end":{"line":484,"column":5}},{"start":{},"end":{}}],"line":482},"57":{"loc":{"start":{"line":491,"column":4},"end":{"line":493,"column":5}},"type":"if","locations":[{"start":{"line":491,"column":4},"end":{"line":493,"column":5}},{"start":{},"end":{}}],"line":491},"58":{"loc":{"start":{"line":495,"column":31},"end":{"line":495,"column":75}},"type":"cond-expr","locations":[{"start":{"line":495,"column":43},"end":{"line":495,"column":57}},{"start":{"line":495,"column":60},"end":{"line":495,"column":75}}],"line":495},"59":{"loc":{"start":{"line":508,"column":4},"end":{"line":510,"column":5}},"type":"if","locations":[{"start":{"line":508,"column":4},"end":{"line":510,"column":5}},{"start":{},"end":{}}],"line":508},"60":{"loc":{"start":{"line":512,"column":4},"end":{"line":514,"column":5}},"type":"if","locations":[{"start":{"line":512,"column":4},"end":{"line":514,"column":5}},{"start":{},"end":{}}],"line":512},"61":{"loc":{"start":{"line":516,"column":4},"end":{"line":518,"column":5}},"type":"if","locations":[{"start":{"line":516,"column":4},"end":{"line":518,"column":5}},{"start":{},"end":{}}],"line":516},"62":{"loc":{"start":{"line":571,"column":17},"end":{"line":571,"column":46}},"type":"binary-expr","locations":[{"start":{"line":571,"column":17},"end":{"line":571,"column":41}},{"start":{"line":571,"column":45},"end":{"line":571,"column":46}}],"line":571},"63":{"loc":{"start":{"line":572,"column":18},"end":{"line":572,"column":49}},"type":"binary-expr","locations":[{"start":{"line":572,"column":18},"end":{"line":572,"column":43}},{"start":{"line":572,"column":47},"end":{"line":572,"column":49}}],"line":572},"64":{"loc":{"start":{"line":574,"column":17},"end":{"line":574,"column":40}},"type":"binary-expr","locations":[{"start":{"line":574,"column":17},"end":{"line":574,"column":31}},{"start":{"line":574,"column":35},"end":{"line":574,"column":40}}],"line":574},"65":{"loc":{"start":{"line":575,"column":22},"end":{"line":575,"column":57}},"type":"binary-expr","locations":[{"start":{"line":575,"column":22},"end":{"line":575,"column":51}},{"start":{"line":575,"column":55},"end":{"line":575,"column":57}}],"line":575},"66":{"loc":{"start":{"line":596,"column":12},"end":{"line":596,"column":51}},"type":"cond-expr","locations":[{"start":{"line":596,"column":31},"end":{"line":596,"column":39}},{"start":{"line":596,"column":42},"end":{"line":596,"column":51}}],"line":596},"67":{"loc":{"start":{"line":597,"column":14},"end":{"line":597,"column":73}},"type":"cond-expr","locations":[{"start":{"line":597,"column":33},"end":{"line":597,"column":49}},{"start":{"line":597,"column":52},"end":{"line":597,"column":73}}],"line":597},"68":{"loc":{"start":{"line":598,"column":14},"end":{"line":598,"column":50}},"type":"binary-expr","locations":[{"start":{"line":598,"column":14},"end":{"line":598,"column":36}},{"start":{"line":598,"column":40},"end":{"line":598,"column":50}}],"line":598},"69":{"loc":{"start":{"line":607,"column":4},"end":{"line":609,"column":5}},"type":"if","locations":[{"start":{"line":607,"column":4},"end":{"line":609,"column":5}},{"start":{},"end":{}}],"line":607},"70":{"loc":{"start":{"line":644,"column":12},"end":{"line":644,"column":34}},"type":"binary-expr","locations":[{"start":{"line":644,"column":12},"end":{"line":644,"column":28}},{"start":{"line":644,"column":32},"end":{"line":644,"column":34}}],"line":644}},"s":{"0":2,"1":2,"2":2,"3":2,"4":2,"5":2,"6":2,"7":2,"8":2,"9":2,"10":2,"11":0,"12":0,"13":0,"14":0,"15":0,"16":0,"17":0,"18":2,"19":0,"20":0,"21":0,"22":0,"23":0,"24":0,"25":0,"26":0,"27":0,"28":0,"29":0,"30":0,"31":2,"32":0,"33":0,"34":0,"35":0,"36":0,"37":0,"38":0,"39":0,"40":0,"41":0,"42":0,"43":0,"44":0,"45":0,"46":0,"47":0,"48":2,"49":0,"50":0,"51":0,"52":0,"53":0,"54":2,"55":2,"56":0,"57":0,"58":0,"59":0,"60":0,"61":0,"62":0,"63":0,"64":0,"65":0,"66":0,"67":0,"68":0,"69":2,"70":0,"71":0,"72":0,"73":0,"74":0,"75":2,"76":2,"77":0,"78":0,"79":0,"80":0,"81":0,"82":0,"83":0,"84":0,"85":0,"86":0,"87":0,"88":0,"89":0,"90":0,"91":0,"92":0,"93":0,"94":0,"95":0,"96":0,"97":0,"98":2,"99":0,"100":0,"101":0,"102":0,"103":0,"104":0,"105":0,"106":0,"107":2,"108":0,"109":0,"110":0,"111":0,"112":0,"113":0,"114":0,"115":0,"116":0,"117":0,"118":2,"119":0,"120":0,"121":0,"122":0,"123":0,"124":0,"125":0,"126":0,"127":0,"128":0,"129":0,"130":0,"131":0,"132":0,"133":0,"134":0,"135":0,"136":0,"137":0,"138":0,"139":0,"140":0,"141":0,"142":0,"143":0,"144":0,"145":0,"146":0,"147":0,"148":0,"149":0,"150":0,"151":0,"152":0,"153":0,"154":0,"155":0,"156":0,"157":0,"158":0,"159":0,"160":0,"161":0,"162":0,"163":0,"164":0,"165":0,"166":0,"167":2,"168":2,"169":2,"170":1,"171":1,"172":1,"173":1,"174":1,"175":1,"176":1,"177":0,"178":1,"179":1,"180":1,"181":0,"182":0,"183":2,"184":0,"185":0,"186":0,"187":0,"188":0,"189":0,"190":0,"191":0,"192":0,"193":0,"194":0,"195":0,"196":2,"197":0,"198":0,"199":0,"200":0,"201":0,"202":0,"203":0,"204":0,"205":0,"206":0,"207":0,"208":0,"209":0,"210":0,"211":0,"212":2,"213":0,"214":0,"215":0,"216":0,"217":0,"218":0,"219":0,"220":0,"221":0,"222":0,"223":0,"224":0,"225":0,"226":2,"227":0,"228":0,"229":0,"230":0,"231":0,"232":0,"233":0,"234":0,"235":0,"236":0,"237":0,"238":2,"239":0,"240":0,"241":0,"242":0,"243":0,"244":0,"245":0,"246":0,"247":0,"248":0,"249":0,"250":0,"251":0,"252":0,"253":2,"254":0,"255":0,"256":0,"257":0,"258":0,"259":0,"260":0,"261":0,"262":0,"263":0,"264":0,"265":0,"266":2,"267":0,"268":0,"269":0,"270":0,"271":0,"272":0,"273":0,"274":0,"275":0,"276":0,"277":0,"278":0,"279":0,"280":0,"281":0,"282":0,"283":0,"284":0,"285":0,"286":0,"287":0,"288":0,"289":2,"290":0,"291":0,"292":0,"293":0,"294":0,"295":0,"296":2,"297":0,"298":0,"299":0,"300":0,"301":0,"302":0,"303":2,"304":0,"305":0,"306":0,"307":0,"308":0,"309":0,"310":2},"f":{"0":0,"1":0,"2":0,"3":0,"4":0,"5":0,"6":0,"7":0,"8":0,"9":0,"10":0,"11":0,"12":0,"13":0,"14":0,"15":2,"16":0,"17":0,"18":0,"19":0,"20":0,"21":0,"22":0,"23":0,"24":0,"25":0,"26":0,"27":0,"28":0},"b":{"0":[0,0],"1":[0,0],"2":[0,0],"3":[0,0],"4":[0,0],"5":[0,0],"6":[0,0],"7":[0,0],"8":[0,0],"9":[0,0],"10":[0,0],"11":[0,0],"12":[0,0],"13":[0,0],"14":[0,0],"15":[0,0],"16":[0,0],"17":[0,0],"18":[0,0],"19":[0,0],"20":[0,0],"21":[0,0],"22":[0,0],"23":[0,0],"24":[0,0],"25":[0,0],"26":[0,0],"27":[0,0],"28":[0,0],"29":[0,0],"30":[0,0],"31":[0,0],"32":[0,0],"33":[0,0],"34":[0,0],"35":[0,0],"36":[0,0],"37":[0,0],"38":[0,0],"39":[1,1],"40":[1,1],"41":[1,1],"42":[1,1],"43":[0,1],"44":[0,0],"45":[0,0],"46":[0,0],"47":[0,0],"48":[0,0],"49":[0,0],"50":[0,0],"51":[0,0],"52":[0,0],"53":[0,0],"54":[0,0],"55":[0,0],"56":[0,0],"57":[0,0],"58":[0,0],"59":[0,0],"60":[0,0],"61":[0,0],"62":[0,0],"63":[0,0],"64":[0,0],"65":[0,0],"66":[0,0],"67":[0,0],"68":[0,0],"69":[0,0],"70":[0,0]},"_coverageSchema":"1a1c01bbd47fc00a2c39e90264f33305004495a9","hash":"34597fe7400d884d76fcbe2874961309c0a52126"}
,"/Users/a123/lapida/server/routes/virtual.js": {"path":"/Users/a123/lapida/server/routes/virtual.js","statementMap":{"0":{"start":{"line":1,"column":16},"end":{"line":1,"column":34}},"1":{"start":{"line":2,"column":17},"end":{"line":2,"column":36}},"2":{"start":{"line":3,"column":15},"end":{"line":3,"column":31}},"3":{"start":{"line":4,"column":17},"end":{"line":4,"column":46}},"4":{"start":{"line":7,"column":20},"end":{"line":7,"column":52}},"5":{"start":{"line":10,"column":0},"end":{"line":24,"column":3}},"6":{"start":{"line":11,"column":2},"end":{"line":23,"column":3}},"7":{"start":{"line":12,"column":27},"end":{"line":12,"column":37}},"8":{"start":{"line":14,"column":20},"end":{"line":17,"column":30}},"9":{"start":{"line":19,"column":4},"end":{"line":19,"column":26}},"10":{"start":{"line":21,"column":4},"end":{"line":21,"column":52}},"11":{"start":{"line":22,"column":4},"end":{"line":22,"column":68}},"12":{"start":{"line":27,"column":0},"end":{"line":55,"column":3}},"13":{"start":{"line":28,"column":2},"end":{"line":54,"column":3}},"14":{"start":{"line":29,"column":71},"end":{"line":29,"column":79}},"15":{"start":{"line":32,"column":23},"end":{"line":32,"column":66}},"16":{"start":{"line":34,"column":19},"end":{"line":46,"column":6}},"17":{"start":{"line":48,"column":4},"end":{"line":48,"column":24}},"18":{"start":{"line":50,"column":4},"end":{"line":50,"column":37}},"19":{"start":{"line":52,"column":4},"end":{"line":52,"column":49}},"20":{"start":{"line":53,"column":4},"end":{"line":53,"column":70}},"21":{"start":{"line":58,"column":0},"end":{"line":77,"column":3}},"22":{"start":{"line":59,"column":2},"end":{"line":76,"column":3}},"23":{"start":{"line":60,"column":27},"end":{"line":60,"column":37}},"24":{"start":{"line":63,"column":21},"end":{"line":65,"column":18}},"25":{"start":{"line":67,"column":20},"end":{"line":70,"column":30}},"26":{"start":{"line":72,"column":4},"end":{"line":72,"column":26}},"27":{"start":{"line":74,"column":4},"end":{"line":74,"column":52}},"28":{"start":{"line":75,"column":4},"end":{"line":75,"column":68}},"29":{"start":{"line":80,"column":0},"end":{"line":114,"column":3}},"30":{"start":{"line":81,"column":2},"end":{"line":113,"column":3}},"31":{"start":{"line":82,"column":4},"end":{"line":82,"column":47}},"32":{"start":{"line":83,"column":4},"end":{"line":83,"column":35}},"33":{"start":{"line":84,"column":4},"end":{"line":84,"column":35}},"34":{"start":{"line":86,"column":71},"end":{"line":86,"column":79}},"35":{"start":{"line":89,"column":23},"end":{"line":89,"column":66}},"36":{"start":{"line":91,"column":19},"end":{"line":103,"column":6}},"37":{"start":{"line":105,"column":4},"end":{"line":105,"column":42}},"38":{"start":{"line":106,"column":4},"end":{"line":106,"column":24}},"39":{"start":{"line":107,"column":4},"end":{"line":107,"column":52}},"40":{"start":{"line":109,"column":4},"end":{"line":109,"column":37}},"41":{"start":{"line":111,"column":4},"end":{"line":111,"column":51}},"42":{"start":{"line":112,"column":4},"end":{"line":112,"column":69}},"43":{"start":{"line":117,"column":0},"end":{"line":129,"column":3}},"44":{"start":{"line":118,"column":2},"end":{"line":128,"column":3}},"45":{"start":{"line":119,"column":33},"end":{"line":119,"column":43}},"46":{"start":{"line":120,"column":4},"end":{"line":122,"column":5}},"47":{"start":{"line":121,"column":6},"end":{"line":121,"column":76}},"48":{"start":{"line":123,"column":18},"end":{"line":123,"column":86}},"49":{"start":{"line":124,"column":4},"end":{"line":124,"column":24}},"50":{"start":{"line":126,"column":4},"end":{"line":126,"column":58}},"51":{"start":{"line":127,"column":4},"end":{"line":127,"column":71}},"52":{"start":{"line":132,"column":0},"end":{"line":159,"column":3}},"53":{"start":{"line":133,"column":2},"end":{"line":158,"column":3}},"54":{"start":{"line":134,"column":21},"end":{"line":134,"column":31}},"55":{"start":{"line":135,"column":4},"end":{"line":137,"column":5}},"56":{"start":{"line":136,"column":6},"end":{"line":136,"column":76}},"57":{"start":{"line":138,"column":65},"end":{"line":138,"column":73}},"58":{"start":{"line":139,"column":23},"end":{"line":139,"column":66}},"59":{"start":{"line":140,"column":17},"end":{"line":152,"column":6}},"60":{"start":{"line":153,"column":4},"end":{"line":153,"column":22}},"61":{"start":{"line":154,"column":4},"end":{"line":154,"column":35}},"62":{"start":{"line":156,"column":4},"end":{"line":156,"column":55}},"63":{"start":{"line":157,"column":4},"end":{"line":157,"column":72}},"64":{"start":{"line":162,"column":0},"end":{"line":183,"column":3}},"65":{"start":{"line":163,"column":2},"end":{"line":182,"column":3}},"66":{"start":{"line":164,"column":23},"end":{"line":164,"column":33}},"67":{"start":{"line":166,"column":17},"end":{"line":166,"column":51}},"68":{"start":{"line":167,"column":4},"end":{"line":169,"column":5}},"69":{"start":{"line":168,"column":6},"end":{"line":168,"column":68}},"70":{"start":{"line":172,"column":4},"end":{"line":174,"column":5}},"71":{"start":{"line":173,"column":6},"end":{"line":173,"column":71}},"72":{"start":{"line":176,"column":4},"end":{"line":176,"column":48}},"73":{"start":{"line":178,"column":4},"end":{"line":178,"column":44}},"74":{"start":{"line":180,"column":4},"end":{"line":180,"column":57}},"75":{"start":{"line":181,"column":4},"end":{"line":181,"column":70}},"76":{"start":{"line":185,"column":0},"end":{"line":185,"column":24}}},"fnMap":{"0":{"name":"(anonymous_0)","decl":{"start":{"line":10,"column":35},"end":{"line":10,"column":36}},"loc":{"start":{"line":10,"column":55},"end":{"line":24,"column":1}},"line":10},"1":{"name":"(anonymous_1)","decl":{"start":{"line":27,"column":30},"end":{"line":27,"column":31}},"loc":{"start":{"line":27,"column":50},"end":{"line":55,"column":1}},"line":27},"2":{"name":"(anonymous_2)","decl":{"start":{"line":58,"column":35},"end":{"line":58,"column":36}},"loc":{"start":{"line":58,"column":55},"end":{"line":77,"column":1}},"line":58},"3":{"name":"(anonymous_3)","decl":{"start":{"line":80,"column":30},"end":{"line":80,"column":31}},"loc":{"start":{"line":80,"column":50},"end":{"line":114,"column":1}},"line":80},"4":{"name":"(anonymous_4)","decl":{"start":{"line":117,"column":33},"end":{"line":117,"column":34}},"loc":{"start":{"line":117,"column":53},"end":{"line":129,"column":1}},"line":117},"5":{"name":"(anonymous_5)","decl":{"start":{"line":132,"column":28},"end":{"line":132,"column":29}},"loc":{"start":{"line":132,"column":48},"end":{"line":159,"column":1}},"line":132},"6":{"name":"(anonymous_6)","decl":{"start":{"line":162,"column":32},"end":{"line":162,"column":33}},"loc":{"start":{"line":162,"column":52},"end":{"line":183,"column":1}},"line":162}},"branchMap":{"0":{"loc":{"start":{"line":32,"column":23},"end":{"line":32,"column":66}},"type":"binary-expr","locations":[{"start":{"line":32,"column":23},"end":{"line":32,"column":36}},{"start":{"line":32,"column":40},"end":{"line":32,"column":54}},{"start":{"line":32,"column":58},"end":{"line":32,"column":66}}],"line":32},"1":{"loc":{"start":{"line":44,"column":16},"end":{"line":44,"column":51}},"type":"binary-expr","locations":[{"start":{"line":44,"column":16},"end":{"line":44,"column":24}},{"start":{"line":44,"column":28},"end":{"line":44,"column":51}}],"line":44},"2":{"loc":{"start":{"line":63,"column":21},"end":{"line":65,"column":18}},"type":"cond-expr","locations":[{"start":{"line":64,"column":8},"end":{"line":64,"column":47}},{"start":{"line":65,"column":8},"end":{"line":65,"column":18}}],"line":63},"3":{"loc":{"start":{"line":89,"column":23},"end":{"line":89,"column":66}},"type":"binary-expr","locations":[{"start":{"line":89,"column":23},"end":{"line":89,"column":36}},{"start":{"line":89,"column":40},"end":{"line":89,"column":54}},{"start":{"line":89,"column":58},"end":{"line":89,"column":66}}],"line":89},"4":{"loc":{"start":{"line":101,"column":16},"end":{"line":101,"column":47}},"type":"binary-expr","locations":[{"start":{"line":101,"column":16},"end":{"line":101,"column":24}},{"start":{"line":101,"column":28},"end":{"line":101,"column":47}}],"line":101},"5":{"loc":{"start":{"line":120,"column":4},"end":{"line":122,"column":5}},"type":"if","locations":[{"start":{"line":120,"column":4},"end":{"line":122,"column":5}},{"start":{},"end":{}}],"line":120},"6":{"loc":{"start":{"line":135,"column":4},"end":{"line":137,"column":5}},"type":"if","locations":[{"start":{"line":135,"column":4},"end":{"line":137,"column":5}},{"start":{},"end":{}}],"line":135},"7":{"loc":{"start":{"line":139,"column":23},"end":{"line":139,"column":66}},"type":"binary-expr","locations":[{"start":{"line":139,"column":23},"end":{"line":139,"column":36}},{"start":{"line":139,"column":40},"end":{"line":139,"column":54}},{"start":{"line":139,"column":58},"end":{"line":139,"column":66}}],"line":139},"8":{"loc":{"start":{"line":143,"column":16},"end":{"line":143,"column":28}},"type":"binary-expr","locations":[{"start":{"line":143,"column":16},"end":{"line":143,"column":20}},{"start":{"line":143,"column":24},"end":{"line":143,"column":28}}],"line":143},"9":{"loc":{"start":{"line":144,"column":12},"end":{"line":144,"column":22}},"type":"binary-expr","locations":[{"start":{"line":144,"column":12},"end":{"line":144,"column":16}},{"start":{"line":144,"column":20},"end":{"line":144,"column":22}}],"line":144},"10":{"loc":{"start":{"line":145,"column":12},"end":{"line":145,"column":22}},"type":"binary-expr","locations":[{"start":{"line":145,"column":12},"end":{"line":145,"column":16}},{"start":{"line":145,"column":20},"end":{"line":145,"column":22}}],"line":145},"11":{"loc":{"start":{"line":146,"column":13},"end":{"line":146,"column":24}},"type":"binary-expr","locations":[{"start":{"line":146,"column":13},"end":{"line":146,"column":18}},{"start":{"line":146,"column":22},"end":{"line":146,"column":24}}],"line":146},"12":{"loc":{"start":{"line":147,"column":15},"end":{"line":147,"column":28}},"type":"binary-expr","locations":[{"start":{"line":147,"column":15},"end":{"line":147,"column":22}},{"start":{"line":147,"column":26},"end":{"line":147,"column":28}}],"line":147},"13":{"loc":{"start":{"line":150,"column":16},"end":{"line":150,"column":51}},"type":"binary-expr","locations":[{"start":{"line":150,"column":16},"end":{"line":150,"column":24}},{"start":{"line":150,"column":28},"end":{"line":150,"column":51}}],"line":150},"14":{"loc":{"start":{"line":167,"column":4},"end":{"line":169,"column":5}},"type":"if","locations":[{"start":{"line":167,"column":4},"end":{"line":169,"column":5}},{"start":{},"end":{}}],"line":167},"15":{"loc":{"start":{"line":172,"column":4},"end":{"line":174,"column":5}},"type":"if","locations":[{"start":{"line":172,"column":4},"end":{"line":174,"column":5}},{"start":{},"end":{}}],"line":172}},"s":{"0":2,"1":2,"2":2,"3":2,"4":2,"5":2,"6":0,"7":0,"8":0,"9":0,"10":0,"11":0,"12":2,"13":0,"14":0,"15":0,"16":0,"17":0,"18":0,"19":0,"20":0,"21":2,"22":0,"23":0,"24":0,"25":0,"26":0,"27":0,"28":0,"29":2,"30":0,"31":0,"32":0,"33":0,"34":0,"35":0,"36":0,"37":0,"38":0,"39":0,"40":0,"41":0,"42":0,"43":2,"44":0,"45":0,"46":0,"47":0,"48":0,"49":0,"50":0,"51":0,"52":2,"53":0,"54":0,"55":0,"56":0,"57":0,"58":0,"59":0,"60":0,"61":0,"62":0,"63":0,"64":2,"65":0,"66":0,"67":0,"68":0,"69":0,"70":0,"71":0,"72":0,"73":0,"74":0,"75":0,"76":2},"f":{"0":0,"1":0,"2":0,"3":0,"4":0,"5":0,"6":0},"b":{"0":[0,0,0],"1":[0,0],"2":[0,0],"3":[0,0,0],"4":[0,0],"5":[0,0],"6":[0,0],"7":[0,0,0],"8":[0,0],"9":[0,0],"10":[0,0],"11":[0,0],"12":[0,0],"13":[0,0],"14":[0,0],"15":[0,0]},"_coverageSchema":"1a1c01bbd47fc00a2c39e90264f33305004495a9","hash":"e4e778574693c5faa5138ed38a04226a4a08fd4b"}
}
