TN:
SF:config/indexes.js
FN:7,(anonymous_0)
FN:220,(anonymous_1)
FN:230,(anonymous_2)
FNF:3
FNH:0
FNDA:0,(anonymous_0)
FNDA:0,(anonymous_1)
FNDA:0,(anonymous_2)
DA:1,0
DA:7,0
DA:8,0
DA:10,0
DA:11,0
DA:14,0
DA:21,0
DA:24,0
DA:39,0
DA:42,0
DA:57,0
DA:60,0
DA:77,0
DA:80,0
DA:89,0
DA:92,0
DA:99,0
DA:102,0
DA:107,0
DA:110,0
DA:117,0
DA:120,0
DA:125,0
DA:128,0
DA:143,0
DA:146,0
DA:153,0
DA:156,0
DA:160,0
DA:163,0
DA:170,0
DA:173,0
DA:178,0
DA:181,0
DA:187,0
DA:190,0
DA:196,0
DA:198,0
DA:201,0
DA:202,0
DA:208,0
DA:209,0
DA:210,0
DA:212,0
DA:213,0
DA:220,0
DA:221,0
DA:222,0
DA:223,0
DA:225,0
DA:227,0
DA:228,0
DA:229,0
DA:230,0
DA:231,0
DA:235,0
DA:239,0
LF:57
LH:0
BRDA:208,0,0,0
BRDA:208,0,1,0
BRDA:208,1,0,0
BRDA:208,1,1,0
BRDA:208,2,0,0
BRDA:208,2,1,0
BRF:6
BRH:0
end_of_record
TN:
SF:config/redis.js
FN:7,(anonymous_0)
FN:8,(anonymous_1)
FN:9,(anonymous_2)
FN:10,(anonymous_3)
FN:11,(anonymous_4)
FN:12,(anonymous_5)
FN:13,(anonymous_6)
FN:14,(anonymous_7)
FN:15,(anonymous_8)
FN:16,(anonymous_9)
FN:17,(anonymous_10)
FN:18,(anonymous_11)
FN:27,(anonymous_12)
FN:49,(anonymous_13)
FN:54,(anonymous_14)
FN:62,(anonymous_15)
FN:71,(anonymous_16)
FN:79,(anonymous_17)
FN:92,(anonymous_18)
FN:109,(anonymous_19)
FN:124,(anonymous_20)
FN:139,(anonymous_21)
FN:158,(anonymous_22)
FN:174,(anonymous_23)
FN:192,(anonymous_24)
FNF:25
FNH:0
FNDA:0,(anonymous_0)
FNDA:0,(anonymous_1)
FNDA:0,(anonymous_2)
FNDA:0,(anonymous_3)
FNDA:0,(anonymous_4)
FNDA:0,(anonymous_5)
FNDA:0,(anonymous_6)
FNDA:0,(anonymous_7)
FNDA:0,(anonymous_8)
FNDA:0,(anonymous_9)
FNDA:0,(anonymous_10)
FNDA:0,(anonymous_11)
FNDA:0,(anonymous_12)
FNDA:0,(anonymous_13)
FNDA:0,(anonymous_14)
FNDA:0,(anonymous_15)
FNDA:0,(anonymous_16)
FNDA:0,(anonymous_17)
FNDA:0,(anonymous_18)
FNDA:0,(anonymous_19)
FNDA:0,(anonymous_20)
FNDA:0,(anonymous_21)
FNDA:0,(anonymous_22)
FNDA:0,(anonymous_23)
FNDA:0,(anonymous_24)
DA:1,0
DA:4,0
DA:5,0
DA:7,0
DA:8,0
DA:9,0
DA:10,0
DA:11,0
DA:12,0
DA:13,0
DA:14,0
DA:15,0
DA:16,0
DA:22,0
DA:28,0
DA:29,0
DA:38,0
DA:39,0
DA:40,0
DA:43,0
DA:45,0
DA:46,0
DA:49,0
DA:50,0
DA:51,0
DA:54,0
DA:55,0
DA:56,0
DA:57,0
DA:58,0
DA:59,0
DA:62,0
DA:64,0
DA:65,0
DA:66,0
DA:68,0
DA:71,0
DA:72,0
DA:73,0
DA:74,0
DA:79,0
DA:80,0
DA:81,0
DA:86,0
DA:93,0
DA:94,0
DA:95,0
DA:97,0
DA:98,0
DA:110,0
DA:111,0
DA:112,0
DA:114,0
DA:115,0
DA:125,0
DA:126,0
DA:127,0
DA:129,0
DA:130,0
DA:140,0
DA:141,0
DA:142,0
DA:143,0
DA:144,0
DA:146,0
DA:148,0
DA:149,0
DA:159,0
DA:160,0
DA:161,0
DA:163,0
DA:164,0
DA:175,0
DA:176,0
DA:177,0
DA:178,0
DA:180,0
DA:182,0
DA:183,0
DA:193,0
DA:194,0
DA:196,0
DA:197,0
DA:202,0
LF:84
LH:0
BRDA:23,0,0,0
BRDA:23,0,1,0
BRDA:24,1,0,0
BRDA:24,1,1,0
BRDA:25,2,0,0
BRDA:25,2,1,0
BRDA:26,3,0,0
BRDA:26,3,1,0
BRDA:38,4,0,0
BRDA:38,4,1,0
BRDA:55,5,0,0
BRDA:55,5,1,0
BRDA:64,6,0,0
BRDA:64,6,1,0
BRDA:64,7,0,0
BRDA:64,7,1,0
BRDA:65,8,0,0
BRDA:65,8,1,0
BRDA:73,9,0,0
BRDA:73,9,1,0
BRDA:73,10,0,0
BRDA:73,10,1,0
BRDA:95,11,0,0
BRDA:95,11,1,0
BRDA:109,12,0,0
BRDA:142,13,0,0
BRDA:142,13,1,0
BRDA:174,14,0,0
BRDA:177,15,0,0
BRDA:177,15,1,0
BRDA:177,16,0,0
BRDA:177,16,1,0
BRF:32
BRH:0
end_of_record
TN:
SF:middleware/auth.js
FN:4,(anonymous_0)
FN:29,(anonymous_1)
FN:31,(anonymous_2)
FN:42,(anonymous_3)
FNF:4
FNH:2
FNDA:4,(anonymous_0)
FNDA:0,(anonymous_1)
FNDA:0,(anonymous_2)
FNDA:2,(anonymous_3)
DA:1,2
DA:2,2
DA:4,2
DA:5,4
DA:6,4
DA:7,4
DA:8,4
DA:9,4
DA:10,4
DA:11,0
DA:12,0
DA:14,4
DA:15,0
DA:17,4
DA:18,4
DA:19,4
DA:20,0
DA:22,4
DA:23,4
DA:25,0
DA:29,2
DA:30,0
DA:31,0
DA:32,0
DA:33,0
DA:35,0
DA:38,0
DA:42,2
DA:43,2
DA:44,2
DA:45,2
DA:46,2
DA:48,2
DA:49,1
DA:50,1
DA:51,0
DA:54,2
DA:55,1
DA:56,1
DA:57,1
DA:59,2
DA:62,0
DA:66,2
LF:43
LH:30
BRDA:9,0,0,4
BRDA:9,0,1,0
BRDA:9,1,0,4
BRDA:9,1,1,4
BRDA:11,2,0,0
BRDA:11,2,1,0
BRDA:14,3,0,0
BRDA:14,3,1,4
BRDA:19,4,0,0
BRDA:19,4,1,4
BRDA:32,5,0,0
BRDA:32,5,1,0
BRDA:48,6,0,1
BRDA:48,6,1,1
BRDA:48,7,0,2
BRDA:48,7,1,1
BRDA:50,8,0,0
BRDA:50,8,1,1
BRDA:54,9,0,1
BRDA:54,9,1,1
BRDA:57,10,0,1
BRDA:57,10,1,0
BRF:22
BRH:13
end_of_record
TN:
SF:middleware/authMiddleware.js
FN:4,(anonymous_0)
FNF:1
FNH:1
FNDA:5,(anonymous_0)
DA:1,2
DA:2,2
DA:4,2
DA:5,5
DA:6,5
DA:7,5
DA:8,5
DA:9,5
DA:10,5
DA:11,5
DA:12,4
DA:15,5
DA:16,0
DA:17,0
DA:20,5
DA:21,0
DA:23,5
DA:24,5
DA:25,1
DA:26,1
DA:29,4
DA:30,4
DA:32,4
DA:33,4
DA:35,4
DA:36,0
DA:37,0
DA:40,4
DA:41,4
DA:42,4
DA:44,0
DA:45,0
DA:49,2
LF:33
LH:26
BRDA:6,0,0,5
BRDA:6,0,1,5
BRDA:8,1,0,5
BRDA:8,1,1,1
BRDA:11,2,0,4
BRDA:11,2,1,1
BRDA:11,3,0,5
BRDA:11,3,1,4
BRDA:15,4,0,0
BRDA:15,4,1,5
BRDA:15,5,0,5
BRDA:15,5,1,1
BRDA:17,6,0,0
BRDA:17,6,1,0
BRDA:20,7,0,0
BRDA:20,7,1,5
BRDA:20,8,0,5
BRDA:20,8,1,1
BRDA:20,8,2,1
BRDA:23,9,0,4
BRDA:23,9,1,1
BRDA:24,10,0,1
BRDA:24,10,1,4
BRDA:29,11,0,4
BRDA:29,11,1,0
BRDA:33,12,0,4
BRDA:33,12,1,0
BRDA:35,13,0,0
BRDA:35,13,1,4
BRF:29
BRH:22
end_of_record
TN:
SF:middleware/cache.js
FN:9,(anonymous_0)
FN:10,(anonymous_1)
FN:39,(anonymous_2)
FN:42,(anonymous_3)
FN:64,(anonymous_4)
FN:65,(anonymous_5)
FN:69,(anonymous_6)
FN:108,(anonymous_7)
FN:109,(anonymous_8)
FN:110,(anonymous_9)
FN:113,(anonymous_10)
FN:114,(anonymous_11)
FN:115,(anonymous_12)
FN:116,(anonymous_13)
FN:119,(anonymous_14)
FN:120,(anonymous_15)
FN:121,(anonymous_16)
FN:124,(anonymous_17)
FN:125,(anonymous_18)
FN:126,(anonymous_19)
FN:129,(anonymous_20)
FN:130,(anonymous_21)
FN:133,(anonymous_22)
FN:134,(anonymous_23)
FNF:24
FNH:0
FNDA:0,(anonymous_0)
FNDA:0,(anonymous_1)
FNDA:0,(anonymous_2)
FNDA:0,(anonymous_3)
FNDA:0,(anonymous_4)
FNDA:0,(anonymous_5)
FNDA:0,(anonymous_6)
FNDA:0,(anonymous_7)
FNDA:0,(anonymous_8)
FNDA:0,(anonymous_9)
FNDA:0,(anonymous_10)
FNDA:0,(anonymous_11)
FNDA:0,(anonymous_12)
FNDA:0,(anonymous_13)
FNDA:0,(anonymous_14)
FNDA:0,(anonymous_15)
FNDA:0,(anonymous_16)
FNDA:0,(anonymous_17)
FNDA:0,(anonymous_18)
FNDA:0,(anonymous_19)
FNDA:0,(anonymous_20)
FNDA:0,(anonymous_21)
FNDA:0,(anonymous_22)
FNDA:0,(anonymous_23)
DA:1,0
DA:9,0
DA:10,0
DA:12,0
DA:13,0
DA:17,0
DA:21,0
DA:23,0
DA:25,0
DA:26,0
DA:27,0
DA:34,0
DA:37,0
DA:39,0
DA:41,0
DA:42,0
DA:43,0
DA:47,0
DA:50,0
DA:52,0
DA:54,0
DA:64,0
DA:65,0
DA:67,0
DA:69,0
DA:71,0
DA:74,0
DA:75,0
DA:77,0
DA:78,0
DA:79,0
DA:80,0
DA:82,0
DA:85,0
DA:86,0
DA:87,0
DA:88,0
DA:92,0
DA:96,0
DA:99,0
DA:106,0
DA:108,0
DA:109,0
DA:110,0
DA:113,0
DA:114,0
DA:115,0
DA:116,0
DA:119,0
DA:120,0
DA:121,0
DA:124,0
DA:125,0
DA:126,0
DA:129,0
DA:130,0
DA:133,0
DA:134,0
DA:137,0
LF:59
LH:0
BRDA:9,0,0,0
BRDA:9,1,0,0
BRDA:12,2,0,0
BRDA:12,2,1,0
BRDA:17,3,0,0
BRDA:17,3,1,0
BRDA:19,4,0,0
BRDA:19,4,1,0
BRDA:25,5,0,0
BRDA:25,5,1,0
BRDA:41,6,0,0
BRDA:41,6,1,0
BRDA:41,7,0,0
BRDA:41,7,1,0
BRDA:71,8,0,0
BRDA:71,8,1,0
BRDA:71,9,0,0
BRDA:71,9,1,0
BRDA:71,9,2,0
BRDA:77,10,0,0
BRDA:77,10,1,0
BRDA:79,11,0,0
BRDA:79,11,1,0
BRDA:87,12,0,0
BRDA:87,12,1,0
BRF:25
BRH:0
end_of_record
TN:
SF:middleware/csrf.js
FN:7,(anonymous_0)
FN:14,(anonymous_1)
FN:57,(anonymous_2)
FN:77,(anonymous_3)
FNF:4
FNH:3
FNDA:15,(anonymous_0)
FNDA:37,(anonymous_1)
FNDA:0,(anonymous_2)
FNDA:5,(anonymous_3)
DA:4,2
DA:7,2
DA:8,15
DA:11,2
DA:14,2
DA:16,37
DA:17,15
DA:18,15
DA:19,15
DA:26,15
DA:29,37
DA:30,37
DA:33,0
DA:34,0
DA:37,0
DA:38,0
DA:45,0
DA:49,0
DA:51,0
DA:52,0
DA:56,0
DA:57,0
DA:58,0
DA:61,0
DA:62,0
DA:64,0
DA:65,0
DA:66,0
DA:73,0
DA:77,2
DA:78,5
DA:84,2
LF:32
LH:15
BRDA:16,0,0,15
BRDA:16,0,1,22
BRDA:18,1,0,15
BRDA:18,1,1,15
BRDA:22,2,0,0
BRDA:22,2,1,15
BRDA:29,3,0,37
BRDA:29,3,1,0
BRDA:33,4,0,0
BRDA:33,4,1,0
BRDA:37,5,0,0
BRDA:37,5,1,0
BRDA:41,6,0,0
BRDA:41,6,1,0
BRDA:49,7,0,0
BRDA:49,7,1,0
BRDA:51,8,0,0
BRDA:51,8,1,0
BRDA:51,9,0,0
BRDA:51,9,1,0
BRDA:57,10,0,0
BRDA:57,10,1,0
BRDA:62,11,0,0
BRDA:62,11,1,0
BRDA:64,12,0,0
BRDA:64,12,1,0
BRDA:64,13,0,0
BRDA:64,13,1,0
BRDA:64,13,2,0
BRF:29
BRH:6
end_of_record
TN:
SF:middleware/imageOptimization.js
FN:39,(anonymous_0)
FN:116,(anonymous_1)
FN:140,(anonymous_2)
FN:141,(anonymous_3)
FN:189,(anonymous_4)
FN:211,(anonymous_5)
FN:242,(anonymous_6)
FN:265,(anonymous_7)
FN:293,(anonymous_8)
FN:296,(anonymous_9)
FN:316,(anonymous_10)
FNF:11
FNH:0
FNDA:0,(anonymous_0)
FNDA:0,(anonymous_1)
FNDA:0,(anonymous_2)
FNDA:0,(anonymous_3)
FNDA:0,(anonymous_4)
FNDA:0,(anonymous_5)
FNDA:0,(anonymous_6)
FNDA:0,(anonymous_7)
FNDA:0,(anonymous_8)
FNDA:0,(anonymous_9)
FNDA:0,(anonymous_10)
DA:1,0
DA:2,0
DA:3,0
DA:8,0
DA:39,0
DA:40,0
DA:46,0
DA:49,0
DA:50,0
DA:53,0
DA:54,0
DA:57,0
DA:58,0
DA:59,0
DA:62,0
DA:65,0
DA:66,0
DA:68,0
DA:69,0
DA:70,0
DA:72,0
DA:75,0
DA:76,0
DA:83,0
DA:84,0
DA:89,0
DA:90,0
DA:94,0
DA:95,0
DA:102,0
DA:104,0
DA:105,0
DA:116,0
DA:117,0
DA:119,0
DA:131,0
DA:132,0
DA:140,0
DA:141,0
DA:142,0
DA:144,0
DA:145,0
DA:148,0
DA:149,0
DA:151,0
DA:153,0
DA:154,0
DA:155,0
DA:158,0
DA:159,0
DA:170,0
DA:171,0
DA:174,0
DA:176,0
DA:181,0
DA:182,0
DA:184,0
DA:185,0
DA:186,0
DA:189,0
DA:190,0
DA:195,0
DA:198,0
DA:199,0
DA:211,0
DA:212,0
DA:213,0
DA:214,0
DA:215,0
DA:216,0
DA:217,0
DA:220,0
DA:228,0
DA:231,0
DA:232,0
DA:242,0
DA:243,0
DA:244,0
DA:245,0
DA:248,0
DA:252,0
DA:255,0
DA:256,0
DA:265,0
DA:266,0
DA:267,0
DA:268,0
DA:270,0
DA:282,0
DA:283,0
DA:293,0
DA:294,0
DA:295,0
DA:296,0
DA:297,0
DA:298,0
DA:301,0
DA:303,0
DA:305,0
DA:306,0
DA:307,0
DA:308,0
DA:309,0
DA:311,0
DA:312,0
DA:316,0
DA:317,0
DA:319,0
DA:322,0
DA:323,0
DA:327,0
LF:111
LH:0
BRDA:39,0,0,0
BRDA:42,1,0,0
BRDA:43,2,0,0
BRDA:44,3,0,0
BRDA:45,4,0,0
BRDA:53,5,0,0
BRDA:53,5,1,0
BRDA:69,6,0,0
BRDA:69,6,1,0
BRDA:75,7,0,0
BRDA:75,7,1,0
BRDA:77,8,0,0
BRDA:77,8,1,0
BRDA:83,9,0,0
BRDA:83,9,1,0
BRDA:83,10,0,0
BRDA:83,10,1,0
BRDA:89,11,0,0
BRDA:89,11,1,0
BRDA:94,12,0,0
BRDA:94,12,1,0
BRDA:140,13,0,0
BRDA:144,14,0,0
BRDA:144,14,1,0
BRDA:144,15,0,0
BRDA:144,15,1,0
BRDA:148,16,0,0
BRDA:148,16,1,0
BRDA:148,17,0,0
BRDA:148,17,1,0
BRDA:153,18,0,0
BRDA:153,18,1,0
BRDA:163,19,0,0
BRDA:163,19,1,0
BRDA:164,20,0,0
BRDA:164,20,1,0
BRDA:181,21,0,0
BRDA:181,21,1,0
BRDA:184,22,0,0
BRDA:184,22,1,0
BRDA:185,23,0,0
BRDA:185,23,1,0
BRDA:211,24,0,0
BRDA:211,25,0,0
BRDA:213,26,0,0
BRDA:213,26,1,0
BRDA:242,27,0,0
BRDA:244,28,0,0
BRDA:244,28,1,0
BRDA:293,29,0,0
BRF:50
BRH:0
end_of_record
TN:
SF:middleware/optionalAuthMiddleware.js
FN:4,(anonymous_0)
FNF:1
FNH:0
FNDA:0,(anonymous_0)
DA:1,2
DA:2,2
DA:4,2
DA:5,0
DA:6,0
DA:8,0
DA:10,0
DA:11,0
DA:14,0
DA:15,0
DA:16,0
DA:18,0
DA:19,0
DA:21,0
DA:25,0
DA:28,0
DA:30,0
DA:31,0
DA:32,0
DA:36,2
LF:20
LH:4
BRDA:8,0,0,0
BRDA:8,0,1,0
BRDA:15,1,0,0
BRDA:15,1,1,0
BRDA:18,2,0,0
BRDA:18,2,1,0
BRF:6
BRH:0
end_of_record
TN:
SF:middleware/pagination.js
FN:6,(anonymous_0)
FN:7,(anonymous_1)
FN:38,(anonymous_2)
FN:66,(anonymous_3)
FN:67,(anonymous_4)
FN:92,(anonymous_5)
FN:93,(anonymous_6)
FN:96,(anonymous_7)
FN:133,(anonymous_8)
FN:134,(anonymous_9)
FN:140,(anonymous_10)
FN:161,(anonymous_11)
FNF:12
FNH:11
FNDA:4,(anonymous_0)
FNDA:4,(anonymous_1)
FNDA:3,(anonymous_2)
FNDA:3,(anonymous_3)
FNDA:3,(anonymous_4)
FNDA:3,(anonymous_5)
FNDA:3,(anonymous_6)
FNDA:4,(anonymous_7)
FNDA:3,(anonymous_8)
FNDA:3,(anonymous_9)
FNDA:2,(anonymous_10)
FNDA:0,(anonymous_11)
DA:6,1
DA:7,4
DA:9,4
DA:10,4
DA:13,4
DA:14,4
DA:15,4
DA:17,4
DA:20,4
DA:26,4
DA:38,1
DA:39,3
DA:40,3
DA:42,3
DA:66,1
DA:67,3
DA:68,3
DA:69,3
DA:72,3
DA:73,1
DA:77,3
DA:79,3
DA:83,3
DA:92,1
DA:93,3
DA:94,3
DA:96,3
DA:97,4
DA:99,3
DA:100,1
DA:101,2
DA:102,0
DA:104,2
DA:110,3
DA:111,1
DA:112,1
DA:113,1
DA:116,3
DA:117,0
DA:118,0
DA:119,0
DA:122,3
DA:124,3
DA:133,1
DA:134,3
DA:135,3
DA:137,3
DA:139,1
DA:140,2
DA:144,2
DA:146,1
DA:150,1
DA:153,3
DA:161,1
DA:170,0
DA:172,0
DA:180,1
LF:57
LH:51
BRDA:6,0,0,3
BRDA:6,1,0,3
BRDA:9,2,0,4
BRDA:9,2,1,2
BRDA:10,3,0,4
BRDA:10,3,1,1
BRDA:13,4,0,1
BRDA:13,4,1,3
BRDA:14,5,0,1
BRDA:14,5,1,3
BRDA:15,6,0,1
BRDA:15,6,1,3
BRDA:38,7,0,3
BRDA:52,8,0,2
BRDA:52,8,1,1
BRDA:53,9,0,2
BRDA:53,9,1,1
BRDA:66,10,0,0
BRDA:66,11,0,3
BRDA:66,12,0,3
BRDA:68,13,0,3
BRDA:68,13,1,1
BRDA:69,14,0,3
BRDA:69,14,1,2
BRDA:72,15,0,1
BRDA:72,15,1,2
BRDA:72,16,0,3
BRDA:72,16,1,3
BRDA:77,17,0,1
BRDA:77,17,1,2
BRDA:92,18,0,0
BRDA:97,19,0,3
BRDA:97,19,1,1
BRDA:97,20,0,4
BRDA:97,20,1,3
BRDA:99,21,0,1
BRDA:99,21,1,2
BRDA:101,22,0,0
BRDA:101,22,1,2
BRDA:110,23,0,1
BRDA:110,23,1,2
BRDA:110,24,0,3
BRDA:110,24,1,2
BRDA:112,25,0,1
BRDA:112,25,1,0
BRDA:113,26,0,1
BRDA:113,26,1,0
BRDA:116,27,0,0
BRDA:116,27,1,3
BRDA:116,28,0,3
BRDA:116,28,1,3
BRDA:118,29,0,0
BRDA:118,29,1,0
BRDA:119,30,0,0
BRDA:119,30,1,0
BRDA:133,31,0,1
BRDA:135,32,0,3
BRDA:135,32,1,1
BRDA:137,33,0,1
BRDA:137,33,1,2
BRDA:137,34,0,3
BRDA:137,34,1,2
BRDA:144,35,0,1
BRDA:144,35,1,1
BRDA:161,36,0,0
BRDA:163,37,0,0
BRDA:164,38,0,0
BRDA:165,39,0,0
BRDA:166,40,0,0
BRDA:167,41,0,0
BRDA:168,42,0,0
BRDA:169,43,0,0
BRF:72
BRH:54
end_of_record
TN:
SF:middleware/security.js
FN:9,(anonymous_0)
FN:29,(anonymous_1)
FN:57,(anonymous_2)
FNF:3
FNH:2
FNDA:159,(anonymous_0)
FNDA:12,(anonymous_1)
FNDA:0,(anonymous_2)
DA:1,2
DA:2,2
DA:3,2
DA:6,2
DA:7,2
DA:9,2
DA:10,159
DA:14,2
DA:24,2
DA:29,12
DA:33,2
DA:41,2
DA:55,2
DA:58,0
DA:62,2
LF:15
LH:14
BRDA:10,0,0,159
BRDA:10,0,1,5
BRDA:10,0,2,154
BRDA:10,0,3,154
BRDA:16,1,0,2
BRDA:16,1,1,0
BRDA:16,2,0,0
BRDA:16,2,1,0
BRDA:26,3,0,2
BRDA:26,3,1,0
BRDA:29,4,0,12
BRDA:29,4,1,0
BRDA:35,5,0,2
BRDA:35,5,1,0
BRDA:35,6,0,0
BRDA:35,6,1,0
BRF:16
BRH:8
end_of_record
TN:
SF:middleware/validation.js
FN:4,(anonymous_0)
FN:5,(anonymous_1)
FN:9,(anonymous_2)
FN:26,(anonymous_3)
FN:27,(anonymous_4)
FN:31,(anonymous_5)
FN:376,(anonymous_6)
FNF:7
FNH:7
FNDA:36,(anonymous_0)
FNDA:17,(anonymous_1)
FNDA:11,(anonymous_2)
FNDA:8,(anonymous_3)
FNDA:4,(anonymous_4)
FNDA:1,(anonymous_5)
FNDA:3,(anonymous_6)
DA:1,3
DA:4,3
DA:5,36
DA:6,17
DA:8,17
DA:9,11
DA:14,10
DA:21,7
DA:26,3
DA:27,8
DA:28,4
DA:30,4
DA:31,1
DA:36,1
DA:43,3
DA:50,3
DA:96,3
DA:113,3
DA:167,3
DA:223,3
DA:284,3
DA:334,3
DA:354,3
DA:364,3
DA:377,3
DA:378,0
DA:380,3
DA:384,3
DA:393,3
DA:405,3
DA:451,3
DA:463,3
DA:477,3
DA:489,3
DA:500,3
DA:505,3
DA:515,3
LF:37
LH:36
BRDA:8,0,0,10
BRDA:8,0,1,7
BRDA:30,1,0,1
BRDA:30,1,1,3
BRDA:377,2,0,0
BRDA:377,2,1,3
BRDA:377,3,0,3
BRDA:377,3,1,1
BRF:8
BRH:7
end_of_record
TN:
SF:models/ChatSession.js
FNF:0
FNH:0
DA:2,2
DA:4,2
DA:10,2
DA:15,2
LF:4
LH:4
BRF:0
BRH:0
end_of_record
TN:
SF:models/Comment.js
FN:68,(anonymous_0)
FNF:1
FNH:0
FNDA:0,(anonymous_0)
DA:1,2
DA:3,2
DA:62,2
DA:63,2
DA:64,2
DA:65,2
DA:68,2
DA:69,0
DA:70,0
DA:72,0
DA:76,2
DA:77,2
DA:79,2
LF:13
LH:10
BRDA:69,0,0,0
BRDA:69,0,1,0
BRDA:69,1,0,0
BRDA:69,1,1,0
BRDA:72,2,0,0
BRDA:72,2,1,0
BRF:6
BRH:0
end_of_record
TN:
SF:models/Company.js
FNF:0
FNH:0
DA:2,2
DA:4,2
DA:24,2
DA:31,2
DA:98,2
LF:5
LH:5
BRF:0
BRH:0
end_of_record
TN:
SF:models/CompanyView.js
FNF:0
FNH:0
DA:1,2
DA:3,2
DA:9,2
DA:11,2
LF:4
LH:4
BRF:0
BRH:0
end_of_record
TN:
SF:models/Genealogy.js
FNF:0
FNH:0
DA:1,0
DA:2,0
DA:4,0
DA:10,0
DA:14,0
LF:5
LH:0
BRF:0
BRH:0
end_of_record
TN:
SF:models/LeadRequest.js
FNF:0
FNH:0
DA:1,2
DA:3,2
DA:18,2
DA:20,2
LF:4
LH:4
BRF:0
BRH:0
end_of_record
TN:
SF:models/Memorial.js
FN:27,(anonymous_0)
FN:106,(anonymous_1)
FN:259,(anonymous_2)
FN:272,(anonymous_3)
FN:281,(anonymous_4)
FN:318,(anonymous_5)
FN:323,(anonymous_6)
FN:335,(anonymous_7)
FN:348,(anonymous_8)
FNF:9
FNH:9
FNDA:5,(anonymous_0)
FNDA:3,(anonymous_1)
FNDA:4,(anonymous_2)
FNDA:56,(anonymous_3)
FNDA:5,(anonymous_4)
FNDA:5,(anonymous_5)
FNDA:5,(anonymous_6)
FNDA:5,(anonymous_7)
FNDA:1,(anonymous_8)
DA:1,2
DA:3,2
DA:28,5
DA:108,3
DA:259,2
DA:260,4
DA:269,4
DA:272,56
DA:281,2
DA:283,5
DA:284,3
DA:288,5
DA:289,2
DA:290,2
DA:294,5
DA:295,2
DA:298,2
DA:299,0
DA:302,2
DA:303,2
DA:305,2
DA:306,0
DA:307,0
DA:310,2
DA:314,5
DA:318,2
DA:319,5
DA:323,2
DA:324,5
DA:325,5
DA:326,5
DA:327,5
DA:328,5
DA:329,0
DA:331,5
DA:335,2
DA:336,5
DA:337,5
DA:338,5
DA:342,2
DA:343,2
DA:344,2
DA:345,2
DA:348,2
DA:349,1
DA:350,1
DA:354,2
DA:355,2
DA:357,2
LF:49
LH:45
BRDA:108,0,0,3
BRDA:108,0,1,3
BRDA:272,1,0,56
BRDA:272,1,1,0
BRDA:283,2,0,3
BRDA:283,2,1,2
BRDA:288,3,0,2
BRDA:288,3,1,3
BRDA:289,4,0,2
BRDA:289,4,1,0
BRDA:294,5,0,2
BRDA:294,5,1,3
BRDA:294,6,0,5
BRDA:294,6,1,2
BRDA:298,7,0,0
BRDA:298,7,1,2
BRDA:298,8,0,2
BRDA:298,8,1,2
BRDA:298,8,2,2
BRDA:299,9,0,0
BRDA:299,9,1,0
BRDA:328,10,0,0
BRDA:328,10,1,5
BRDA:328,11,0,5
BRDA:328,11,1,5
BRDA:328,11,2,0
BRF:26
BRH:19
end_of_record
TN:
SF:models/Notification.js
FNF:0
FNH:0
DA:1,2
DA:3,2
DA:13,2
DA:14,2
DA:15,2
DA:16,2
DA:17,2
LF:7
LH:7
BRF:0
BRH:0
end_of_record
TN:
SF:models/Order.js
FNF:0
FNH:0
DA:1,2
DA:3,2
DA:32,2
DA:33,2
DA:34,2
DA:35,2
LF:6
LH:6
BRF:0
BRH:0
end_of_record
TN:
SF:models/Page.js
FNF:0
FNH:0
DA:1,2
DA:3,2
DA:12,2
LF:3
LH:3
BRF:0
BRH:0
end_of_record
TN:
SF:models/PhotoComment.js
FNF:0
FNH:0
DA:1,2
DA:3,2
DA:36,2
DA:38,2
LF:4
LH:4
BRF:0
BRH:0
end_of_record
TN:
SF:models/PoolHistory.js
FNF:0
FNH:0
DA:1,2
DA:3,2
DA:24,2
DA:25,2
DA:27,2
LF:5
LH:5
BRF:0
BRH:0
end_of_record
TN:
SF:models/Product.js
FNF:0
FNH:0
DA:1,2
DA:3,2
DA:19,2
LF:3
LH:3
BRF:0
BRH:0
end_of_record
TN:
SF:models/PsychologistSession.js
FNF:0
FNH:0
DA:1,0
DA:3,0
DA:17,0
DA:18,0
DA:20,0
LF:5
LH:0
BRF:0
BRH:0
end_of_record
TN:
SF:models/ReligiousContact.js
FNF:0
FNH:0
DA:1,2
DA:3,2
DA:13,2
LF:3
LH:3
BRF:0
BRH:0
end_of_record
TN:
SF:models/ReligiousDocument.js
FNF:0
FNH:0
DA:1,2
DA:3,2
DA:13,2
LF:3
LH:3
BRF:0
BRH:0
end_of_record
TN:
SF:models/ReligiousEvent.js
FNF:0
FNH:0
DA:1,2
DA:3,2
DA:25,2
LF:3
LH:3
BRF:0
BRH:0
end_of_record
TN:
SF:models/ReligiousEventReport.js
FNF:0
FNH:0
DA:1,2
DA:3,2
DA:13,2
LF:3
LH:3
BRF:0
BRH:0
end_of_record
TN:
SF:models/ReligiousGallery.js
FNF:0
FNH:0
DA:2,2
DA:4,2
DA:19,2
LF:3
LH:3
BRF:0
BRH:0
end_of_record
TN:
SF:models/ReligiousNews.js
FNF:0
FNH:0
DA:1,2
DA:3,2
DA:14,2
LF:3
LH:3
BRF:0
BRH:0
end_of_record
TN:
SF:models/ReligiousOrganization.js
FNF:0
FNH:0
DA:3,2
DA:5,2
DA:52,2
DA:53,2
DA:55,2
LF:5
LH:5
BRF:0
BRH:0
end_of_record
TN:
SF:models/ReligiousProduct.js
FNF:0
FNH:0
DA:2,2
DA:4,2
DA:15,2
LF:3
LH:3
BRF:0
BRH:0
end_of_record
TN:
SF:models/ReligiousProductOrder.js
FNF:0
FNH:0
DA:2,0
DA:4,0
DA:14,0
LF:3
LH:0
BRF:0
BRH:0
end_of_record
TN:
SF:models/ReligiousReview.js
FNF:0
FNH:0
DA:2,0
DA:4,0
DA:14,0
LF:3
LH:0
BRF:0
BRH:0
end_of_record
TN:
SF:models/ReligiousSchedule.js
FNF:0
FNH:0
DA:2,2
DA:4,2
DA:16,2
LF:3
LH:3
BRF:0
BRH:0
end_of_record
TN:
SF:models/ReligiousService.js
FNF:0
FNH:0
DA:2,2
DA:4,2
DA:18,2
DA:19,2
DA:21,2
LF:5
LH:5
BRF:0
BRH:0
end_of_record
TN:
SF:models/ReligiousServiceOrder.js
FNF:0
FNH:0
DA:2,0
DA:4,0
DA:14,0
LF:3
LH:0
BRF:0
BRH:0
end_of_record
TN:
SF:models/ReligiousTeamMember.js
FNF:0
FNH:0
DA:1,2
DA:3,2
DA:14,2
LF:3
LH:3
BRF:0
BRH:0
end_of_record
TN:
SF:models/Report.js
FNF:0
FNH:0
DA:1,2
DA:3,2
DA:12,2
LF:3
LH:3
BRF:0
BRH:0
end_of_record
TN:
SF:models/TimelineEvent.js
FN:84,(anonymous_0)
FN:101,(anonymous_1)
FN:116,(anonymous_2)
FNF:3
FNH:0
FNDA:0,(anonymous_0)
FNDA:0,(anonymous_1)
FNDA:0,(anonymous_2)
DA:1,2
DA:3,2
DA:79,2
DA:80,2
DA:81,2
DA:84,2
DA:85,0
DA:86,0
DA:87,0
DA:89,0
DA:90,0
DA:91,0
DA:92,0
DA:94,0
DA:97,0
DA:101,2
DA:102,0
DA:104,0
DA:105,0
DA:107,0
DA:109,0
DA:110,0
DA:112,0
DA:116,2
DA:117,0
DA:118,0
DA:126,2
DA:127,2
DA:129,2
LF:29
LH:11
BRDA:85,0,0,0
BRDA:85,0,1,0
BRDA:85,1,0,0
BRDA:85,1,1,0
BRDA:89,2,0,0
BRDA:89,2,1,0
BRDA:90,3,0,0
BRDA:90,3,1,0
BRDA:91,4,0,0
BRDA:91,4,1,0
BRDA:92,5,0,0
BRDA:92,5,1,0
BRDA:102,6,0,0
BRDA:102,6,1,0
BRDA:102,7,0,0
BRDA:102,7,1,0
BRDA:107,8,0,0
BRDA:107,8,1,0
BRF:18
BRH:0
end_of_record
TN:
SF:models/User.js
FN:158,(anonymous_0)
FN:171,(anonymous_1)
FN:176,(anonymous_2)
FNF:3
FNH:3
FNDA:5,(anonymous_0)
FNDA:5,(anonymous_1)
FNDA:16,(anonymous_2)
DA:1,2
DA:2,2
DA:4,2
DA:158,2
DA:159,5
DA:161,5
DA:162,5
DA:163,5
DA:164,5
DA:166,0
DA:171,2
DA:172,5
DA:176,2
DA:177,16
DA:178,16
DA:179,16
DA:180,16
DA:181,16
DA:182,16
DA:185,2
LF:20
LH:19
BRDA:159,0,0,0
BRDA:159,0,1,5
BRF:2
BRH:1
end_of_record
TN:
SF:models/VirtualItem.js
FN:20,(anonymous_0)
FN:27,(anonymous_1)
FN:34,(anonymous_2)
FNF:3
FNH:0
FNDA:0,(anonymous_0)
FNDA:0,(anonymous_1)
FNDA:0,(anonymous_2)
DA:1,2
DA:3,2
DA:22,0
DA:29,0
DA:36,0
DA:62,2
DA:67,2
LF:7
LH:4
BRDA:22,0,0,0
BRDA:22,0,1,0
BRDA:29,1,0,0
BRDA:29,1,1,0
BRDA:36,2,0,0
BRDA:36,2,1,0
BRF:6
BRH:0
end_of_record
TN:
SF:routes/admin.js
FN:12,(anonymous_0)
FNF:1
FNH:0
FNDA:0,(anonymous_0)
DA:1,2
DA:2,2
DA:3,2
DA:4,2
DA:5,2
DA:6,2
DA:7,2
DA:8,2
DA:9,2
DA:12,2
DA:13,0
DA:14,0
DA:24,0
DA:34,0
DA:38,2
LF:15
LH:11
BRF:0
BRH:0
end_of_record
TN:
SF:routes/adminPaid.js
FN:7,(anonymous_0)
FNF:1
FNH:0
FNDA:0,(anonymous_0)
DA:1,2
DA:2,2
DA:3,2
DA:4,2
DA:7,2
DA:8,0
DA:9,0
DA:10,0
DA:12,0
DA:13,0
DA:14,0
DA:16,0
DA:17,0
DA:18,0
DA:20,0
DA:24,2
LF:16
LH:6
BRDA:9,0,0,0
BRDA:9,0,1,0
BRDA:9,1,0,0
BRDA:9,1,1,0
BRDA:13,2,0,0
BRDA:13,2,1,0
BRDA:13,3,0,0
BRDA:13,3,1,0
BRDA:17,4,0,0
BRDA:17,4,1,0
BRF:10
BRH:0
end_of_record
TN:
SF:routes/auth.js
FN:14,(anonymous_0)
FN:22,(anonymous_1)
FN:29,(anonymous_2)
FN:38,(anonymous_3)
FN:49,(anonymous_4)
FN:54,(anonymous_5)
FN:79,(anonymous_6)
FN:140,(anonymous_7)
FN:162,(anonymous_8)
FN:239,(anonymous_9)
FN:277,(anonymous_10)
FNF:11
FNH:3
FNDA:0,(anonymous_0)
FNDA:0,(anonymous_1)
FNDA:0,(anonymous_2)
FNDA:0,(anonymous_3)
FNDA:9,(anonymous_4)
FNDA:7,(anonymous_5)
FNDA:5,(anonymous_6)
FNDA:0,(anonymous_7)
FNDA:0,(anonymous_8)
FNDA:0,(anonymous_9)
FNDA:0,(anonymous_10)
DA:1,2
DA:2,2
DA:3,2
DA:4,2
DA:5,2
DA:6,2
DA:7,2
DA:8,2
DA:10,2
DA:13,2
DA:14,2
DA:15,0
DA:16,0
DA:21,2
DA:23,0
DA:24,0
DA:25,0
DA:27,0
DA:30,0
DA:31,0
DA:35,2
DA:39,0
DA:40,0
DA:42,0
DA:49,2
DA:50,9
DA:54,2
DA:55,7
DA:56,7
DA:57,7
DA:58,7
DA:59,0
DA:61,7
DA:62,1
DA:64,6
DA:65,6
DA:66,1
DA:68,5
DA:69,5
DA:70,5
DA:71,5
DA:73,0
DA:74,0
DA:79,2
DA:80,5
DA:81,5
DA:84,5
DA:85,0
DA:91,5
DA:92,5
DA:93,0
DA:97,5
DA:98,5
DA:99,1
DA:103,4
DA:106,4
DA:113,4
DA:131,0
DA:132,0
DA:140,2
DA:141,0
DA:142,0
DA:154,0
DA:155,0
DA:162,2
DA:163,0
DA:170,0
DA:171,0
DA:172,0
DA:174,0
DA:175,0
DA:177,0
DA:181,0
DA:182,0
DA:186,0
DA:188,0
DA:189,0
DA:190,0
DA:191,0
DA:192,0
DA:193,0
DA:194,0
DA:195,0
DA:196,0
DA:197,0
DA:198,0
DA:199,0
DA:200,0
DA:201,0
DA:202,0
DA:205,0
DA:207,0
DA:208,0
DA:209,0
DA:210,0
DA:211,0
DA:215,0
DA:218,0
DA:225,0
DA:226,0
DA:231,0
DA:232,0
DA:239,2
DA:240,0
DA:241,0
DA:243,0
DA:244,0
DA:249,0
DA:250,0
DA:256,0
DA:257,0
DA:258,0
DA:264,0
DA:265,0
DA:267,0
DA:269,0
DA:270,0
DA:277,2
DA:278,0
DA:289,2
LF:120
LH:46
BRDA:15,0,0,0
BRDA:15,0,1,0
BRDA:24,1,0,0
BRDA:24,1,1,0
BRDA:39,2,0,0
BRDA:39,2,1,0
BRDA:50,3,0,9
BRDA:50,3,1,0
BRDA:57,4,0,7
BRDA:57,4,1,3
BRDA:57,4,2,1
BRDA:58,5,0,0
BRDA:58,5,1,7
BRDA:58,6,0,7
BRDA:58,6,1,7
BRDA:58,6,2,7
BRDA:61,7,0,1
BRDA:61,7,1,6
BRDA:65,8,0,1
BRDA:65,8,1,5
BRDA:84,9,0,0
BRDA:84,9,1,5
BRDA:84,10,0,5
BRDA:84,10,1,5
BRDA:92,11,0,0
BRDA:92,11,1,5
BRDA:98,12,0,1
BRDA:98,12,1,4
BRDA:174,13,0,0
BRDA:174,13,1,0
BRDA:175,14,0,0
BRDA:175,14,1,0
BRDA:181,15,0,0
BRDA:181,15,1,0
BRDA:188,16,0,0
BRDA:188,16,1,0
BRDA:189,17,0,0
BRDA:189,17,1,0
BRDA:190,18,0,0
BRDA:190,18,1,0
BRDA:191,19,0,0
BRDA:191,19,1,0
BRDA:192,20,0,0
BRDA:192,20,1,0
BRDA:193,21,0,0
BRDA:193,21,1,0
BRDA:194,22,0,0
BRDA:194,22,1,0
BRDA:195,23,0,0
BRDA:195,23,1,0
BRDA:196,24,0,0
BRDA:196,24,1,0
BRDA:197,25,0,0
BRDA:197,25,1,0
BRDA:198,26,0,0
BRDA:198,26,1,0
BRDA:199,27,0,0
BRDA:199,27,1,0
BRDA:200,28,0,0
BRDA:200,28,1,0
BRDA:201,29,0,0
BRDA:201,29,1,0
BRDA:202,30,0,0
BRDA:202,30,1,0
BRDA:205,31,0,0
BRDA:205,31,1,0
BRDA:208,32,0,0
BRDA:208,32,1,0
BRDA:210,33,0,0
BRDA:210,33,1,0
BRDA:243,34,0,0
BRDA:243,34,1,0
BRDA:243,35,0,0
BRDA:243,35,1,0
BRDA:249,36,0,0
BRDA:249,36,1,0
BRDA:257,37,0,0
BRDA:257,37,1,0
BRF:78
BRH:18
end_of_record
TN:
SF:routes/checkCompanySlug.js
FN:6,(anonymous_0)
FNF:1
FNH:0
FNDA:0,(anonymous_0)
DA:1,0
DA:2,0
DA:3,0
DA:6,0
DA:7,0
DA:8,0
DA:9,0
DA:10,0
DA:11,0
DA:13,0
DA:14,0
DA:15,0
DA:19,0
LF:13
LH:0
BRDA:9,0,0,0
BRDA:9,0,1,0
BRDA:9,1,0,0
BRDA:9,1,1,0
BRDA:14,2,0,0
BRDA:14,2,1,0
BRDA:14,3,0,0
BRDA:14,3,1,0
BRDA:15,4,0,0
BRDA:15,4,1,0
BRF:10
BRH:0
end_of_record
TN:
SF:routes/comments.js
FN:10,(anonymous_0)
FN:16,(anonymous_1)
FN:44,(anonymous_2)
FN:79,(anonymous_3)
FN:107,(anonymous_4)
FN:132,(anonymous_5)
FNF:6
FNH:0
FNDA:0,(anonymous_0)
FNDA:0,(anonymous_1)
FNDA:0,(anonymous_2)
FNDA:0,(anonymous_3)
FNDA:0,(anonymous_4)
FNDA:0,(anonymous_5)
DA:1,2
DA:2,2
DA:3,2
DA:4,2
DA:5,2
DA:7,2
DA:10,2
DA:11,0
DA:12,0
DA:16,2
DA:17,0
DA:18,0
DA:19,0
DA:23,0
DA:24,0
DA:26,0
DA:31,0
DA:32,0
DA:39,0
DA:44,2
DA:45,0
DA:46,0
DA:49,0
DA:50,0
DA:51,0
DA:55,0
DA:56,0
DA:59,0
DA:69,0
DA:70,0
DA:72,0
DA:74,0
DA:79,2
DA:80,0
DA:81,0
DA:83,0
DA:84,0
DA:88,0
DA:89,0
DA:92,0
DA:94,0
DA:95,0
DA:97,0
DA:98,0
DA:100,0
DA:102,0
DA:107,2
DA:108,0
DA:109,0
DA:111,0
DA:112,0
DA:116,0
DA:117,0
DA:119,0
DA:120,0
DA:123,0
DA:125,0
DA:127,0
DA:132,2
DA:133,0
DA:134,0
DA:136,0
DA:137,0
DA:141,0
DA:142,0
DA:145,0
DA:146,0
DA:148,0
DA:150,0
DA:154,2
LF:70
LH:13
BRDA:18,0,0,0
BRDA:18,1,0,0
BRDA:23,2,0,0
BRDA:23,2,1,0
BRDA:50,3,0,0
BRDA:50,3,1,0
BRDA:55,4,0,0
BRDA:55,4,1,0
BRDA:55,5,0,0
BRDA:55,5,1,0
BRDA:62,6,0,0
BRDA:62,6,1,0
BRDA:63,7,0,0
BRDA:63,7,1,0
BRDA:65,8,0,0
BRDA:65,8,1,0
BRDA:83,9,0,0
BRDA:83,9,1,0
BRDA:88,10,0,0
BRDA:88,10,1,0
BRDA:88,11,0,0
BRDA:88,11,1,0
BRDA:94,12,0,0
BRDA:94,12,1,0
BRDA:95,13,0,0
BRDA:95,13,1,0
BRDA:111,14,0,0
BRDA:111,14,1,0
BRDA:116,15,0,0
BRDA:116,15,1,0
BRDA:119,16,0,0
BRDA:119,16,1,0
BRDA:119,17,0,0
BRDA:119,17,1,0
BRDA:136,18,0,0
BRDA:136,18,1,0
BRDA:141,19,0,0
BRDA:141,19,1,0
BRF:38
BRH:0
end_of_record
TN:
SF:routes/companies.js
FN:12,(anonymous_0)
FN:28,(anonymous_1)
FN:56,(anonymous_2)
FN:78,(anonymous_3)
FN:104,(anonymous_4)
FN:107,(anonymous_5)
FN:116,(anonymous_6)
FN:127,(anonymous_7)
FN:145,(anonymous_8)
FN:160,(anonymous_9)
FN:173,(anonymous_10)
FN:188,(anonymous_11)
FN:208,(anonymous_12)
FN:211,(anonymous_13)
FN:220,(anonymous_14)
FN:231,(anonymous_15)
FN:253,(anonymous_16)
FN:287,(anonymous_17)
FN:298,(anonymous_18)
FN:378,(anonymous_19)
FN:395,(anonymous_20)
FN:398,(anonymous_21)
FN:407,(anonymous_22)
FN:416,(anonymous_23)
FN:428,(anonymous_24)
FN:437,(anonymous_25)
FN:446,(anonymous_26)
FN:464,(anonymous_27)
FN:467,(anonymous_28)
FN:477,(anonymous_29)
FN:486,(anonymous_30)
FN:500,translit
FN:503,(anonymous_32)
FN:533,(anonymous_33)
FN:542,(anonymous_34)
FN:569,(anonymous_35)
FN:577,(anonymous_36)
FN:589,(anonymous_37)
FN:608,(anonymous_38)
FN:611,(anonymous_39)
FN:620,(anonymous_40)
FN:644,(anonymous_41)
FN:663,(anonymous_42)
FN:690,(anonymous_43)
FN:717,(anonymous_44)
FN:733,(anonymous_45)
FN:744,(anonymous_46)
FN:749,(anonymous_47)
FN:756,(anonymous_48)
FN:772,(anonymous_49)
FN:783,(anonymous_50)
FN:788,(anonymous_51)
FN:795,(anonymous_52)
FN:811,(anonymous_53)
FN:841,(anonymous_54)
FN:856,(anonymous_55)
FN:863,translit
FN:866,(anonymous_57)
FN:901,(anonymous_58)
FN:905,(anonymous_59)
FN:918,(anonymous_60)
FNF:61
FNH:0
FNDA:0,(anonymous_0)
FNDA:0,(anonymous_1)
FNDA:0,(anonymous_2)
FNDA:0,(anonymous_3)
FNDA:0,(anonymous_4)
FNDA:0,(anonymous_5)
FNDA:0,(anonymous_6)
FNDA:0,(anonymous_7)
FNDA:0,(anonymous_8)
FNDA:0,(anonymous_9)
FNDA:0,(anonymous_10)
FNDA:0,(anonymous_11)
FNDA:0,(anonymous_12)
FNDA:0,(anonymous_13)
FNDA:0,(anonymous_14)
FNDA:0,(anonymous_15)
FNDA:0,(anonymous_16)
FNDA:0,(anonymous_17)
FNDA:0,(anonymous_18)
FNDA:0,(anonymous_19)
FNDA:0,(anonymous_20)
FNDA:0,(anonymous_21)
FNDA:0,(anonymous_22)
FNDA:0,(anonymous_23)
FNDA:0,(anonymous_24)
FNDA:0,(anonymous_25)
FNDA:0,(anonymous_26)
FNDA:0,(anonymous_27)
FNDA:0,(anonymous_28)
FNDA:0,(anonymous_29)
FNDA:0,(anonymous_30)
FNDA:0,translit
FNDA:0,(anonymous_32)
FNDA:0,(anonymous_33)
FNDA:0,(anonymous_34)
FNDA:0,(anonymous_35)
FNDA:0,(anonymous_36)
FNDA:0,(anonymous_37)
FNDA:0,(anonymous_38)
FNDA:0,(anonymous_39)
FNDA:0,(anonymous_40)
FNDA:0,(anonymous_41)
FNDA:0,(anonymous_42)
FNDA:0,(anonymous_43)
FNDA:0,(anonymous_44)
FNDA:0,(anonymous_45)
FNDA:0,(anonymous_46)
FNDA:0,(anonymous_47)
FNDA:0,(anonymous_48)
FNDA:0,(anonymous_49)
FNDA:0,(anonymous_50)
FNDA:0,(anonymous_51)
FNDA:0,(anonymous_52)
FNDA:0,(anonymous_53)
FNDA:0,(anonymous_54)
FNDA:0,(anonymous_55)
FNDA:0,translit
FNDA:0,(anonymous_57)
FNDA:0,(anonymous_58)
FNDA:0,(anonymous_59)
FNDA:0,(anonymous_60)
DA:1,2
DA:2,2
DA:3,2
DA:4,2
DA:5,2
DA:6,2
DA:7,2
DA:8,2
DA:9,2
DA:12,2
DA:13,0
DA:14,0
DA:15,0
DA:16,0
DA:17,0
DA:18,0
DA:19,0
DA:20,0
DA:21,0
DA:23,0
DA:28,2
DA:29,0
DA:30,0
DA:31,0
DA:32,0
DA:33,0
DA:34,0
DA:36,0
DA:37,0
DA:38,0
DA:39,0
DA:40,0
DA:41,0
DA:43,0
DA:46,0
DA:49,0
DA:52,2
DA:53,2
DA:56,2
DA:57,0
DA:58,0
DA:60,0
DA:64,0
DA:67,0
DA:68,0
DA:69,0
DA:70,0
DA:74,0
DA:75,0
DA:76,0
DA:77,0
DA:78,0
DA:79,0
DA:83,0
DA:85,0
DA:86,0
DA:88,0
DA:95,0
DA:99,2
DA:100,2
DA:101,0
DA:103,2
DA:105,0
DA:108,0
DA:109,0
DA:110,0
DA:113,2
DA:116,2
DA:117,0
DA:118,0
DA:119,0
DA:120,0
DA:122,0
DA:127,2
DA:128,0
DA:129,0
DA:130,0
DA:131,0
DA:132,0
DA:133,0
DA:134,0
DA:135,0
DA:136,0
DA:137,0
DA:138,0
DA:140,0
DA:145,2
DA:146,0
DA:147,0
DA:148,0
DA:149,0
DA:150,0
DA:151,0
DA:152,0
DA:153,0
DA:154,0
DA:156,0
DA:160,2
DA:161,0
DA:162,0
DA:163,0
DA:164,0
DA:166,0
DA:167,0
DA:169,0
DA:173,2
DA:174,0
DA:175,0
DA:176,0
DA:177,0
DA:178,0
DA:181,0
DA:182,0
DA:184,0
DA:188,2
DA:189,0
DA:190,0
DA:191,0
DA:192,0
DA:193,0
DA:194,0
DA:195,0
DA:196,0
DA:197,0
DA:199,0
DA:203,2
DA:204,2
DA:205,0
DA:207,2
DA:209,0
DA:212,0
DA:213,0
DA:214,0
DA:217,2
DA:220,2
DA:221,0
DA:222,0
DA:223,0
DA:224,0
DA:226,0
DA:231,2
DA:232,0
DA:233,0
DA:234,0
DA:235,0
DA:236,0
DA:237,0
DA:238,0
DA:239,0
DA:240,0
DA:241,0
DA:243,0
DA:244,0
DA:245,0
DA:247,0
DA:253,2
DA:254,0
DA:255,0
DA:256,0
DA:257,0
DA:258,0
DA:261,0
DA:263,0
DA:264,0
DA:265,0
DA:266,0
DA:267,0
DA:268,0
DA:269,0
DA:273,0
DA:274,0
DA:275,0
DA:279,0
DA:280,0
DA:282,0
DA:287,2
DA:288,0
DA:289,0
DA:290,0
DA:291,0
DA:293,0
DA:298,2
DA:299,0
DA:300,0
DA:301,0
DA:302,0
DA:303,0
DA:304,0
DA:305,0
DA:306,0
DA:307,0
DA:308,0
DA:309,0
DA:310,0
DA:312,0
DA:313,0
DA:314,0
DA:315,0
DA:316,0
DA:321,0
DA:322,0
DA:323,0
DA:324,0
DA:329,0
DA:331,0
DA:332,0
DA:333,0
DA:334,0
DA:335,0
DA:336,0
DA:337,0
DA:339,0
DA:378,2
DA:379,0
DA:380,0
DA:381,0
DA:382,0
DA:383,0
DA:385,0
DA:390,2
DA:391,2
DA:392,0
DA:394,2
DA:396,0
DA:399,0
DA:400,0
DA:401,0
DA:404,2
DA:407,2
DA:408,0
DA:409,0
DA:410,0
DA:411,0
DA:412,0
DA:414,0
DA:415,0
DA:416,0
DA:419,0
DA:420,0
DA:421,0
DA:423,0
DA:428,2
DA:429,0
DA:430,0
DA:431,0
DA:432,0
DA:434,0
DA:435,0
DA:437,0
DA:438,0
DA:439,0
DA:441,0
DA:446,2
DA:447,0
DA:448,0
DA:449,0
DA:450,0
DA:452,0
DA:453,0
DA:459,2
DA:460,2
DA:461,0
DA:463,2
DA:465,0
DA:468,0
DA:469,0
DA:470,0
DA:473,2
DA:477,2
DA:478,0
DA:479,0
DA:480,0
DA:481,0
DA:482,0
DA:483,0
DA:484,0
DA:485,0
DA:486,0
DA:490,0
DA:491,0
DA:493,0
DA:494,0
DA:495,0
DA:496,0
DA:501,0
DA:502,0
DA:503,0
DA:504,0
DA:505,0
DA:506,0
DA:507,0
DA:508,0
DA:509,0
DA:514,0
DA:515,0
DA:516,0
DA:529,0
DA:530,0
DA:532,0
DA:533,0
DA:534,0
DA:535,0
DA:537,0
DA:542,2
DA:543,0
DA:544,0
DA:545,0
DA:546,0
DA:547,0
DA:548,0
DA:549,0
DA:550,0
DA:551,0
DA:552,0
DA:553,0
DA:554,0
DA:555,0
DA:556,0
DA:558,0
DA:559,0
DA:560,0
DA:561,0
DA:562,0
DA:564,0
DA:568,0
DA:569,0
DA:570,0
DA:572,0
DA:576,0
DA:577,0
DA:578,0
DA:581,0
DA:582,0
DA:584,0
DA:589,2
DA:590,0
DA:591,0
DA:592,0
DA:593,0
DA:594,0
DA:595,0
DA:597,0
DA:603,2
DA:604,2
DA:605,0
DA:607,2
DA:609,0
DA:612,0
DA:613,0
DA:614,0
DA:617,2
DA:620,2
DA:621,0
DA:622,0
DA:623,0
DA:624,0
DA:626,0
DA:627,0
DA:628,0
DA:631,0
DA:632,0
DA:633,0
DA:634,0
DA:635,0
DA:637,0
DA:639,0
DA:644,2
DA:645,0
DA:646,0
DA:647,0
DA:648,0
DA:649,0
DA:650,0
DA:651,0
DA:652,0
DA:653,0
DA:654,0
DA:656,0
DA:658,0
DA:663,2
DA:664,0
DA:665,0
DA:666,0
DA:667,0
DA:668,0
DA:669,0
DA:670,0
DA:671,0
DA:672,0
DA:673,0
DA:674,0
DA:675,0
DA:676,0
DA:677,0
DA:678,0
DA:679,0
DA:680,0
DA:681,0
DA:682,0
DA:684,0
DA:690,2
DA:691,0
DA:692,0
DA:693,0
DA:694,0
DA:695,0
DA:696,0
DA:697,0
DA:698,0
DA:700,0
DA:717,2
DA:718,0
DA:719,0
DA:720,0
DA:721,0
DA:722,0
DA:723,0
DA:724,0
DA:725,0
DA:726,0
DA:728,0
DA:733,2
DA:734,0
DA:735,0
DA:736,0
DA:737,0
DA:739,0
DA:744,2
DA:745,0
DA:746,0
DA:747,0
DA:748,0
DA:749,0
DA:750,0
DA:751,0
DA:753,0
DA:756,2
DA:757,0
DA:758,0
DA:759,0
DA:760,0
DA:761,0
DA:762,0
DA:763,0
DA:764,0
DA:765,0
DA:767,0
DA:772,2
DA:773,0
DA:774,0
DA:775,0
DA:776,0
DA:778,0
DA:783,2
DA:784,0
DA:785,0
DA:786,0
DA:787,0
DA:788,0
DA:789,0
DA:790,0
DA:792,0
DA:795,2
DA:796,0
DA:797,0
DA:798,0
DA:799,0
DA:800,0
DA:801,0
DA:802,0
DA:803,0
DA:804,0
DA:806,0
DA:811,2
DA:812,0
DA:813,0
DA:814,0
DA:815,0
DA:818,0
DA:819,0
DA:820,0
DA:821,0
DA:822,0
DA:826,0
DA:827,0
DA:828,0
DA:829,0
DA:830,0
DA:833,0
DA:835,0
DA:836,0
DA:841,2
DA:842,0
DA:843,0
DA:844,0
DA:845,0
DA:846,0
DA:847,0
DA:848,0
DA:849,0
DA:851,0
DA:856,2
DA:857,0
DA:858,0
DA:859,0
DA:860,0
DA:864,0
DA:865,0
DA:866,0
DA:867,0
DA:868,0
DA:869,0
DA:870,0
DA:871,0
DA:872,0
DA:875,0
DA:876,0
DA:877,0
DA:879,0
DA:880,0
DA:881,0
DA:884,0
DA:892,0
DA:893,0
DA:895,0
DA:896,0
DA:901,2
DA:902,0
DA:903,0
DA:905,0
DA:906,0
DA:907,0
DA:908,0
DA:910,0
DA:912,0
DA:913,0
DA:918,2
DA:919,0
DA:920,0
DA:921,0
DA:923,0
DA:924,0
DA:926,0
DA:928,0
DA:930,0
DA:932,0
DA:933,0
DA:934,0
DA:935,0
DA:936,0
DA:937,0
DA:938,0
DA:939,0
DA:941,0
DA:942,0
DA:943,0
DA:944,0
DA:945,0
DA:951,0
DA:952,0
DA:953,0
DA:954,0
DA:959,0
DA:962,0
DA:963,0
DA:964,0
DA:965,0
DA:967,0
DA:968,0
DA:969,0
DA:971,0
DA:972,0
DA:976,2
LF:573
LH:69
BRDA:15,0,0,0
BRDA:15,0,1,0
BRDA:16,1,0,0
BRDA:16,1,1,0
BRDA:18,2,0,0
BRDA:18,2,1,0
BRDA:31,3,0,0
BRDA:31,3,1,0
BRDA:32,4,0,0
BRDA:32,4,1,0
BRDA:34,5,0,0
BRDA:34,5,1,0
BRDA:37,6,0,0
BRDA:37,6,1,0
BRDA:40,7,0,0
BRDA:40,7,1,0
BRDA:40,8,0,0
BRDA:40,8,1,0
BRDA:64,9,0,0
BRDA:64,9,1,0
BRDA:79,10,0,0
BRDA:79,10,1,0
BRDA:86,11,0,0
BRDA:86,11,1,0
BRDA:86,12,0,0
BRDA:86,12,1,0
BRDA:100,13,0,0
BRDA:100,13,1,2
BRDA:119,14,0,0
BRDA:119,14,1,0
BRDA:120,15,0,0
BRDA:120,15,1,0
BRDA:130,16,0,0
BRDA:130,16,1,0
BRDA:131,17,0,0
BRDA:131,17,1,0
BRDA:133,18,0,0
BRDA:133,18,1,0
BRDA:133,19,0,0
BRDA:133,19,1,0
BRDA:134,20,0,0
BRDA:134,20,1,0
BRDA:135,21,0,0
BRDA:135,21,1,0
BRDA:148,22,0,0
BRDA:148,22,1,0
BRDA:149,23,0,0
BRDA:149,23,1,0
BRDA:151,24,0,0
BRDA:151,24,1,0
BRDA:151,25,0,0
BRDA:151,25,1,0
BRDA:151,25,2,0
BRDA:163,26,0,0
BRDA:163,26,1,0
BRDA:164,27,0,0
BRDA:164,27,1,0
BRDA:176,28,0,0
BRDA:176,28,1,0
BRDA:178,29,0,0
BRDA:178,29,1,0
BRDA:178,30,0,0
BRDA:178,30,1,0
BRDA:178,30,2,0
BRDA:191,31,0,0
BRDA:191,31,1,0
BRDA:192,32,0,0
BRDA:192,32,1,0
BRDA:194,33,0,0
BRDA:194,33,1,0
BRDA:194,34,0,0
BRDA:194,34,1,0
BRDA:194,34,2,0
BRDA:204,35,0,0
BRDA:204,35,1,2
BRDA:223,36,0,0
BRDA:223,36,1,0
BRDA:224,37,0,0
BRDA:224,37,1,0
BRDA:234,38,0,0
BRDA:234,38,1,0
BRDA:235,39,0,0
BRDA:235,39,1,0
BRDA:237,40,0,0
BRDA:237,40,1,0
BRDA:237,41,0,0
BRDA:237,41,1,0
BRDA:239,42,0,0
BRDA:239,42,1,0
BRDA:239,43,0,0
BRDA:239,43,1,0
BRDA:240,44,0,0
BRDA:240,44,1,0
BRDA:256,45,0,0
BRDA:256,45,1,0
BRDA:257,46,0,0
BRDA:257,46,1,0
BRDA:265,47,0,0
BRDA:265,47,1,0
BRDA:267,48,0,0
BRDA:267,48,1,0
BRDA:267,49,0,0
BRDA:267,49,1,0
BRDA:267,49,2,0
BRDA:273,50,0,0
BRDA:273,50,1,0
BRDA:273,51,0,0
BRDA:273,51,1,0
BRDA:273,51,2,0
BRDA:290,52,0,0
BRDA:290,52,1,0
BRDA:291,53,0,0
BRDA:291,53,1,0
BRDA:301,54,0,0
BRDA:301,54,1,0
BRDA:307,55,0,0
BRDA:307,55,1,0
BRDA:307,56,0,0
BRDA:307,56,1,0
BRDA:309,57,0,0
BRDA:309,57,1,0
BRDA:312,58,0,0
BRDA:312,58,1,0
BRDA:315,59,0,0
BRDA:315,59,1,0
BRDA:315,60,0,0
BRDA:315,60,1,0
BRDA:315,60,2,0
BRDA:315,60,3,0
BRDA:333,61,0,0
BRDA:333,61,1,0
BRDA:334,62,0,0
BRDA:334,62,1,0
BRDA:381,63,0,0
BRDA:381,63,1,0
BRDA:391,64,0,0
BRDA:391,64,1,2
BRDA:410,65,0,0
BRDA:410,65,1,0
BRDA:411,66,0,0
BRDA:411,66,1,0
BRDA:412,67,0,0
BRDA:412,67,1,0
BRDA:414,68,0,0
BRDA:414,68,1,0
BRDA:431,69,0,0
BRDA:431,69,1,0
BRDA:432,70,0,0
BRDA:432,70,1,0
BRDA:435,71,0,0
BRDA:435,71,1,0
BRDA:460,72,0,0
BRDA:460,72,1,2
BRDA:480,73,0,0
BRDA:480,73,1,0
BRDA:482,74,0,0
BRDA:482,74,1,0
BRDA:483,75,0,0
BRDA:483,75,1,0
BRDA:485,76,0,0
BRDA:485,76,1,0
BRDA:485,77,0,0
BRDA:485,77,1,0
BRDA:491,78,0,0
BRDA:491,78,1,0
BRDA:506,79,0,0
BRDA:506,79,1,0
BRDA:507,80,0,0
BRDA:507,80,1,0
BRDA:508,81,0,0
BRDA:508,81,1,0
BRDA:508,82,0,0
BRDA:508,82,1,0
BRDA:508,82,2,0
BRDA:546,83,0,0
BRDA:546,83,1,0
BRDA:547,84,0,0
BRDA:547,84,1,0
BRDA:549,85,0,0
BRDA:549,85,1,0
BRDA:550,86,0,0
BRDA:550,86,1,0
BRDA:551,87,0,0
BRDA:551,87,1,0
BRDA:552,88,0,0
BRDA:552,88,1,0
BRDA:553,89,0,0
BRDA:553,89,1,0
BRDA:554,90,0,0
BRDA:554,90,1,0
BRDA:555,91,0,0
BRDA:555,91,1,0
BRDA:556,92,0,0
BRDA:556,92,1,0
BRDA:559,93,0,0
BRDA:559,93,1,0
BRDA:560,94,0,0
BRDA:560,94,1,0
BRDA:568,95,0,0
BRDA:568,95,1,0
BRDA:568,96,0,0
BRDA:568,96,1,0
BRDA:576,97,0,0
BRDA:576,97,1,0
BRDA:576,98,0,0
BRDA:576,98,1,0
BRDA:592,99,0,0
BRDA:592,99,1,0
BRDA:593,100,0,0
BRDA:593,100,1,0
BRDA:604,101,0,0
BRDA:604,101,1,2
BRDA:623,102,0,0
BRDA:623,102,1,0
BRDA:624,103,0,0
BRDA:624,103,1,0
BRDA:626,104,0,0
BRDA:626,104,1,0
BRDA:628,105,0,0
BRDA:628,105,1,0
BRDA:631,106,0,0
BRDA:631,106,1,0
BRDA:647,107,0,0
BRDA:647,107,1,0
BRDA:648,108,0,0
BRDA:648,108,1,0
BRDA:649,109,0,0
BRDA:649,109,1,0
BRDA:651,110,0,0
BRDA:651,110,1,0
BRDA:667,111,0,0
BRDA:667,111,1,0
BRDA:668,112,0,0
BRDA:668,112,1,0
BRDA:669,113,0,0
BRDA:669,113,1,0
BRDA:670,114,0,0
BRDA:670,114,1,0
BRDA:671,115,0,0
BRDA:671,115,1,0
BRDA:672,116,0,0
BRDA:672,116,1,0
BRDA:673,117,0,0
BRDA:673,117,1,0
BRDA:674,118,0,0
BRDA:674,118,1,0
BRDA:675,119,0,0
BRDA:675,119,1,0
BRDA:676,120,0,0
BRDA:676,120,1,0
BRDA:676,121,0,0
BRDA:676,121,1,0
BRDA:677,122,0,0
BRDA:677,122,1,0
BRDA:677,123,0,0
BRDA:677,123,1,0
BRDA:678,124,0,0
BRDA:678,124,1,0
BRDA:678,125,0,0
BRDA:678,125,1,0
BRDA:679,126,0,0
BRDA:679,126,1,0
BRDA:693,127,0,0
BRDA:693,127,1,0
BRDA:693,128,0,0
BRDA:693,128,1,0
BRDA:695,129,0,0
BRDA:695,129,1,0
BRDA:720,130,0,0
BRDA:720,130,1,0
BRDA:720,131,0,0
BRDA:720,131,1,0
BRDA:722,132,0,0
BRDA:722,132,1,0
BRDA:723,133,0,0
BRDA:723,133,1,0
BRDA:736,134,0,0
BRDA:736,134,1,0
BRDA:747,135,0,0
BRDA:747,135,1,0
BRDA:748,136,0,0
BRDA:748,136,1,0
BRDA:759,137,0,0
BRDA:759,137,1,0
BRDA:759,138,0,0
BRDA:759,138,1,0
BRDA:761,139,0,0
BRDA:761,139,1,0
BRDA:762,140,0,0
BRDA:762,140,1,0
BRDA:775,141,0,0
BRDA:775,141,1,0
BRDA:786,142,0,0
BRDA:786,142,1,0
BRDA:787,143,0,0
BRDA:787,143,1,0
BRDA:798,144,0,0
BRDA:798,144,1,0
BRDA:800,145,0,0
BRDA:800,145,1,0
BRDA:801,146,0,0
BRDA:801,146,1,0
BRDA:814,147,0,0
BRDA:814,147,1,0
BRDA:815,148,0,0
BRDA:815,148,1,0
BRDA:818,149,0,0
BRDA:818,149,1,0
BRDA:827,150,0,0
BRDA:827,150,1,0
BRDA:844,151,0,0
BRDA:844,151,1,0
BRDA:846,152,0,0
BRDA:846,152,1,0
BRDA:859,153,0,0
BRDA:859,153,1,0
BRDA:859,154,0,0
BRDA:859,154,1,0
BRDA:859,154,2,0
BRDA:869,155,0,0
BRDA:869,155,1,0
BRDA:870,156,0,0
BRDA:870,156,1,0
BRDA:871,157,0,0
BRDA:871,157,1,0
BRDA:871,158,0,0
BRDA:871,158,1,0
BRDA:871,158,2,0
BRDA:907,159,0,0
BRDA:907,159,1,0
BRDA:923,160,0,0
BRDA:923,160,1,0
BRDA:928,161,0,0
BRDA:928,161,1,0
BRDA:936,162,0,0
BRDA:936,162,1,0
BRDA:936,163,0,0
BRDA:936,163,1,0
BRDA:938,164,0,0
BRDA:938,164,1,0
BRDA:941,165,0,0
BRDA:941,165,1,0
BRDA:944,166,0,0
BRDA:944,166,1,0
BRDA:944,167,0,0
BRDA:944,167,1,0
BRDA:944,167,2,0
BRDA:944,167,3,0
BRDA:964,168,0,0
BRDA:964,168,1,0
BRDA:965,169,0,0
BRDA:965,169,1,0
BRF:352
BRH:5
end_of_record
TN:
SF:routes/companyBySlug.js
FN:6,(anonymous_0)
FNF:1
FNH:0
FNDA:0,(anonymous_0)
DA:1,0
DA:2,0
DA:3,0
DA:6,0
DA:7,0
DA:8,0
DA:9,0
DA:12,0
LF:8
LH:0
BRDA:8,0,0,0
BRDA:8,0,1,0
BRF:2
BRH:0
end_of_record
TN:
SF:routes/complaints.js
FN:7,(anonymous_0)
FN:20,(anonymous_1)
FN:43,(anonymous_2)
FN:67,(anonymous_3)
FNF:4
FNH:0
FNDA:0,(anonymous_0)
FNDA:0,(anonymous_1)
FNDA:0,(anonymous_2)
FNDA:0,(anonymous_3)
DA:1,2
DA:2,2
DA:3,2
DA:4,2
DA:7,2
DA:8,0
DA:9,0
DA:10,0
DA:11,0
DA:12,0
DA:13,0
DA:15,0
DA:20,2
DA:21,0
DA:22,0
DA:24,0
DA:25,0
DA:28,0
DA:35,0
DA:36,0
DA:38,0
DA:43,2
DA:44,0
DA:45,0
DA:46,0
DA:47,0
DA:50,0
DA:56,0
DA:57,0
DA:60,0
DA:62,0
DA:67,2
DA:68,0
DA:69,0
DA:70,0
DA:71,0
DA:73,0
DA:75,0
DA:79,2
LF:39
LH:9
BRDA:11,0,0,0
BRDA:11,0,1,0
BRDA:24,1,0,0
BRDA:24,1,1,0
BRDA:24,2,0,0
BRDA:24,2,1,0
BRDA:30,3,0,0
BRDA:30,3,1,0
BRDA:46,4,0,0
BRDA:46,4,1,0
BRDA:56,5,0,0
BRDA:56,5,1,0
BRDA:70,6,0,0
BRDA:70,6,1,0
BRF:14
BRH:0
end_of_record
TN:
SF:routes/galleryRecovery.js
FN:7,(anonymous_0)
FN:12,(anonymous_1)
FN:18,(anonymous_2)
FNF:3
FNH:0
FNDA:0,(anonymous_0)
FNDA:0,(anonymous_1)
FNDA:0,(anonymous_2)
DA:1,2
DA:2,2
DA:3,2
DA:4,2
DA:7,2
DA:8,0
DA:9,0
DA:12,0
DA:13,0
DA:14,0
DA:18,0
DA:19,0
DA:23,2
LF:13
LH:6
BRDA:13,0,0,0
BRDA:13,0,1,0
BRF:2
BRH:0
end_of_record
TN:
SF:routes/genealogy.js
FN:6,(anonymous_0)
FN:15,(anonymous_1)
FN:24,(anonymous_2)
FN:34,(anonymous_3)
FN:55,(anonymous_4)
FNF:5
FNH:0
FNDA:0,(anonymous_0)
FNDA:0,(anonymous_1)
FNDA:0,(anonymous_2)
FNDA:0,(anonymous_3)
FNDA:0,(anonymous_4)
DA:1,0
DA:2,0
DA:3,0
DA:4,0
DA:6,0
DA:7,0
DA:8,0
DA:9,0
DA:11,0
DA:15,0
DA:16,0
DA:17,0
DA:18,0
DA:20,0
DA:24,0
DA:25,0
DA:26,0
DA:27,0
DA:28,0
DA:30,0
DA:34,0
DA:35,0
DA:36,0
DA:37,0
DA:39,0
DA:44,0
DA:55,0
DA:56,0
DA:61,0
LF:29
LH:0
BRDA:9,0,0,0
BRDA:9,0,1,0
BRDA:18,1,0,0
BRDA:18,1,1,0
BRF:4
BRH:0
end_of_record
TN:
SF:routes/integrations.js
FN:5,(anonymous_0)
FN:12,(anonymous_1)
FNF:2
FNH:0
FNDA:0,(anonymous_0)
FNDA:0,(anonymous_1)
DA:1,0
DA:2,0
DA:5,0
DA:6,0
DA:8,0
DA:12,0
DA:13,0
DA:15,0
DA:18,0
LF:9
LH:0
BRF:0
BRH:0
end_of_record
TN:
SF:routes/media.js
FN:8,(anonymous_0)
FN:11,(anonymous_1)
FN:22,(anonymous_2)
FN:35,(anonymous_3)
FNF:4
FNH:0
FNDA:0,(anonymous_0)
FNDA:0,(anonymous_1)
FNDA:0,(anonymous_2)
FNDA:0,(anonymous_3)
DA:1,0
DA:2,0
DA:3,0
DA:4,0
DA:6,0
DA:7,0
DA:9,0
DA:12,0
DA:13,0
DA:16,0
DA:19,0
DA:22,0
DA:23,0
DA:24,0
DA:30,0
DA:31,0
DA:35,0
DA:36,0
DA:39,0
LF:19
LH:0
BRDA:23,0,0,0
BRDA:23,0,1,0
BRF:2
BRH:0
end_of_record
TN:
SF:routes/memorialEditors.js
FN:11,(anonymous_0)
FN:26,(anonymous_1)
FN:40,(anonymous_2)
FN:47,(anonymous_3)
FN:56,(anonymous_4)
FN:64,(anonymous_5)
FN:76,(anonymous_6)
FN:81,(anonymous_7)
FNF:8
FNH:3
FNDA:1,(anonymous_0)
FNDA:0,(anonymous_1)
FNDA:0,(anonymous_2)
FNDA:0,(anonymous_3)
FNDA:3,(anonymous_4)
FNDA:3,(anonymous_5)
FNDA:0,(anonymous_6)
FNDA:0,(anonymous_7)
DA:1,2
DA:2,2
DA:4,2
DA:5,2
DA:6,2
DA:7,2
DA:8,2
DA:11,2
DA:12,1
DA:13,1
DA:14,1
DA:15,0
DA:17,1
DA:18,1
DA:19,1
DA:21,1
DA:22,0
DA:24,1
DA:26,1
DA:27,0
DA:29,1
DA:30,1
DA:31,1
DA:32,1
DA:34,0
DA:35,0
DA:40,2
DA:41,0
DA:42,0
DA:43,0
DA:44,0
DA:45,0
DA:47,0
DA:48,0
DA:49,0
DA:51,0
DA:56,2
DA:57,3
DA:58,3
DA:59,3
DA:60,3
DA:62,3
DA:63,3
DA:64,3
DA:65,3
DA:66,1
DA:68,2
DA:70,0
DA:71,0
DA:76,2
DA:77,0
DA:78,0
DA:79,0
DA:80,0
DA:81,0
DA:82,0
DA:83,0
DA:85,0
DA:87,0
DA:91,2
LF:60
LH:35
BRDA:13,0,0,0
BRDA:13,1,0,0
BRDA:13,2,0,1
BRDA:13,2,1,0
BRDA:14,3,0,0
BRDA:14,3,1,1
BRDA:18,4,0,0
BRDA:18,4,1,1
BRDA:19,5,0,1
BRDA:19,5,1,0
BRDA:19,5,2,0
BRDA:21,6,0,0
BRDA:21,6,1,1
BRDA:21,7,0,1
BRDA:21,7,1,1
BRDA:24,8,0,1
BRDA:24,8,1,0
BRDA:26,9,0,0
BRDA:26,9,1,1
BRDA:43,10,0,0
BRDA:43,10,1,0
BRDA:44,11,0,0
BRDA:44,11,1,0
BRDA:59,12,0,0
BRDA:59,12,1,3
BRDA:60,13,0,3
BRDA:60,13,1,0
BRDA:62,14,0,3
BRDA:62,14,1,0
BRDA:63,15,0,3
BRDA:63,15,1,0
BRDA:64,16,0,3
BRDA:64,16,1,3
BRDA:64,16,2,3
BRDA:65,17,0,1
BRDA:65,17,1,2
BRDA:65,18,0,3
BRDA:65,18,1,2
BRDA:79,19,0,0
BRDA:79,19,1,0
BRDA:80,20,0,0
BRDA:80,20,1,0
BRDA:82,21,0,0
BRDA:82,21,1,0
BRDA:82,22,0,0
BRDA:82,22,1,0
BRF:46
BRH:20
end_of_record
TN:
SF:routes/memorials-new.js
FN:11,(anonymous_0)
FN:18,(anonymous_1)
FN:29,(anonymous_2)
FN:38,(anonymous_3)
FN:48,(anonymous_4)
FN:64,(anonymous_5)
FN:90,(anonymous_6)
FN:107,(anonymous_7)
FN:144,(anonymous_8)
FN:164,(anonymous_9)
FN:184,(anonymous_10)
FN:221,(anonymous_11)
FN:235,(anonymous_12)
FN:258,(anonymous_13)
FN:312,(anonymous_14)
FN:322,(anonymous_15)
FN:342,(anonymous_16)
FN:368,(anonymous_17)
FN:394,(anonymous_18)
FN:401,(anonymous_19)
FN:410,(anonymous_20)
FN:420,(anonymous_21)
FN:422,(anonymous_22)
FN:455,(anonymous_23)
FN:488,(anonymous_24)
FN:517,(anonymous_25)
FN:578,(anonymous_26)
FN:616,(anonymous_27)
FN:623,(anonymous_28)
FN:632,(anonymous_29)
FN:642,(anonymous_30)
FN:716,(anonymous_31)
FN:767,(anonymous_32)
FN:774,(anonymous_33)
FN:783,(anonymous_34)
FN:793,(anonymous_35)
FN:828,(anonymous_36)
FN:855,(anonymous_37)
FN:875,(anonymous_38)
FNF:39
FNH:6
FNDA:0,(anonymous_0)
FNDA:0,(anonymous_1)
FNDA:0,(anonymous_2)
FNDA:0,(anonymous_3)
FNDA:0,(anonymous_4)
FNDA:0,(anonymous_5)
FNDA:0,(anonymous_6)
FNDA:1,(anonymous_7)
FNDA:0,(anonymous_8)
FNDA:0,(anonymous_9)
FNDA:3,(anonymous_10)
FNDA:0,(anonymous_11)
FNDA:0,(anonymous_12)
FNDA:2,(anonymous_13)
FNDA:1,(anonymous_14)
FNDA:11,(anonymous_15)
FNDA:1,(anonymous_16)
FNDA:0,(anonymous_17)
FNDA:0,(anonymous_18)
FNDA:0,(anonymous_19)
FNDA:0,(anonymous_20)
FNDA:0,(anonymous_21)
FNDA:0,(anonymous_22)
FNDA:0,(anonymous_23)
FNDA:0,(anonymous_24)
FNDA:0,(anonymous_25)
FNDA:0,(anonymous_26)
FNDA:0,(anonymous_27)
FNDA:0,(anonymous_28)
FNDA:0,(anonymous_29)
FNDA:0,(anonymous_30)
FNDA:0,(anonymous_31)
FNDA:0,(anonymous_32)
FNDA:0,(anonymous_33)
FNDA:0,(anonymous_34)
FNDA:0,(anonymous_35)
FNDA:0,(anonymous_36)
FNDA:0,(anonymous_37)
FNDA:0,(anonymous_38)
DA:1,2
DA:2,2
DA:3,2
DA:4,2
DA:5,2
DA:6,2
DA:7,2
DA:8,2
DA:10,2
DA:12,0
DA:13,0
DA:14,0
DA:16,0
DA:19,0
DA:20,0
DA:23,2
DA:26,2
DA:29,2
DA:30,0
DA:31,0
DA:32,0
DA:33,0
DA:35,0
DA:36,0
DA:38,0
DA:39,0
DA:40,0
DA:41,0
DA:42,0
DA:44,0
DA:48,2
DA:49,0
DA:50,0
DA:51,0
DA:52,0
DA:54,0
DA:55,0
DA:56,0
DA:59,0
DA:60,0
DA:63,0
DA:64,0
DA:65,0
DA:66,0
DA:67,0
DA:69,0
DA:70,0
DA:73,0
DA:74,0
DA:75,0
DA:78,0
DA:79,0
DA:80,0
DA:82,0
DA:83,0
DA:90,2
DA:91,0
DA:93,0
DA:98,0
DA:101,0
DA:103,0
DA:107,2
DA:108,1
DA:109,1
DA:110,1
DA:113,1
DA:114,0
DA:121,1
DA:127,1
DA:129,1
DA:139,0
DA:144,2
DA:145,0
DA:146,0
DA:150,0
DA:151,0
DA:155,0
DA:157,0
DA:159,0
DA:164,2
DA:165,0
DA:166,0
DA:170,0
DA:171,0
DA:175,0
DA:177,0
DA:179,0
DA:184,2
DA:185,3
DA:186,3
DA:187,3
DA:189,3
DA:190,3
DA:191,3
DA:197,3
DA:198,2
DA:202,3
DA:203,2
DA:208,3
DA:209,2
DA:212,1
DA:213,1
DA:215,0
DA:221,2
DA:222,0
DA:223,0
DA:230,0
DA:232,0
DA:235,2
DA:236,0
DA:237,0
DA:239,0
DA:244,0
DA:246,0
DA:253,0
DA:258,2
DA:259,2
DA:260,2
DA:261,2
DA:275,2
DA:277,2
DA:279,2
DA:280,0
DA:285,2
DA:301,2
DA:302,2
DA:304,2
DA:306,0
DA:307,0
DA:312,2
DA:313,1
DA:314,1
DA:316,1
DA:317,0
DA:319,1
DA:322,1
DA:323,11
DA:324,3
DA:325,0
DA:327,3
DA:332,1
DA:333,1
DA:335,1
DA:337,0
DA:342,2
DA:343,1
DA:344,1
DA:346,1
DA:347,0
DA:351,1
DA:352,0
DA:356,1
DA:359,1
DA:361,1
DA:363,0
DA:368,2
DA:369,0
DA:370,0
DA:372,0
DA:374,0
DA:375,0
DA:379,0
DA:380,0
DA:383,0
DA:384,0
DA:386,0
DA:388,0
DA:393,2
DA:395,0
DA:396,0
DA:397,0
DA:399,0
DA:402,0
DA:403,0
DA:407,2
DA:411,0
DA:412,0
DA:414,0
DA:420,2
DA:421,0
DA:422,0
DA:423,0
DA:424,0
DA:425,0
DA:426,0
DA:429,0
DA:430,0
DA:431,0
DA:434,0
DA:435,0
DA:438,0
DA:439,0
DA:442,0
DA:443,0
DA:444,0
DA:447,0
DA:449,0
DA:450,0
DA:455,2
DA:456,0
DA:457,0
DA:458,0
DA:459,0
DA:462,0
DA:463,0
DA:466,0
DA:467,0
DA:468,0
DA:469,0
DA:473,0
DA:474,0
DA:475,0
DA:477,0
DA:482,0
DA:483,0
DA:488,2
DA:489,0
DA:490,0
DA:491,0
DA:492,0
DA:495,0
DA:496,0
DA:499,0
DA:500,0
DA:501,0
DA:502,0
DA:506,0
DA:507,0
DA:509,0
DA:511,0
DA:512,0
DA:517,2
DA:518,0
DA:519,0
DA:520,0
DA:521,0
DA:522,0
DA:524,0
DA:526,0
DA:527,0
DA:528,0
DA:531,0
DA:534,0
DA:535,0
DA:536,0
DA:541,0
DA:544,0
DA:545,0
DA:546,0
DA:547,0
DA:548,0
DA:549,0
DA:554,0
DA:555,0
DA:557,0
DA:558,0
DA:560,0
DA:561,0
DA:563,0
DA:568,0
DA:570,0
DA:571,0
DA:578,2
DA:579,0
DA:580,0
DA:582,0
DA:583,0
DA:587,0
DA:588,0
DA:594,0
DA:595,0
DA:596,0
DA:597,0
DA:602,0
DA:603,0
DA:605,0
DA:607,0
DA:608,0
DA:615,2
DA:617,0
DA:618,0
DA:619,0
DA:621,0
DA:624,0
DA:625,0
DA:629,2
DA:633,0
DA:634,0
DA:636,0
DA:642,2
DA:643,0
DA:644,0
DA:645,0
DA:646,0
DA:647,0
DA:648,0
DA:650,0
DA:652,0
DA:653,0
DA:654,0
DA:657,0
DA:660,0
DA:661,0
DA:662,0
DA:667,0
DA:670,0
DA:671,0
DA:674,0
DA:675,0
DA:679,0
DA:680,0
DA:684,0
DA:690,0
DA:692,0
DA:693,0
DA:695,0
DA:706,0
DA:708,0
DA:709,0
DA:716,2
DA:717,0
DA:718,0
DA:719,0
DA:721,0
DA:722,0
DA:726,0
DA:727,0
DA:733,0
DA:734,0
DA:738,0
DA:741,0
DA:742,0
DA:743,0
DA:744,0
DA:749,0
DA:750,0
DA:752,0
DA:758,0
DA:759,0
DA:766,2
DA:768,0
DA:769,0
DA:770,0
DA:772,0
DA:775,0
DA:776,0
DA:780,2
DA:784,0
DA:785,0
DA:787,0
DA:793,2
DA:794,0
DA:795,0
DA:796,0
DA:799,0
DA:800,0
DA:801,0
DA:805,0
DA:806,0
DA:807,0
DA:808,0
DA:813,0
DA:814,0
DA:815,0
DA:817,0
DA:822,0
DA:823,0
DA:828,2
DA:829,0
DA:830,0
DA:831,0
DA:832,0
DA:836,0
DA:837,0
DA:838,0
DA:839,0
DA:844,0
DA:845,0
DA:847,0
DA:849,0
DA:850,0
DA:855,2
DA:856,0
DA:857,0
DA:858,0
DA:859,0
DA:860,0
DA:863,0
DA:864,0
DA:866,0
DA:867,0
DA:868,0
DA:870,0
DA:875,2
DA:876,0
DA:877,0
DA:878,0
DA:880,0
DA:881,0
DA:884,0
DA:885,0
DA:886,0
DA:890,0
DA:891,0
DA:894,0
DA:895,0
DA:897,0
DA:902,0
DA:906,2
LF:409
LH:91
BRDA:13,0,0,0
BRDA:13,0,1,0
BRDA:32,1,0,0
BRDA:32,1,1,0
BRDA:35,2,0,0
BRDA:35,2,1,0
BRDA:39,3,0,0
BRDA:39,3,1,0
BRDA:51,4,0,0
BRDA:51,4,1,0
BRDA:55,5,0,0
BRDA:55,5,1,0
BRDA:59,6,0,0
BRDA:59,6,1,0
BRDA:65,7,0,0
BRDA:65,7,1,0
BRDA:66,8,0,0
BRDA:66,8,1,0
BRDA:69,9,0,0
BRDA:69,9,1,0
BRDA:74,10,0,0
BRDA:74,10,1,0
BRDA:91,11,0,0
BRDA:91,11,1,0
BRDA:91,12,0,0
BRDA:91,12,1,0
BRDA:93,13,0,0
BRDA:93,13,1,0
BRDA:94,14,0,0
BRDA:94,14,1,0
BRDA:98,15,0,0
BRDA:98,15,1,0
BRDA:98,16,0,0
BRDA:98,16,1,0
BRDA:101,17,0,0
BRDA:101,17,1,0
BRDA:101,18,0,0
BRDA:101,18,1,0
BRDA:109,19,0,0
BRDA:109,20,0,0
BRDA:113,21,0,0
BRDA:113,21,1,1
BRDA:150,22,0,0
BRDA:150,22,1,0
BRDA:170,23,0,0
BRDA:170,23,1,0
BRDA:190,24,0,3
BRDA:190,24,1,0
BRDA:197,25,0,2
BRDA:197,25,1,1
BRDA:202,26,0,2
BRDA:202,26,1,1
BRDA:208,27,0,2
BRDA:208,27,1,1
BRDA:237,28,0,0
BRDA:237,29,0,0
BRDA:261,30,0,2
BRDA:261,30,1,0
BRDA:273,31,0,2
BRDA:274,32,0,2
BRDA:277,33,0,0
BRDA:277,33,1,2
BRDA:279,34,0,0
BRDA:279,34,1,2
BRDA:279,35,0,2
BRDA:279,35,1,2
BRDA:279,35,2,2
BRDA:279,35,3,2
BRDA:294,36,0,0
BRDA:294,36,1,2
BRDA:294,37,0,2
BRDA:294,37,1,0
BRDA:297,38,0,2
BRDA:297,38,1,0
BRDA:316,39,0,0
BRDA:316,39,1,1
BRDA:323,40,0,3
BRDA:323,40,1,8
BRDA:324,41,0,0
BRDA:324,41,1,3
BRDA:324,42,0,3
BRDA:324,42,1,3
BRDA:346,43,0,0
BRDA:346,43,1,1
BRDA:351,44,0,0
BRDA:351,44,1,1
BRDA:374,45,0,0
BRDA:374,45,1,0
BRDA:379,46,0,0
BRDA:379,46,1,0
BRDA:379,47,0,0
BRDA:379,47,1,0
BRDA:396,48,0,0
BRDA:396,48,1,0
BRDA:411,49,0,0
BRDA:411,49,1,0
BRDA:430,50,0,0
BRDA:430,50,1,0
BRDA:434,51,0,0
BRDA:434,51,1,0
BRDA:438,52,0,0
BRDA:438,52,1,0
BRDA:443,53,0,0
BRDA:443,53,1,0
BRDA:458,54,0,0
BRDA:458,54,1,0
BRDA:462,55,0,0
BRDA:462,55,1,0
BRDA:466,56,0,0
BRDA:466,56,1,0
BRDA:468,57,0,0
BRDA:468,57,1,0
BRDA:491,58,0,0
BRDA:491,58,1,0
BRDA:495,59,0,0
BRDA:495,59,1,0
BRDA:499,60,0,0
BRDA:499,60,1,0
BRDA:501,61,0,0
BRDA:501,61,1,0
BRDA:522,62,0,0
BRDA:522,62,1,0
BRDA:526,63,0,0
BRDA:526,63,1,0
BRDA:534,64,0,0
BRDA:534,64,1,0
BRDA:544,65,0,0
BRDA:544,65,1,0
BRDA:547,66,0,0
BRDA:547,66,1,0
BRDA:582,67,0,0
BRDA:582,67,1,0
BRDA:587,68,0,0
BRDA:587,68,1,0
BRDA:594,69,0,0
BRDA:594,69,1,0
BRDA:596,70,0,0
BRDA:596,70,1,0
BRDA:618,71,0,0
BRDA:618,71,1,0
BRDA:633,72,0,0
BRDA:633,72,1,0
BRDA:647,73,0,0
BRDA:647,73,1,0
BRDA:652,74,0,0
BRDA:652,74,1,0
BRDA:660,75,0,0
BRDA:660,75,1,0
BRDA:674,76,0,0
BRDA:674,76,1,0
BRDA:679,77,0,0
BRDA:679,77,1,0
BRDA:687,78,0,0
BRDA:687,78,1,0
BRDA:700,79,0,0
BRDA:700,79,1,0
BRDA:721,80,0,0
BRDA:721,80,1,0
BRDA:726,81,0,0
BRDA:726,81,1,0
BRDA:733,82,0,0
BRDA:733,82,1,0
BRDA:733,83,0,0
BRDA:733,83,1,0
BRDA:741,84,0,0
BRDA:741,84,1,0
BRDA:743,85,0,0
BRDA:743,85,1,0
BRDA:769,86,0,0
BRDA:769,86,1,0
BRDA:784,87,0,0
BRDA:784,87,1,0
BRDA:795,88,0,0
BRDA:795,88,1,0
BRDA:800,89,0,0
BRDA:800,89,1,0
BRDA:805,90,0,0
BRDA:805,90,1,0
BRDA:807,91,0,0
BRDA:807,91,1,0
BRDA:831,92,0,0
BRDA:831,92,1,0
BRDA:836,93,0,0
BRDA:836,93,1,0
BRDA:838,94,0,0
BRDA:838,94,1,0
BRDA:859,95,0,0
BRDA:859,95,1,0
BRDA:863,96,0,0
BRDA:863,96,1,0
BRDA:863,97,0,0
BRDA:863,97,1,0
BRDA:878,98,0,0
BRDA:878,98,1,0
BRDA:880,99,0,0
BRDA:880,99,1,0
BRDA:885,100,0,0
BRDA:885,100,1,0
BRDA:890,101,0,0
BRDA:890,101,1,0
BRF:200
BRH:28
end_of_record
TN:
SF:routes/memorials-optimized.example.js
FN:40,(anonymous_0)
FN:54,(anonymous_1)
FN:97,(anonymous_2)
FN:98,(anonymous_3)
FN:152,(anonymous_4)
FN:156,(anonymous_5)
FN:190,(anonymous_6)
FN:195,(anonymous_7)
FN:250,(anonymous_8)
FN:254,(anonymous_9)
FN:307,(anonymous_10)
FN:308,(anonymous_11)
FN:343,(anonymous_12)
FN:348,(anonymous_13)
FNF:14
FNH:0
FNDA:0,(anonymous_0)
FNDA:0,(anonymous_1)
FNDA:0,(anonymous_2)
FNDA:0,(anonymous_3)
FNDA:0,(anonymous_4)
FNDA:0,(anonymous_5)
FNDA:0,(anonymous_6)
FNDA:0,(anonymous_7)
FNDA:0,(anonymous_8)
FNDA:0,(anonymous_9)
FNDA:0,(anonymous_10)
FNDA:0,(anonymous_11)
FNDA:0,(anonymous_12)
FNDA:0,(anonymous_13)
DA:6,0
DA:7,0
DA:8,0
DA:9,0
DA:10,0
DA:11,0
DA:12,0
DA:13,0
DA:14,0
DA:17,0
DA:38,0
DA:41,0
DA:42,0
DA:55,0
DA:56,0
DA:59,0
DA:65,0
DA:75,0
DA:78,0
DA:79,0
DA:96,0
DA:97,0
DA:99,0
DA:100,0
DA:104,0
DA:105,0
DA:112,0
DA:113,0
DA:116,0
DA:117,0
DA:122,0
DA:131,0
DA:132,0
DA:149,0
DA:152,0
DA:157,0
DA:158,0
DA:163,0
DA:169,0
DA:170,0
DA:187,0
DA:190,0
DA:196,0
DA:197,0
DA:199,0
DA:200,0
DA:207,0
DA:208,0
DA:214,0
DA:215,0
DA:217,0
DA:223,0
DA:224,0
DA:242,0
DA:250,0
DA:255,0
DA:256,0
DA:258,0
DA:259,0
DA:266,0
DA:267,0
DA:274,0
DA:281,0
DA:283,0
DA:289,0
DA:290,0
DA:306,0
DA:307,0
DA:309,0
DA:310,0
DA:312,0
DA:318,0
DA:324,0
DA:325,0
DA:341,0
DA:343,0
DA:349,0
DA:350,0
DA:352,0
DA:353,0
DA:360,0
DA:361,0
DA:367,0
DA:369,0
DA:375,0
DA:376,0
DA:385,0
LF:87
LH:0
BRDA:104,0,0,0
BRDA:104,0,1,0
BRDA:116,1,0,0
BRDA:116,1,1,0
BRDA:199,2,0,0
BRDA:199,2,1,0
BRDA:207,3,0,0
BRDA:207,3,1,0
BRDA:207,4,0,0
BRDA:207,4,1,0
BRDA:258,5,0,0
BRDA:258,5,1,0
BRDA:266,6,0,0
BRDA:266,6,1,0
BRDA:266,7,0,0
BRDA:266,7,1,0
BRDA:276,8,0,0
BRDA:276,8,1,0
BRDA:310,9,0,0
BRDA:310,9,1,0
BRDA:352,10,0,0
BRDA:352,10,1,0
BRDA:360,11,0,0
BRDA:360,11,1,0
BRDA:360,12,0,0
BRDA:360,12,1,0
BRF:26
BRH:0
end_of_record
TN:
SF:routes/memorials.js
FN:15,(anonymous_0)
FN:46,(anonymous_1)
FN:68,(anonymous_2)
FN:97,(anonymous_3)
FN:162,(anonymous_4)
FN:205,(anonymous_5)
FN:247,(anonymous_6)
FN:271,(anonymous_7)
FN:303,(anonymous_8)
FN:338,(anonymous_9)
FN:353,(anonymous_10)
FN:360,(anonymous_11)
FN:369,(anonymous_12)
FN:379,(anonymous_13)
FN:440,(anonymous_14)
FN:478,(anonymous_15)
FN:481,(anonymous_16)
FN:515,(anonymous_17)
FN:576,(anonymous_18)
FN:613,(anonymous_19)
FN:679,(anonymous_20)
FNF:21
FNH:0
FNDA:0,(anonymous_0)
FNDA:0,(anonymous_1)
FNDA:0,(anonymous_2)
FNDA:0,(anonymous_3)
FNDA:0,(anonymous_4)
FNDA:0,(anonymous_5)
FNDA:0,(anonymous_6)
FNDA:0,(anonymous_7)
FNDA:0,(anonymous_8)
FNDA:0,(anonymous_9)
FNDA:0,(anonymous_10)
FNDA:0,(anonymous_11)
FNDA:0,(anonymous_12)
FNDA:0,(anonymous_13)
FNDA:0,(anonymous_14)
FNDA:0,(anonymous_15)
FNDA:0,(anonymous_16)
FNDA:0,(anonymous_17)
FNDA:0,(anonymous_18)
FNDA:0,(anonymous_19)
FNDA:0,(anonymous_20)
DA:2,0
DA:3,0
DA:4,0
DA:5,0
DA:6,0
DA:7,0
DA:8,0
DA:9,0
DA:10,0
DA:12,0
DA:15,0
DA:16,0
DA:17,0
DA:18,0
DA:22,0
DA:23,0
DA:28,0
DA:30,0
DA:31,0
DA:36,0
DA:38,0
DA:40,0
DA:41,0
DA:46,0
DA:47,0
DA:48,0
DA:49,0
DA:50,0
DA:51,0
DA:54,0
DA:55,0
DA:56,0
DA:57,0
DA:59,0
DA:60,0
DA:61,0
DA:63,0
DA:64,0
DA:68,0
DA:69,0
DA:70,0
DA:71,0
DA:72,0
DA:73,0
DA:74,0
DA:76,0
DA:77,0
DA:78,0
DA:81,0
DA:82,0
DA:83,0
DA:84,0
DA:86,0
DA:87,0
DA:88,0
DA:90,0
DA:91,0
DA:97,0
DA:98,0
DA:110,0
DA:113,0
DA:114,0
DA:116,0
DA:117,0
DA:123,0
DA:124,0
DA:125,0
DA:126,0
DA:131,0
DA:151,0
DA:152,0
DA:154,0
DA:156,0
DA:157,0
DA:162,0
DA:163,0
DA:164,0
DA:165,0
DA:166,0
DA:168,0
DA:169,0
DA:170,0
DA:171,0
DA:178,0
DA:179,0
DA:181,0
DA:182,0
DA:185,0
DA:191,0
DA:193,0
DA:200,0
DA:205,0
DA:206,0
DA:207,0
DA:209,0
DA:210,0
DA:214,0
DA:215,0
DA:216,0
DA:219,0
DA:222,0
DA:223,0
DA:224,0
DA:230,0
DA:236,0
DA:241,0
DA:242,0
DA:247,0
DA:248,0
DA:249,0
DA:251,0
DA:252,0
DA:256,0
DA:257,0
DA:258,0
DA:261,0
DA:263,0
DA:265,0
DA:266,0
DA:271,0
DA:272,0
DA:273,0
DA:275,0
DA:276,0
DA:279,0
DA:280,0
DA:281,0
DA:284,0
DA:289,0
DA:290,0
DA:292,0
DA:297,0
DA:298,0
DA:303,0
DA:304,0
DA:305,0
DA:307,0
DA:308,0
DA:309,0
DA:312,0
DA:319,0
DA:320,0
DA:323,0
DA:324,0
DA:326,0
DA:331,0
DA:332,0
DA:338,0
DA:339,0
DA:341,0
DA:344,0
DA:346,0
DA:347,0
DA:352,0
DA:354,0
DA:355,0
DA:356,0
DA:358,0
DA:361,0
DA:362,0
DA:366,0
DA:370,0
DA:371,0
DA:373,0
DA:379,0
DA:380,0
DA:381,0
DA:382,0
DA:383,0
DA:384,0
DA:386,0
DA:388,0
DA:389,0
DA:390,0
DA:393,0
DA:396,0
DA:397,0
DA:398,0
DA:403,0
DA:406,0
DA:407,0
DA:408,0
DA:409,0
DA:410,0
DA:411,0
DA:416,0
DA:417,0
DA:419,0
DA:420,0
DA:422,0
DA:423,0
DA:425,0
DA:430,0
DA:432,0
DA:433,0
DA:440,0
DA:441,0
DA:442,0
DA:444,0
DA:445,0
DA:449,0
DA:450,0
DA:456,0
DA:457,0
DA:458,0
DA:459,0
DA:464,0
DA:465,0
DA:467,0
DA:469,0
DA:470,0
DA:478,0
DA:479,0
DA:481,0
DA:482,0
DA:483,0
DA:484,0
DA:485,0
DA:488,0
DA:489,0
DA:490,0
DA:493,0
DA:494,0
DA:498,0
DA:499,0
DA:502,0
DA:503,0
DA:504,0
DA:508,0
DA:510,0
DA:511,0
DA:515,0
DA:516,0
DA:517,0
DA:518,0
DA:519,0
DA:520,0
DA:522,0
DA:524,0
DA:525,0
DA:526,0
DA:529,0
DA:532,0
DA:533,0
DA:534,0
DA:539,0
DA:542,0
DA:543,0
DA:544,0
DA:545,0
DA:546,0
DA:547,0
DA:552,0
DA:553,0
DA:555,0
DA:556,0
DA:558,0
DA:559,0
DA:561,0
DA:566,0
DA:568,0
DA:569,0
DA:576,0
DA:577,0
DA:578,0
DA:580,0
DA:581,0
DA:585,0
DA:586,0
DA:592,0
DA:593,0
DA:594,0
DA:595,0
DA:600,0
DA:601,0
DA:603,0
DA:605,0
DA:606,0
DA:613,0
DA:614,0
DA:615,0
DA:616,0
DA:618,0
DA:619,0
DA:620,0
DA:621,0
DA:622,0
DA:625,0
DA:628,0
DA:629,0
DA:631,0
DA:632,0
DA:633,0
DA:636,0
DA:637,0
DA:638,0
DA:641,0
DA:644,0
DA:645,0
DA:646,0
DA:647,0
DA:648,0
DA:649,0
DA:654,0
DA:655,0
DA:657,0
DA:658,0
DA:660,0
DA:661,0
DA:663,0
DA:668,0
DA:670,0
DA:671,0
DA:679,0
DA:680,0
DA:681,0
DA:682,0
DA:683,0
DA:687,0
DA:688,0
DA:690,0
DA:691,0
DA:695,0
DA:696,0
DA:697,0
DA:698,0
DA:703,0
DA:704,0
DA:706,0
DA:708,0
DA:709,0
DA:715,0
LF:332
LH:0
BRDA:22,0,0,0
BRDA:22,0,1,0
BRDA:28,1,0,0
BRDA:28,1,1,0
BRDA:30,2,0,0
BRDA:30,2,1,0
BRDA:30,3,0,0
BRDA:30,3,1,0
BRDA:30,3,2,0
BRDA:50,4,0,0
BRDA:50,4,1,0
BRDA:54,5,0,0
BRDA:54,5,1,0
BRDA:55,6,0,0
BRDA:55,6,1,0
BRDA:56,7,0,0
BRDA:56,7,1,0
BRDA:56,8,0,0
BRDA:56,8,1,0
BRDA:73,9,0,0
BRDA:73,9,1,0
BRDA:77,10,0,0
BRDA:77,10,1,0
BRDA:81,11,0,0
BRDA:81,11,1,0
BRDA:82,12,0,0
BRDA:82,12,1,0
BRDA:83,13,0,0
BRDA:83,13,1,0
BRDA:83,14,0,0
BRDA:83,14,1,0
BRDA:109,15,0,0
BRDA:113,16,0,0
BRDA:113,16,1,0
BRDA:114,17,0,0
BRDA:114,17,1,0
BRDA:116,18,0,0
BRDA:116,18,1,0
BRDA:116,19,0,0
BRDA:116,19,1,0
BRDA:116,19,2,0
BRDA:116,19,3,0
BRDA:116,19,4,0
BRDA:125,20,0,0
BRDA:125,20,1,0
BRDA:136,21,0,0
BRDA:136,21,1,0
BRDA:137,22,0,0
BRDA:137,22,1,0
BRDA:138,23,0,0
BRDA:138,23,1,0
BRDA:139,24,0,0
BRDA:139,24,1,0
BRDA:164,25,0,0
BRDA:164,25,1,0
BRDA:165,26,0,0
BRDA:165,26,1,0
BRDA:169,27,0,0
BRDA:169,27,1,0
BRDA:178,28,0,0
BRDA:178,28,1,0
BRDA:181,29,0,0
BRDA:181,29,1,0
BRDA:209,30,0,0
BRDA:209,30,1,0
BRDA:214,31,0,0
BRDA:214,31,1,0
BRDA:215,32,0,0
BRDA:215,32,1,0
BRDA:215,33,0,0
BRDA:215,33,1,0
BRDA:215,33,2,0
BRDA:222,34,0,0
BRDA:222,34,1,0
BRDA:222,35,0,0
BRDA:222,35,1,0
BRDA:223,36,0,0
BRDA:223,36,1,0
BRDA:251,37,0,0
BRDA:251,37,1,0
BRDA:256,38,0,0
BRDA:256,38,1,0
BRDA:257,39,0,0
BRDA:257,39,1,0
BRDA:257,40,0,0
BRDA:257,40,1,0
BRDA:257,40,2,0
BRDA:275,41,0,0
BRDA:275,41,1,0
BRDA:275,42,0,0
BRDA:275,42,1,0
BRDA:280,43,0,0
BRDA:280,43,1,0
BRDA:308,44,0,0
BRDA:308,44,1,0
BRDA:313,45,0,0
BRDA:313,45,1,0
BRDA:314,46,0,0
BRDA:314,46,1,0
BRDA:315,47,0,0
BRDA:315,47,1,0
BRDA:316,48,0,0
BRDA:316,48,1,0
BRDA:319,49,0,0
BRDA:319,49,1,0
BRDA:355,50,0,0
BRDA:355,50,1,0
BRDA:370,51,0,0
BRDA:370,51,1,0
BRDA:384,52,0,0
BRDA:384,52,1,0
BRDA:388,53,0,0
BRDA:388,53,1,0
BRDA:396,54,0,0
BRDA:396,54,1,0
BRDA:406,55,0,0
BRDA:406,55,1,0
BRDA:409,56,0,0
BRDA:409,56,1,0
BRDA:444,57,0,0
BRDA:444,57,1,0
BRDA:449,58,0,0
BRDA:449,58,1,0
BRDA:456,59,0,0
BRDA:456,59,1,0
BRDA:458,60,0,0
BRDA:458,60,1,0
BRDA:489,61,0,0
BRDA:489,61,1,0
BRDA:493,62,0,0
BRDA:493,62,1,0
BRDA:498,63,0,0
BRDA:498,63,1,0
BRDA:503,64,0,0
BRDA:503,64,1,0
BRDA:520,65,0,0
BRDA:520,65,1,0
BRDA:524,66,0,0
BRDA:524,66,1,0
BRDA:532,67,0,0
BRDA:532,67,1,0
BRDA:542,68,0,0
BRDA:542,68,1,0
BRDA:545,69,0,0
BRDA:545,69,1,0
BRDA:580,70,0,0
BRDA:580,70,1,0
BRDA:585,71,0,0
BRDA:585,71,1,0
BRDA:592,72,0,0
BRDA:592,72,1,0
BRDA:594,73,0,0
BRDA:594,73,1,0
BRDA:616,74,0,0
BRDA:616,74,1,0
BRDA:620,75,0,0
BRDA:620,75,1,0
BRDA:628,76,0,0
BRDA:628,76,1,0
BRDA:629,77,0,0
BRDA:629,77,1,0
BRDA:631,78,0,0
BRDA:631,78,1,0
BRDA:636,79,0,0
BRDA:636,79,1,0
BRDA:644,80,0,0
BRDA:644,80,1,0
BRDA:647,81,0,0
BRDA:647,81,1,0
BRDA:682,82,0,0
BRDA:682,82,1,0
BRDA:687,83,0,0
BRDA:687,83,1,0
BRDA:688,84,0,0
BRDA:688,84,1,0
BRDA:690,85,0,0
BRDA:690,85,1,0
BRDA:695,86,0,0
BRDA:695,86,1,0
BRDA:697,87,0,0
BRDA:697,87,1,0
BRF:181
BRH:0
end_of_record
TN:
SF:routes/memoryDays.js
FN:11,(anonymous_0)
FN:16,(anonymous_1)
FNF:2
FNH:0
FNDA:0,(anonymous_0)
FNDA:0,(anonymous_1)
DA:1,2
DA:2,2
DA:5,2
DA:11,2
DA:12,0
DA:16,2
DA:17,0
DA:18,0
DA:19,0
DA:20,0
DA:21,0
DA:24,2
LF:12
LH:6
BRDA:18,0,0,0
BRDA:18,0,1,0
BRDA:18,1,0,0
BRDA:18,1,1,0
BRF:4
BRH:0
end_of_record
TN:
SF:routes/notifications.js
FN:6,(anonymous_0)
FN:23,(anonymous_1)
FN:39,(anonymous_2)
FN:48,(anonymous_3)
FN:57,(anonymous_4)
FN:73,(anonymous_5)
FN:85,(anonymous_6)
FNF:7
FNH:0
FNDA:0,(anonymous_0)
FNDA:0,(anonymous_1)
FNDA:0,(anonymous_2)
FNDA:0,(anonymous_3)
FNDA:0,(anonymous_4)
FNDA:0,(anonymous_5)
FNDA:0,(anonymous_6)
DA:1,2
DA:2,2
DA:3,2
DA:4,2
DA:6,2
DA:7,0
DA:8,0
DA:9,0
DA:10,0
DA:11,0
DA:12,0
DA:16,0
DA:18,0
DA:23,2
DA:24,0
DA:25,0
DA:26,0
DA:27,0
DA:28,0
DA:29,0
DA:33,0
DA:35,0
DA:39,2
DA:40,0
DA:41,0
DA:42,0
DA:44,0
DA:48,2
DA:49,0
DA:50,0
DA:51,0
DA:53,0
DA:57,2
DA:58,0
DA:59,0
DA:60,0
DA:61,0
DA:62,0
DA:64,0
DA:65,0
DA:66,0
DA:68,0
DA:73,2
DA:74,0
DA:76,0
DA:77,0
DA:79,0
DA:80,0
DA:85,2
DA:86,0
DA:88,0
DA:89,0
DA:91,0
DA:92,0
DA:96,2
LF:55
LH:12
BRDA:8,0,0,0
BRDA:8,0,1,0
BRDA:9,1,0,0
BRDA:9,1,1,0
BRDA:25,2,0,0
BRDA:25,2,1,0
BRDA:26,3,0,0
BRDA:26,3,1,0
BRDA:60,4,0,0
BRDA:60,4,1,0
BRDA:61,5,0,0
BRDA:61,5,1,0
BRF:12
BRH:0
end_of_record
TN:
SF:routes/orders.js
FN:7,(anonymous_0)
FN:47,(anonymous_1)
FN:66,(anonymous_2)
FN:85,(anonymous_3)
FN:116,(anonymous_4)
FN:129,(anonymous_5)
FN:142,(anonymous_6)
FN:153,(anonymous_7)
FN:170,(anonymous_8)
FNF:9
FNH:0
FNDA:0,(anonymous_0)
FNDA:0,(anonymous_1)
FNDA:0,(anonymous_2)
FNDA:0,(anonymous_3)
FNDA:0,(anonymous_4)
FNDA:0,(anonymous_5)
FNDA:0,(anonymous_6)
FNDA:0,(anonymous_7)
FNDA:0,(anonymous_8)
DA:1,2
DA:2,2
DA:3,2
DA:4,2
DA:5,2
DA:7,2
DA:8,0
DA:9,0
DA:17,0
DA:18,0
DA:19,0
DA:20,0
DA:22,0
DA:23,0
DA:24,0
DA:25,0
DA:27,0
DA:28,0
DA:29,0
DA:30,0
DA:33,0
DA:40,0
DA:42,0
DA:47,2
DA:48,0
DA:49,0
DA:50,0
DA:51,0
DA:52,0
DA:53,0
DA:59,0
DA:61,0
DA:66,2
DA:67,0
DA:68,0
DA:69,0
DA:70,0
DA:71,0
DA:72,0
DA:78,0
DA:80,0
DA:85,2
DA:86,0
DA:87,0
DA:88,0
DA:89,0
DA:91,0
DA:100,0
DA:102,0
DA:103,0
DA:109,0
DA:111,0
DA:116,2
DA:117,0
DA:118,0
DA:122,0
DA:124,0
DA:129,2
DA:130,0
DA:131,0
DA:135,0
DA:137,0
DA:142,2
DA:143,0
DA:144,0
DA:145,0
DA:146,0
DA:148,0
DA:153,2
DA:154,0
DA:155,0
DA:156,0
DA:157,0
DA:158,0
DA:159,0
DA:160,0
DA:161,0
DA:162,0
DA:163,0
DA:165,0
DA:170,2
DA:171,0
DA:172,0
DA:173,0
DA:174,0
DA:176,0
DA:180,2
LF:87
LH:15
BRDA:20,0,0,0
BRDA:20,0,1,0
BRDA:24,1,0,0
BRDA:24,1,1,0
BRDA:24,2,0,0
BRDA:24,2,1,0
BRDA:28,3,0,0
BRDA:28,3,1,0
BRDA:29,4,0,0
BRDA:29,4,1,0
BRDA:49,5,0,0
BRDA:49,5,1,0
BRDA:50,6,0,0
BRDA:50,6,1,0
BRDA:68,7,0,0
BRDA:68,7,1,0
BRDA:69,8,0,0
BRDA:69,8,1,0
BRDA:88,9,0,0
BRDA:88,9,1,0
BRDA:88,10,0,0
BRDA:88,10,1,0
BRDA:88,10,2,0
BRDA:88,10,3,0
BRDA:145,11,0,0
BRDA:145,11,1,0
BRDA:157,12,0,0
BRDA:157,12,1,0
BRDA:158,13,0,0
BRDA:158,13,1,0
BRDA:159,14,0,0
BRDA:159,14,1,0
BRDA:160,15,0,0
BRDA:160,15,1,0
BRDA:173,16,0,0
BRDA:173,16,1,0
BRF:36
BRH:0
end_of_record
TN:
SF:routes/orgLeads.js
FN:18,(anonymous_0)
FN:30,(anonymous_1)
FN:34,(anonymous_2)
FN:80,(anonymous_3)
FN:85,(anonymous_4)
FN:99,(anonymous_5)
FN:104,(anonymous_6)
FNF:7
FNH:0
FNDA:0,(anonymous_0)
FNDA:0,(anonymous_1)
FNDA:0,(anonymous_2)
FNDA:0,(anonymous_3)
FNDA:0,(anonymous_4)
FNDA:0,(anonymous_5)
FNDA:0,(anonymous_6)
DA:1,2
DA:2,2
DA:3,2
DA:4,2
DA:5,2
DA:6,2
DA:7,2
DA:8,2
DA:11,2
DA:18,2
DA:19,0
DA:20,0
DA:21,0
DA:22,0
DA:23,0
DA:25,0
DA:30,2
DA:31,0
DA:32,0
DA:33,0
DA:34,0
DA:35,0
DA:37,0
DA:38,0
DA:39,0
DA:40,0
DA:41,0
DA:42,0
DA:43,0
DA:44,0
DA:47,0
DA:48,0
DA:50,0
DA:55,0
DA:57,0
DA:65,0
DA:75,0
DA:80,2
DA:81,0
DA:82,0
DA:83,0
DA:84,0
DA:85,0
DA:86,0
DA:88,0
DA:89,0
DA:90,0
DA:91,0
DA:92,0
DA:94,0
DA:99,2
DA:100,0
DA:101,0
DA:102,0
DA:103,0
DA:104,0
DA:105,0
DA:106,0
DA:108,0
DA:112,2
LF:60
LH:14
BRDA:21,0,0,0
BRDA:21,0,1,0
BRDA:21,1,0,0
BRDA:21,1,1,0
BRDA:33,2,0,0
BRDA:33,2,1,0
BRDA:34,3,0,0
BRDA:34,3,1,0
BRDA:34,4,0,0
BRDA:34,4,1,0
BRDA:35,5,0,0
BRDA:35,5,1,0
BRDA:37,6,0,0
BRDA:37,7,0,0
BRDA:39,8,0,0
BRDA:39,8,1,0
BRDA:40,9,0,0
BRDA:40,9,1,0
BRDA:41,10,0,0
BRDA:41,10,1,0
BRDA:41,11,0,0
BRDA:41,11,1,0
BRDA:43,12,0,0
BRDA:43,12,1,0
BRDA:44,13,0,0
BRDA:44,13,1,0
BRDA:55,14,0,0
BRDA:55,14,1,0
BRDA:83,15,0,0
BRDA:83,15,1,0
BRDA:85,16,0,0
BRDA:85,16,1,0
BRDA:85,16,2,0
BRDA:85,17,0,0
BRDA:85,17,1,0
BRDA:86,18,0,0
BRDA:86,18,1,0
BRDA:88,19,0,0
BRDA:88,19,1,0
BRDA:89,20,0,0
BRDA:89,20,1,0
BRDA:102,21,0,0
BRDA:102,21,1,0
BRDA:104,22,0,0
BRDA:104,22,1,0
BRDA:104,22,2,0
BRDA:104,23,0,0
BRDA:104,23,1,0
BRDA:105,24,0,0
BRDA:105,24,1,0
BRF:50
BRH:0
end_of_record
TN:
SF:routes/orgServices.js
FN:9,(anonymous_0)
FN:56,(anonymous_1)
FN:72,(anonymous_2)
FN:76,(anonymous_3)
FN:87,(anonymous_4)
FN:92,(anonymous_5)
FN:105,(anonymous_6)
FN:110,(anonymous_7)
FNF:8
FNH:0
FNDA:0,(anonymous_0)
FNDA:0,(anonymous_1)
FNDA:0,(anonymous_2)
FNDA:0,(anonymous_3)
FNDA:0,(anonymous_4)
FNDA:0,(anonymous_5)
FNDA:0,(anonymous_6)
FNDA:0,(anonymous_7)
DA:1,2
DA:2,2
DA:3,2
DA:4,2
DA:5,2
DA:6,2
DA:9,2
DA:10,0
DA:11,0
DA:12,0
DA:13,0
DA:15,0
DA:16,0
DA:17,0
DA:18,0
DA:19,0
DA:20,0
DA:21,0
DA:22,0
DA:24,0
DA:30,0
DA:32,0
DA:41,0
DA:51,0
DA:56,2
DA:57,0
DA:58,0
DA:59,0
DA:61,0
DA:62,0
DA:63,0
DA:65,0
DA:67,0
DA:72,2
DA:73,0
DA:74,0
DA:75,0
DA:76,0
DA:77,0
DA:79,0
DA:80,0
DA:82,0
DA:87,2
DA:88,0
DA:89,0
DA:90,0
DA:91,0
DA:92,0
DA:93,0
DA:95,0
DA:96,0
DA:97,0
DA:98,0
DA:100,0
DA:105,2
DA:106,0
DA:107,0
DA:108,0
DA:109,0
DA:110,0
DA:111,0
DA:113,0
DA:114,0
DA:116,0
DA:120,2
LF:65
LH:12
BRDA:11,0,0,0
BRDA:11,1,0,0
BRDA:16,2,0,0
BRDA:16,2,1,0
BRDA:16,3,0,0
BRDA:16,3,1,0
BRDA:17,4,0,0
BRDA:17,4,1,0
BRDA:17,5,0,0
BRDA:17,5,1,0
BRDA:18,6,0,0
BRDA:18,6,1,0
BRDA:20,7,0,0
BRDA:20,7,1,0
BRDA:21,8,0,0
BRDA:21,8,1,0
BRDA:22,9,0,0
BRDA:22,9,1,0
BRDA:30,10,0,0
BRDA:30,10,1,0
BRDA:59,11,0,0
BRDA:59,11,1,0
BRDA:62,12,0,0
BRDA:62,12,1,0
BRDA:62,13,0,0
BRDA:62,13,1,0
BRDA:63,14,0,0
BRDA:63,14,1,0
BRDA:75,15,0,0
BRDA:75,15,1,0
BRDA:76,16,0,0
BRDA:76,16,1,0
BRDA:76,17,0,0
BRDA:76,17,1,0
BRDA:77,18,0,0
BRDA:77,18,1,0
BRDA:90,19,0,0
BRDA:90,19,1,0
BRDA:92,20,0,0
BRDA:92,20,1,0
BRDA:92,20,2,0
BRDA:92,21,0,0
BRDA:92,21,1,0
BRDA:93,22,0,0
BRDA:93,22,1,0
BRDA:108,23,0,0
BRDA:108,23,1,0
BRDA:110,24,0,0
BRDA:110,24,1,0
BRDA:110,24,2,0
BRDA:110,25,0,0
BRDA:110,25,1,0
BRDA:111,26,0,0
BRDA:111,26,1,0
BRF:54
BRH:0
end_of_record
TN:
SF:routes/orgs.js
FN:9,(anonymous_0)
FN:16,(anonymous_1)
FN:30,(anonymous_2)
FN:43,(anonymous_3)
FN:102,(anonymous_4)
FN:130,(anonymous_5)
FN:143,(anonymous_6)
FN:147,(anonymous_7)
FN:167,(anonymous_8)
FNF:9
FNH:0
FNDA:0,(anonymous_0)
FNDA:0,(anonymous_1)
FNDA:0,(anonymous_2)
FNDA:0,(anonymous_3)
FNDA:0,(anonymous_4)
FNDA:0,(anonymous_5)
FNDA:0,(anonymous_6)
FNDA:0,(anonymous_7)
FNDA:0,(anonymous_8)
DA:1,2
DA:2,2
DA:3,2
DA:4,2
DA:5,2
DA:6,2
DA:9,2
DA:10,0
DA:11,0
DA:12,0
DA:17,0
DA:18,0
DA:19,0
DA:20,0
DA:21,0
DA:22,0
DA:27,0
DA:30,2
DA:31,0
DA:32,0
DA:34,0
DA:35,0
DA:36,0
DA:37,0
DA:38,0
DA:43,2
DA:44,0
DA:45,0
DA:46,0
DA:47,0
DA:48,0
DA:50,0
DA:51,0
DA:52,0
DA:53,0
DA:54,0
DA:57,0
DA:58,0
DA:59,0
DA:63,0
DA:66,0
DA:71,0
DA:72,0
DA:73,0
DA:74,0
DA:75,0
DA:78,0
DA:87,0
DA:97,0
DA:102,2
DA:103,0
DA:104,0
DA:105,0
DA:106,0
DA:116,0
DA:123,0
DA:125,0
DA:130,2
DA:131,0
DA:132,0
DA:133,0
DA:134,0
DA:135,0
DA:136,0
DA:138,0
DA:143,2
DA:144,0
DA:145,0
DA:146,0
DA:147,0
DA:148,0
DA:150,0
DA:151,0
DA:152,0
DA:153,0
DA:154,0
DA:157,0
DA:158,0
DA:159,0
DA:160,0
DA:162,0
DA:167,2
DA:168,0
DA:169,0
DA:170,0
DA:171,0
DA:172,0
DA:173,0
DA:174,0
DA:176,0
DA:180,2
LF:91
LH:14
BRDA:9,0,0,0
BRDA:19,1,0,0
BRDA:19,1,1,0
BRDA:20,2,0,0
BRDA:20,2,1,0
BRDA:21,3,0,0
BRDA:21,3,1,0
BRDA:27,4,0,0
BRDA:27,4,1,0
BRDA:31,5,0,0
BRDA:31,5,1,0
BRDA:35,6,0,0
BRDA:35,6,1,0
BRDA:36,7,0,0
BRDA:36,7,1,0
BRDA:37,8,0,0
BRDA:37,8,1,0
BRDA:45,9,0,0
BRDA:45,10,0,0
BRDA:45,11,0,0
BRDA:51,12,0,0
BRDA:51,12,1,0
BRDA:52,13,0,0
BRDA:52,13,1,0
BRDA:53,14,0,0
BRDA:53,14,1,0
BRDA:53,15,0,0
BRDA:53,15,1,0
BRDA:54,16,0,0
BRDA:54,16,1,0
BRDA:57,17,0,0
BRDA:57,17,1,0
BRDA:71,18,0,0
BRDA:71,18,1,0
BRDA:73,19,0,0
BRDA:73,19,1,0
BRDA:105,20,0,0
BRDA:105,20,1,0
BRDA:116,21,0,0
BRDA:116,21,1,0
BRDA:133,22,0,0
BRDA:133,22,1,0
BRDA:146,23,0,0
BRDA:146,23,1,0
BRDA:147,24,0,0
BRDA:147,24,1,0
BRDA:147,25,0,0
BRDA:147,25,1,0
BRDA:148,26,0,0
BRDA:148,26,1,0
BRDA:151,27,0,0
BRDA:151,27,1,0
BRDA:152,28,0,0
BRDA:152,28,1,0
BRDA:153,29,0,0
BRDA:153,29,1,0
BRDA:170,30,0,0
BRDA:170,30,1,0
BRDA:172,31,0,0
BRDA:172,31,1,0
BRF:60
BRH:0
end_of_record
TN:
SF:routes/pages.js
FN:6,(anonymous_0)
FN:16,(anonymous_1)
FN:28,(anonymous_2)
FN:43,(anonymous_3)
FNF:4
FNH:0
FNDA:0,(anonymous_0)
FNDA:0,(anonymous_1)
FNDA:0,(anonymous_2)
FNDA:0,(anonymous_3)
DA:1,2
DA:2,2
DA:3,2
DA:6,2
DA:7,0
DA:8,0
DA:9,0
DA:11,0
DA:16,2
DA:17,0
DA:18,0
DA:19,0
DA:20,0
DA:21,0
DA:23,0
DA:28,2
DA:29,0
DA:30,0
DA:31,0
DA:36,0
DA:38,0
DA:43,2
DA:44,0
DA:45,0
DA:46,0
DA:48,0
DA:52,2
LF:27
LH:8
BRF:0
BRH:0
end_of_record
TN:
SF:routes/payments.js
FN:10,(anonymous_0)
FN:16,(anonymous_1)
FNF:2
FNH:0
FNDA:0,(anonymous_0)
FNDA:0,(anonymous_1)
DA:1,0
DA:2,0
DA:5,0
DA:10,0
DA:11,0
DA:12,0
DA:13,0
DA:16,0
DA:17,0
DA:22,0
LF:10
LH:0
BRF:0
BRH:0
end_of_record
TN:
SF:routes/photoComments.js
FN:10,(anonymous_0)
FN:25,(anonymous_1)
FN:46,(anonymous_2)
FN:70,(anonymous_3)
FN:105,(anonymous_4)
FNF:5
FNH:0
FNDA:0,(anonymous_0)
FNDA:0,(anonymous_1)
FNDA:0,(anonymous_2)
FNDA:0,(anonymous_3)
FNDA:0,(anonymous_4)
DA:1,2
DA:2,2
DA:3,2
DA:4,2
DA:5,2
DA:7,2
DA:10,2
DA:11,0
DA:12,0
DA:13,0
DA:14,0
DA:16,0
DA:18,0
DA:20,0
DA:25,2
DA:26,0
DA:27,0
DA:28,0
DA:29,0
DA:31,0
DA:38,0
DA:39,0
DA:41,0
DA:46,2
DA:47,0
DA:48,0
DA:49,0
DA:51,0
DA:52,0
DA:55,0
DA:62,0
DA:64,0
DA:65,0
DA:70,2
DA:71,0
DA:72,0
DA:73,0
DA:75,0
DA:76,0
DA:80,0
DA:81,0
DA:82,0
DA:86,0
DA:94,0
DA:95,0
DA:97,0
DA:99,0
DA:100,0
DA:105,2
DA:106,0
DA:107,0
DA:109,0
DA:110,0
DA:111,0
DA:115,0
DA:117,0
DA:120,0
DA:121,0
DA:123,0
DA:124,0
DA:128,2
LF:61
LH:12
BRDA:13,0,0,0
BRDA:13,0,1,0
BRDA:13,1,0,0
BRDA:13,1,1,0
BRDA:28,2,0,0
BRDA:28,2,1,0
BRDA:28,3,0,0
BRDA:28,3,1,0
BRDA:28,3,2,0
BRDA:35,4,0,0
BRDA:35,4,1,0
BRDA:51,5,0,0
BRDA:51,5,1,0
BRDA:75,6,0,0
BRDA:75,6,1,0
BRDA:75,7,0,0
BRDA:75,7,1,0
BRDA:81,8,0,0
BRDA:81,8,1,0
BRDA:89,9,0,0
BRDA:89,9,1,0
BRDA:90,10,0,0
BRDA:90,10,1,0
BRDA:110,11,0,0
BRDA:110,11,1,0
BRDA:115,12,0,0
BRDA:115,12,1,0
BRDA:115,13,0,0
BRDA:115,13,1,0
BRF:29
BRH:0
end_of_record
TN:
SF:routes/photoCommentsSimple.js
FN:6,(anonymous_0)
FN:20,(anonymous_1)
FNF:2
FNH:0
FNDA:0,(anonymous_0)
FNDA:0,(anonymous_1)
DA:1,2
DA:2,2
DA:3,2
DA:6,2
DA:7,0
DA:8,0
DA:9,0
DA:10,0
DA:12,0
DA:13,0
DA:15,0
DA:20,2
DA:21,0
DA:22,0
DA:23,0
DA:24,0
DA:26,0
DA:33,0
DA:34,0
DA:36,0
DA:40,2
LF:21
LH:6
BRDA:9,0,0,0
BRDA:9,0,1,0
BRDA:9,1,0,0
BRDA:9,1,1,0
BRDA:23,2,0,0
BRDA:23,2,1,0
BRDA:23,3,0,0
BRDA:23,3,1,0
BRDA:23,3,2,0
BRDA:30,4,0,0
BRDA:30,4,1,0
BRF:11
BRH:0
end_of_record
TN:
SF:routes/pool.js
FN:8,(anonymous_0)
FN:62,(anonymous_1)
FN:134,(anonymous_2)
FN:142,(anonymous_3)
FN:161,(anonymous_4)
FN:169,(anonymous_5)
FN:187,(anonymous_6)
FN:195,(anonymous_7)
FN:213,(anonymous_8)
FNF:9
FNH:1
FNDA:0,(anonymous_0)
FNDA:3,(anonymous_1)
FNDA:0,(anonymous_2)
FNDA:0,(anonymous_3)
FNDA:0,(anonymous_4)
FNDA:0,(anonymous_5)
FNDA:0,(anonymous_6)
FNDA:0,(anonymous_7)
FNDA:0,(anonymous_8)
DA:1,2
DA:2,2
DA:3,2
DA:4,2
DA:5,2
DA:8,2
DA:9,0
DA:10,0
DA:12,0
DA:31,0
DA:32,0
DA:33,0
DA:34,0
DA:36,0
DA:57,0
DA:62,2
DA:63,3
DA:64,3
DA:65,3
DA:66,3
DA:67,3
DA:68,3
DA:69,3
DA:70,3
DA:71,0
DA:72,0
DA:73,0
DA:77,3
DA:78,1
DA:79,1
DA:80,1
DA:81,1
DA:82,1
DA:84,1
DA:85,1
DA:87,1
DA:88,0
DA:89,0
DA:91,1
DA:94,3
DA:95,3
DA:105,3
DA:106,1
DA:107,0
DA:109,1
DA:110,1
DA:117,1
DA:120,2
DA:123,3
DA:127,3
DA:129,0
DA:134,2
DA:135,0
DA:136,0
DA:137,0
DA:139,0
DA:142,2
DA:143,0
DA:144,0
DA:145,0
DA:154,0
DA:156,0
DA:161,2
DA:162,0
DA:163,0
DA:164,0
DA:166,0
DA:169,2
DA:170,0
DA:171,0
DA:172,0
DA:180,0
DA:182,0
DA:187,2
DA:188,0
DA:189,0
DA:190,0
DA:192,0
DA:195,2
DA:196,0
DA:197,0
DA:198,0
DA:206,0
DA:208,0
DA:213,2
DA:214,0
DA:215,0
DA:221,0
DA:227,0
DA:238,0
DA:242,2
LF:91
LH:43
BRDA:21,0,0,0
BRDA:21,0,1,0
BRDA:25,1,0,0
BRDA:25,1,1,0
BRDA:31,2,0,0
BRDA:31,2,1,0
BRDA:32,3,0,0
BRDA:32,3,1,0
BRDA:33,4,0,0
BRDA:33,4,1,0
BRDA:34,5,0,0
BRDA:34,5,1,0
BRDA:43,6,0,0
BRDA:43,6,1,0
BRDA:44,7,0,0
BRDA:44,7,1,0
BRDA:46,8,0,0
BRDA:46,8,1,0
BRDA:47,9,0,0
BRDA:47,9,1,0
BRDA:49,10,0,0
BRDA:49,10,1,0
BRDA:50,11,0,0
BRDA:50,11,1,0
BRDA:52,12,0,0
BRDA:52,12,1,0
BRDA:53,13,0,0
BRDA:53,13,1,0
BRDA:64,14,0,1
BRDA:64,15,0,3
BRDA:68,16,0,0
BRDA:68,16,1,3
BRDA:69,17,0,1
BRDA:69,17,1,2
BRDA:70,18,0,0
BRDA:70,18,1,3
BRDA:70,19,0,3
BRDA:70,19,1,3
BRDA:72,20,0,0
BRDA:72,20,1,0
BRDA:73,21,0,0
BRDA:73,21,1,0
BRDA:77,22,0,1
BRDA:77,22,1,2
BRDA:77,23,0,3
BRDA:77,23,1,2
BRDA:78,24,0,1
BRDA:78,24,1,0
BRDA:79,25,0,1
BRDA:79,25,1,0
BRDA:81,26,0,1
BRDA:81,26,1,0
BRDA:84,27,0,1
BRDA:84,27,1,0
BRDA:84,28,0,1
BRDA:84,28,1,1
BRDA:87,29,0,0
BRDA:87,29,1,1
BRDA:87,30,0,1
BRDA:87,30,1,0
BRDA:91,31,0,0
BRDA:91,31,1,1
BRDA:91,32,0,1
BRDA:91,32,1,1
BRDA:99,33,0,1
BRDA:99,33,1,2
BRDA:99,34,0,3
BRDA:99,34,1,2
BRDA:105,35,0,1
BRDA:105,35,1,2
BRDA:105,36,0,3
BRDA:105,36,1,2
BRDA:106,37,0,0
BRDA:106,37,1,1
BRDA:123,38,0,1
BRDA:123,38,1,2
BRDA:123,39,0,3
BRDA:123,39,1,1
BRDA:127,40,0,1
BRDA:127,40,1,2
BRDA:127,41,0,3
BRDA:127,41,1,2
BRDA:127,42,0,1
BRDA:127,42,1,2
BRDA:127,43,0,3
BRDA:127,43,1,2
BRDA:127,43,2,2
BRDA:152,44,0,0
BRDA:152,44,1,0
BRDA:178,45,0,0
BRDA:178,45,1,0
BRDA:204,46,0,0
BRDA:204,46,1,0
BRF:93
BRH:45
end_of_record
TN:
SF:routes/products.js
FN:6,(anonymous_0)
FN:28,(anonymous_1)
FN:30,(anonymous_2)
FN:32,(anonymous_3)
FN:35,(anonymous_4)
FN:48,(anonymous_5)
FN:51,(anonymous_6)
FN:55,(anonymous_7)
FN:59,(anonymous_8)
FNF:9
FNH:0
FNDA:0,(anonymous_0)
FNDA:0,(anonymous_1)
FNDA:0,(anonymous_2)
FNDA:0,(anonymous_3)
FNDA:0,(anonymous_4)
FNDA:0,(anonymous_5)
FNDA:0,(anonymous_6)
FNDA:0,(anonymous_7)
FNDA:0,(anonymous_8)
DA:1,2
DA:2,2
DA:3,2
DA:4,2
DA:6,2
DA:7,0
DA:8,0
DA:9,0
DA:10,0
DA:11,0
DA:16,0
DA:17,0
DA:19,0
DA:20,0
DA:22,0
DA:23,0
DA:25,0
DA:27,0
DA:28,0
DA:29,0
DA:30,0
DA:31,0
DA:32,0
DA:35,0
DA:40,0
DA:42,0
DA:48,2
DA:50,0
DA:51,0
DA:52,0
DA:53,0
DA:54,0
DA:55,0
DA:56,0
DA:58,0
DA:59,0
DA:60,0
DA:61,0
DA:62,0
DA:63,0
DA:65,0
DA:66,0
DA:68,0
DA:69,0
DA:73,2
LF:45
LH:7
BRDA:8,0,0,0
BRDA:8,1,0,0
BRDA:8,2,0,0
BRDA:10,3,0,0
BRDA:10,3,1,0
BRDA:16,4,0,0
BRDA:16,4,1,0
BRDA:19,5,0,0
BRDA:19,5,1,0
BRDA:22,6,0,0
BRDA:22,6,1,0
BRDA:27,7,0,0
BRDA:27,7,1,0
BRDA:29,8,0,0
BRDA:29,8,1,0
BRDA:31,9,0,0
BRDA:31,9,1,0
BRDA:61,10,0,0
BRDA:61,10,1,0
BRF:19
BRH:0
end_of_record
TN:
SF:routes/productsCatalog.js
FN:6,(anonymous_0)
FN:28,(anonymous_1)
FN:30,(anonymous_2)
FN:32,(anonymous_3)
FN:35,(anonymous_4)
FNF:5
FNH:0
FNDA:0,(anonymous_0)
FNDA:0,(anonymous_1)
FNDA:0,(anonymous_2)
FNDA:0,(anonymous_3)
FNDA:0,(anonymous_4)
DA:1,0
DA:2,0
DA:3,0
DA:6,0
DA:7,0
DA:8,0
DA:9,0
DA:10,0
DA:11,0
DA:16,0
DA:17,0
DA:19,0
DA:20,0
DA:22,0
DA:23,0
DA:25,0
DA:27,0
DA:28,0
DA:29,0
DA:30,0
DA:31,0
DA:32,0
DA:35,0
DA:40,0
DA:42,0
DA:46,0
LF:26
LH:0
BRDA:8,0,0,0
BRDA:8,1,0,0
BRDA:8,2,0,0
BRDA:10,3,0,0
BRDA:10,3,1,0
BRDA:16,4,0,0
BRDA:16,4,1,0
BRDA:19,5,0,0
BRDA:19,5,1,0
BRDA:22,6,0,0
BRDA:22,6,1,0
BRDA:27,7,0,0
BRDA:27,7,1,0
BRDA:29,8,0,0
BRDA:29,8,1,0
BRDA:31,9,0,0
BRDA:31,9,1,0
BRF:17
BRH:0
end_of_record
TN:
SF:routes/psychologist.js
FN:17,(anonymous_0)
FN:30,(anonymous_1)
FNF:2
FNH:0
FNDA:0,(anonymous_0)
FNDA:0,(anonymous_1)
DA:1,2
DA:2,2
DA:3,2
DA:4,2
DA:5,2
DA:6,2
DA:7,2
DA:8,0
DA:9,0
DA:10,0
DA:13,2
DA:17,2
DA:18,0
DA:19,0
DA:20,0
DA:23,0
DA:24,0
DA:27,0
DA:30,0
DA:33,0
DA:34,0
DA:35,0
DA:36,0
DA:42,0
DA:44,0
DA:45,0
DA:48,0
DA:49,0
DA:53,0
DA:54,0
DA:56,0
DA:58,0
DA:59,0
DA:63,2
LF:34
LH:10
BRDA:8,0,0,0
BRDA:8,0,1,0
BRDA:20,1,0,0
BRDA:20,1,1,0
BRDA:20,2,0,0
BRDA:20,2,1,0
BRDA:24,3,0,0
BRDA:24,3,1,0
BRDA:30,4,0,0
BRDA:30,4,1,0
BRDA:34,5,0,0
BRDA:34,5,1,0
BRF:12
BRH:0
end_of_record
TN:
SF:routes/religiousContacts.js
FN:6,(anonymous_0)
FN:17,(anonymous_1)
FN:28,(anonymous_2)
FN:39,(anonymous_3)
FN:50,(anonymous_4)
FNF:5
FNH:0
FNDA:0,(anonymous_0)
FNDA:0,(anonymous_1)
FNDA:0,(anonymous_2)
FNDA:0,(anonymous_3)
FNDA:0,(anonymous_4)
DA:1,2
DA:2,2
DA:3,2
DA:6,2
DA:7,0
DA:8,0
DA:9,0
DA:10,0
DA:12,0
DA:17,2
DA:18,0
DA:19,0
DA:20,0
DA:21,0
DA:23,0
DA:28,2
DA:29,0
DA:30,0
DA:31,0
DA:32,0
DA:34,0
DA:39,2
DA:40,0
DA:41,0
DA:42,0
DA:43,0
DA:45,0
DA:50,2
DA:51,0
DA:52,0
DA:53,0
DA:54,0
DA:56,0
DA:60,2
LF:34
LH:9
BRDA:8,0,0,0
BRDA:8,0,1,0
BRDA:20,1,0,0
BRDA:20,1,1,0
BRDA:42,2,0,0
BRDA:42,2,1,0
BRDA:53,3,0,0
BRDA:53,3,1,0
BRF:8
BRH:0
end_of_record
TN:
SF:routes/religiousDocuments.js
FN:6,(anonymous_0)
FN:17,(anonymous_1)
FN:28,(anonymous_2)
FN:39,(anonymous_3)
FN:50,(anonymous_4)
FNF:5
FNH:0
FNDA:0,(anonymous_0)
FNDA:0,(anonymous_1)
FNDA:0,(anonymous_2)
FNDA:0,(anonymous_3)
FNDA:0,(anonymous_4)
DA:1,2
DA:2,2
DA:3,2
DA:6,2
DA:7,0
DA:8,0
DA:9,0
DA:10,0
DA:12,0
DA:17,2
DA:18,0
DA:19,0
DA:20,0
DA:21,0
DA:23,0
DA:28,2
DA:29,0
DA:30,0
DA:31,0
DA:32,0
DA:34,0
DA:39,2
DA:40,0
DA:41,0
DA:42,0
DA:43,0
DA:45,0
DA:50,2
DA:51,0
DA:52,0
DA:53,0
DA:54,0
DA:56,0
DA:60,2
LF:34
LH:9
BRDA:8,0,0,0
BRDA:8,0,1,0
BRDA:20,1,0,0
BRDA:20,1,1,0
BRDA:42,2,0,0
BRDA:42,2,1,0
BRDA:53,3,0,0
BRDA:53,3,1,0
BRF:8
BRH:0
end_of_record
TN:
SF:routes/religiousEventReports.js
FN:6,(anonymous_0)
FN:17,(anonymous_1)
FN:28,(anonymous_2)
FN:39,(anonymous_3)
FN:50,(anonymous_4)
FNF:5
FNH:0
FNDA:0,(anonymous_0)
FNDA:0,(anonymous_1)
FNDA:0,(anonymous_2)
FNDA:0,(anonymous_3)
FNDA:0,(anonymous_4)
DA:1,2
DA:2,2
DA:3,2
DA:6,2
DA:7,0
DA:8,0
DA:9,0
DA:10,0
DA:12,0
DA:17,2
DA:18,0
DA:19,0
DA:20,0
DA:21,0
DA:23,0
DA:28,2
DA:29,0
DA:30,0
DA:31,0
DA:32,0
DA:34,0
DA:39,2
DA:40,0
DA:41,0
DA:42,0
DA:43,0
DA:45,0
DA:50,2
DA:51,0
DA:52,0
DA:53,0
DA:54,0
DA:56,0
DA:60,2
LF:34
LH:9
BRDA:8,0,0,0
BRDA:8,0,1,0
BRDA:20,1,0,0
BRDA:20,1,1,0
BRDA:42,2,0,0
BRDA:42,2,1,0
BRDA:53,3,0,0
BRDA:53,3,1,0
BRF:8
BRH:0
end_of_record
TN:
SF:routes/religiousEvents.js
FN:6,(anonymous_0)
FN:17,(anonymous_1)
FN:28,(anonymous_2)
FN:39,(anonymous_3)
FN:50,(anonymous_4)
FN:61,(anonymous_5)
FNF:6
FNH:0
FNDA:0,(anonymous_0)
FNDA:0,(anonymous_1)
FNDA:0,(anonymous_2)
FNDA:0,(anonymous_3)
FNDA:0,(anonymous_4)
FNDA:0,(anonymous_5)
DA:1,2
DA:2,2
DA:3,2
DA:6,2
DA:7,0
DA:8,0
DA:9,0
DA:10,0
DA:12,0
DA:17,2
DA:18,0
DA:19,0
DA:20,0
DA:21,0
DA:23,0
DA:28,2
DA:29,0
DA:30,0
DA:31,0
DA:32,0
DA:34,0
DA:39,2
DA:40,0
DA:41,0
DA:42,0
DA:43,0
DA:45,0
DA:50,2
DA:51,0
DA:52,0
DA:53,0
DA:54,0
DA:56,0
DA:61,2
DA:62,0
DA:63,0
DA:64,0
DA:65,0
DA:66,0
DA:67,0
DA:69,0
DA:74,0
DA:75,0
DA:76,0
DA:78,0
DA:82,2
LF:46
LH:10
BRDA:8,0,0,0
BRDA:8,0,1,0
BRDA:20,1,0,0
BRDA:20,1,1,0
BRDA:42,2,0,0
BRDA:42,2,1,0
BRDA:53,3,0,0
BRDA:53,3,1,0
BRDA:64,4,0,0
BRDA:64,4,1,0
BRDA:65,5,0,0
BRDA:65,5,1,0
BRDA:66,6,0,0
BRDA:66,6,1,0
BRDA:66,7,0,0
BRDA:66,7,1,0
BRF:16
BRH:0
end_of_record
TN:
SF:routes/religiousGalleries.js
FN:8,(anonymous_0)
FN:18,(anonymous_1)
FN:29,(anonymous_2)
FN:39,(anonymous_3)
FN:50,(anonymous_4)
FNF:5
FNH:0
FNDA:0,(anonymous_0)
FNDA:0,(anonymous_1)
FNDA:0,(anonymous_2)
FNDA:0,(anonymous_3)
FNDA:0,(anonymous_4)
DA:2,2
DA:3,2
DA:4,2
DA:5,2
DA:8,2
DA:9,0
DA:10,0
DA:11,0
DA:13,0
DA:18,2
DA:19,0
DA:20,0
DA:21,0
DA:22,0
DA:24,0
DA:29,2
DA:30,0
DA:31,0
DA:32,0
DA:34,0
DA:39,2
DA:40,0
DA:41,0
DA:42,0
DA:43,0
DA:45,0
DA:50,2
DA:51,0
DA:52,0
DA:53,0
DA:54,0
DA:56,0
DA:60,2
LF:33
LH:10
BRDA:21,0,0,0
BRDA:21,0,1,0
BRDA:42,1,0,0
BRDA:42,1,1,0
BRDA:53,2,0,0
BRDA:53,2,1,0
BRF:6
BRH:0
end_of_record
TN:
SF:routes/religiousNews.js
FN:6,(anonymous_0)
FN:17,(anonymous_1)
FN:28,(anonymous_2)
FN:39,(anonymous_3)
FN:50,(anonymous_4)
FNF:5
FNH:0
FNDA:0,(anonymous_0)
FNDA:0,(anonymous_1)
FNDA:0,(anonymous_2)
FNDA:0,(anonymous_3)
FNDA:0,(anonymous_4)
DA:1,2
DA:2,2
DA:3,2
DA:6,2
DA:7,0
DA:8,0
DA:9,0
DA:10,0
DA:12,0
DA:17,2
DA:18,0
DA:19,0
DA:20,0
DA:21,0
DA:23,0
DA:28,2
DA:29,0
DA:30,0
DA:31,0
DA:32,0
DA:34,0
DA:39,2
DA:40,0
DA:41,0
DA:42,0
DA:43,0
DA:45,0
DA:50,2
DA:51,0
DA:52,0
DA:53,0
DA:54,0
DA:56,0
DA:60,2
LF:34
LH:9
BRDA:8,0,0,0
BRDA:8,0,1,0
BRDA:20,1,0,0
BRDA:20,1,1,0
BRDA:42,2,0,0
BRDA:42,2,1,0
BRDA:53,3,0,0
BRDA:53,3,1,0
BRF:8
BRH:0
end_of_record
TN:
SF:routes/religiousOrganizations.js
FN:9,(anonymous_0)
FN:16,(anonymous_1)
FN:30,(anonymous_2)
FN:43,(anonymous_3)
FN:57,(anonymous_4)
FN:68,(anonymous_5)
FN:98,(anonymous_6)
FN:140,(anonymous_7)
FNF:8
FNH:0
FNDA:0,(anonymous_0)
FNDA:0,(anonymous_1)
FNDA:0,(anonymous_2)
FNDA:0,(anonymous_3)
FNDA:0,(anonymous_4)
FNDA:0,(anonymous_5)
FNDA:0,(anonymous_6)
FNDA:0,(anonymous_7)
DA:3,2
DA:4,2
DA:5,2
[...]
FNDA:0,(anonymous_3)
FNDA:0,(anonymous_4)
FNDA:0,(anonymous_5)
FNDA:0,(anonymous_6)
FNDA:0,(anonymous_7)
FNDA:0,(anonymous_8)
FNDA:0,(anonymous_9)
FNDA:0,(anonymous_10)
FNDA:0,(anonymous_11)
FNDA:0,(anonymous_12)
FNDA:0,(anonymous_13)
FNDA:0,(anonymous_14)
FNDA:0,(anonymous_15)
FNDA:0,(anonymous_16)
FNDA:0,(anonymous_17)
FNDA:0,(anonymous_18)
FNDA:0,(anonymous_19)
FNDA:0,(anonymous_20)
DA:1,2
DA:2,2
DA:3,2
DA:4,2
DA:5,2
DA:6,2
DA:7,2
DA:8,2
DA:10,2
DA:13,2
DA:15,0
DA:17,0
DA:18,0
DA:20,0
DA:23,0
DA:24,0
DA:28,2
DA:32,0
DA:33,0
DA:34,0
DA:36,0
DA:37,0
DA:39,0
DA:47,2
DA:49,0
DA:50,0
DA:54,2
DA:55,0
DA:56,0
DA:57,0
DA:59,0
DA:60,0
DA:61,0
DA:65,0
DA:66,0
DA:67,0
DA:68,0
DA:72,0
DA:77,0
DA:78,0
DA:81,0
DA:82,0
DA:83,0
DA:84,0
DA:87,0
DA:88,0
DA:93,0
DA:96,0
DA:97,0
DA:98,0
DA:99,0
DA:100,0
DA:101,0
DA:103,0
DA:107,0
DA:108,0
DA:110,0
DA:111,0
DA:116,2
DA:117,0
DA:118,0
DA:119,0
DA:122,0
DA:123,0
DA:124,0
DA:128,0
DA:133,0
DA:134,0
DA:137,0
DA:138,0
DA:139,0
DA:140,0
DA:143,0
DA:150,0
DA:151,0
DA:152,0
DA:153,0
DA:154,0
DA:155,0
DA:157,0
DA:158,0
DA:160,0
DA:161,0
DA:162,0
DA:163,0
DA:165,0
DA:169,0
DA:172,0
DA:178,0
DA:179,0
DA:184,2
DA:185,0
DA:186,0
DA:187,0
DA:189,0
DA:190,0
DA:194,0
DA:195,0
DA:196,0
DA:200,0
DA:201,0
DA:202,0
DA:204,0
DA:205,0
DA:214,0
DA:224,0
DA:225,0
DA:228,0
DA:229,0
DA:232,0
DA:233,0
DA:236,0
DA:237,0
DA:240,0
DA:243,0
DA:244,0
DA:247,0
DA:248,0
DA:250,0
DA:252,0
DA:253,0
DA:258,2
DA:259,0
DA:260,0
DA:262,0
DA:263,0
DA:266,0
DA:267,0
DA:268,0
DA:272,0
DA:274,0
DA:279,0
DA:285,0
DA:288,0
DA:289,0
DA:291,0
DA:297,0
DA:299,0
DA:300,0
DA:305,2
DA:306,0
DA:307,0
DA:309,0
DA:313,0
DA:314,0
DA:317,0
DA:318,0
DA:322,0
DA:323,0
DA:324,0
DA:325,0
DA:328,0
DA:330,0
DA:331,0
DA:336,2
DA:337,0
DA:338,0
DA:339,0
DA:341,0
DA:344,0
DA:345,0
DA:349,0
DA:351,0
DA:355,0
DA:356,0
DA:357,0
DA:358,0
DA:359,0
DA:360,0
DA:361,0
DA:364,0
DA:365,0
DA:366,0
DA:367,0
DA:376,0
DA:377,0
DA:380,0
DA:381,0
DA:383,0
DA:385,0
DA:386,0
DA:391,2
DA:392,0
DA:393,0
DA:395,0
DA:398,0
DA:399,0
DA:403,0
DA:405,0
DA:408,0
DA:409,0
DA:410,0
DA:414,0
DA:415,0
DA:417,0
DA:419,0
DA:420,0
DA:425,2
DA:426,0
DA:427,0
DA:429,0
DA:432,0
DA:433,0
DA:437,0
DA:439,0
DA:442,0
DA:444,0
DA:446,0
DA:447,0
DA:452,2
DA:453,0
DA:454,0
DA:456,0
DA:457,0
DA:458,0
DA:461,0
DA:466,0
DA:471,0
DA:481,0
DA:484,0
DA:485,0
DA:487,0
DA:494,0
DA:496,0
DA:497,0
DA:501,2
LF:226
LH:22
BRDA:17,0,0,0
BRDA:17,0,1,0
BRDA:36,1,0,0
BRDA:36,1,1,0
BRDA:36,2,0,0
BRDA:36,2,1,0
BRDA:49,3,0,0
BRDA:49,3,1,0
BRDA:57,4,0,0
BRDA:57,5,0,0
BRDA:59,6,0,0
BRDA:59,6,1,0
BRDA:67,7,0,0
BRDA:67,7,1,0
BRDA:77,8,0,0
BRDA:77,8,1,0
BRDA:77,9,0,0
BRDA:77,9,1,0
BRDA:81,10,0,0
BRDA:81,10,1,0
BRDA:98,11,0,0
BRDA:98,11,1,0
BRDA:108,12,0,0
BRDA:108,12,1,0
BRDA:119,13,0,0
BRDA:119,14,0,0
BRDA:123,15,0,0
BRDA:123,15,1,0
BRDA:133,16,0,0
BRDA:133,16,1,0
BRDA:133,17,0,0
BRDA:133,17,1,0
BRDA:137,18,0,0
BRDA:137,18,1,0
BRDA:152,19,0,0
BRDA:152,19,1,0
BRDA:154,20,0,0
BRDA:154,20,1,0
BRDA:160,21,0,0
BRDA:160,21,1,0
BRDA:161,22,0,0
BRDA:161,22,1,0
BRDA:162,23,0,0
BRDA:162,23,1,0
BRDA:163,24,0,0
BRDA:163,24,1,0
BRDA:189,25,0,0
BRDA:189,25,1,0
BRDA:189,26,0,0
BRDA:189,26,1,0
BRDA:195,27,0,0
BRDA:195,27,1,0
BRDA:201,28,0,0
BRDA:201,28,1,0
BRDA:201,29,0,0
BRDA:201,29,1,0
BRDA:218,30,0,0
BRDA:218,30,1,0
BRDA:224,31,0,0
BRDA:224,31,1,0
BRDA:224,32,0,0
BRDA:224,32,1,0
BRDA:228,33,0,0
BRDA:228,33,1,0
BRDA:232,34,0,0
BRDA:232,34,1,0
BRDA:232,35,0,0
BRDA:232,35,1,0
BRDA:236,36,0,0
BRDA:236,36,1,0
BRDA:236,37,0,0
BRDA:236,37,1,0
BRDA:243,38,0,0
BRDA:243,38,1,0
BRDA:243,39,0,0
BRDA:243,39,1,0
BRDA:262,40,0,0
BRDA:262,40,1,0
BRDA:267,41,0,0
BRDA:267,41,1,0
BRDA:313,42,0,0
BRDA:313,42,1,0
BRDA:317,43,0,0
BRDA:317,43,1,0
BRDA:323,44,0,0
BRDA:323,44,1,0
BRDA:344,45,0,0
BRDA:344,45,1,0
BRDA:349,46,0,0
BRDA:349,46,1,0
BRDA:349,47,0,0
BRDA:349,47,1,0
BRDA:355,48,0,0
BRDA:355,48,1,0
BRDA:356,49,0,0
BRDA:356,49,1,0
BRDA:357,50,0,0
BRDA:357,50,1,0
BRDA:358,51,0,0
BRDA:358,51,1,0
BRDA:359,52,0,0
BRDA:359,52,1,0
BRDA:360,53,0,0
BRDA:360,53,1,0
BRDA:360,54,0,0
BRDA:360,54,1,0
BRDA:361,55,0,0
BRDA:361,55,1,0
BRDA:364,56,0,0
BRDA:364,56,1,0
BRDA:364,57,0,0
BRDA:364,57,1,0
BRDA:366,58,0,0
BRDA:366,58,1,0
BRDA:376,59,0,0
BRDA:376,59,1,0
BRDA:376,60,0,0
BRDA:376,60,1,0
BRDA:398,61,0,0
BRDA:398,61,1,0
BRDA:403,62,0,0
BRDA:403,62,1,0
BRDA:403,63,0,0
BRDA:403,63,1,0
BRDA:409,64,0,0
BRDA:409,64,1,0
BRDA:409,65,0,0
BRDA:409,65,1,0
BRDA:432,66,0,0
BRDA:432,66,1,0
BRDA:437,67,0,0
BRDA:437,67,1,0
BRDA:437,68,0,0
BRDA:437,68,1,0
BRDA:457,69,0,0
BRDA:457,69,1,0
BRF:136
BRH:0
end_of_record
TN:
SF:routes/token.js
FN:7,(anonymous_0)
FN:33,(anonymous_1)
FN:59,(anonymous_2)
FN:79,(anonymous_3)
FNF:4
FNH:3
FNDA:2,(anonymous_0)
FNDA:1,(anonymous_1)
FNDA:1,(anonymous_2)
FNDA:0,(anonymous_3)
DA:1,2
DA:2,2
DA:3,2
DA:4,2
DA:7,2
DA:8,2
DA:9,2
DA:11,2
DA:26,2
DA:28,0
DA:33,2
DA:34,1
DA:35,1
DA:37,1
DA:52,1
DA:54,0
DA:59,2
DA:60,1
DA:61,1
DA:63,1
DA:72,1
DA:74,0
DA:79,2
DA:80,0
DA:81,0
DA:96,0
DA:104,0
DA:108,2
LF:28
LH:21
BRDA:9,0,0,0
BRDA:23,1,0,2
BRDA:23,1,1,0
BRDA:49,2,0,1
BRDA:49,2,1,1
BRDA:69,3,0,1
BRDA:69,3,1,1
BRDA:98,4,0,0
BRDA:98,4,1,0
BRDA:99,5,0,0
BRDA:99,5,1,0
BRDA:100,6,0,0
BRDA:100,6,1,0
BRF:13
BRH:5
end_of_record
TN:
SF:routes/upload-new.js
FN:9,(anonymous_0)
FN:19,(anonymous_1)
FN:29,(anonymous_2)
FN:38,(anonymous_3)
FN:65,(anonymous_4)
FN:91,(anonymous_5)
FN:97,(anonymous_6)
FN:117,(anonymous_7)
FN:142,(anonymous_8)
FN:148,(anonymous_9)
FN:168,(anonymous_10)
FN:174,(anonymous_11)
FN:194,(anonymous_12)
FNF:13
FNH:0
FNDA:0,(anonymous_0)
FNDA:0,(anonymous_1)
FNDA:0,(anonymous_2)
FNDA:0,(anonymous_3)
FNDA:0,(anonymous_4)
FNDA:0,(anonymous_5)
FNDA:0,(anonymous_6)
FNDA:0,(anonymous_7)
FNDA:0,(anonymous_8)
FNDA:0,(anonymous_9)
FNDA:0,(anonymous_10)
FNDA:0,(anonymous_11)
FNDA:0,(anonymous_12)
DA:1,0
DA:2,0
DA:3,0
DA:4,0
DA:5,0
DA:6,0
DA:9,0
DA:10,0
DA:11,0
DA:12,0
DA:15,0
DA:18,0
DA:20,0
DA:23,0
DA:24,0
DA:27,0
DA:31,0
DA:32,0
DA:33,0
DA:38,0
DA:40,0
DA:48,0
DA:49,0
DA:51,0
DA:56,0
DA:65,0
DA:66,0
DA:67,0
DA:68,0
DA:71,0
DA:72,0
DA:73,0
DA:74,0
DA:76,0
DA:78,0
DA:85,0
DA:86,0
DA:91,0
DA:92,0
DA:93,0
DA:94,0
DA:97,0
DA:98,0
DA:99,0
DA:100,0
DA:101,0
DA:104,0
DA:106,0
DA:111,0
DA:112,0
DA:117,0
DA:118,0
DA:119,0
DA:120,0
DA:123,0
DA:124,0
DA:125,0
DA:126,0
DA:128,0
DA:130,0
DA:136,0
DA:137,0
DA:142,0
DA:143,0
DA:144,0
DA:145,0
DA:148,0
DA:149,0
DA:150,0
DA:151,0
DA:152,0
DA:155,0
DA:157,0
DA:162,0
DA:163,0
DA:168,0
DA:169,0
DA:170,0
DA:171,0
DA:174,0
DA:175,0
DA:176,0
DA:177,0
DA:178,0
DA:181,0
DA:183,0
DA:188,0
DA:189,0
DA:194,0
DA:195,0
DA:196,0
DA:197,0
DA:200,0
DA:201,0
DA:202,0
DA:203,0
DA:205,0
DA:207,0
DA:213,0
DA:214,0
DA:218,0
LF:101
LH:0
BRDA:23,0,0,0
BRDA:23,0,1,0
BRDA:48,1,0,0
BRDA:48,1,1,0
BRDA:67,2,0,0
BRDA:67,2,1,0
BRDA:73,3,0,0
BRDA:73,3,1,0
BRDA:93,4,0,0
BRDA:93,4,1,0
BRDA:93,5,0,0
BRDA:93,5,1,0
BRDA:100,6,0,0
BRDA:100,6,1,0
BRDA:119,7,0,0
BRDA:119,7,1,0
BRDA:125,8,0,0
BRDA:125,8,1,0
BRDA:144,9,0,0
BRDA:144,9,1,0
BRDA:144,10,0,0
BRDA:144,10,1,0
BRDA:151,11,0,0
BRDA:151,11,1,0
BRDA:170,12,0,0
BRDA:170,12,1,0
BRDA:170,13,0,0
BRDA:170,13,1,0
BRDA:177,14,0,0
BRDA:177,14,1,0
BRDA:196,15,0,0
BRDA:196,15,1,0
BRDA:202,16,0,0
BRDA:202,16,1,0
BRF:34
BRH:0
end_of_record
TN:
SF:routes/upload.js
FNF:0
FNH:0
LF:0
LH:0
BRF:0
BRH:0
end_of_record
TN:
SF:routes/upload2.js
FN:8,(anonymous_0)
FN:17,(anonymous_1)
FN:24,(anonymous_2)
FN:31,(anonymous_3)
FN:54,(anonymous_4)
FN:76,(anonymous_5)
FN:81,(anonymous_6)
FN:98,(anonymous_7)
FN:119,(anonymous_8)
FN:124,(anonymous_9)
FN:141,(anonymous_10)
FN:146,(anonymous_11)
FN:163,(anonymous_12)
FNF:13
FNH:0
FNDA:0,(anonymous_0)
FNDA:0,(anonymous_1)
FNDA:0,(anonymous_2)
FNDA:0,(anonymous_3)
FNDA:0,(anonymous_4)
FNDA:0,(anonymous_5)
FNDA:0,(anonymous_6)
FNDA:0,(anonymous_7)
FNDA:0,(anonymous_8)
FNDA:0,(anonymous_9)
FNDA:0,(anonymous_10)
FNDA:0,(anonymous_11)
FNDA:0,(anonymous_12)
DA:1,2
DA:2,2
DA:3,2
DA:4,2
DA:5,2
DA:6,2
DA:8,2
DA:9,0
DA:10,0
DA:11,0
DA:14,2
DA:16,2
DA:18,0
DA:19,0
DA:20,0
DA:22,0
DA:25,0
DA:26,0
DA:27,0
DA:31,2
DA:32,0
DA:39,0
DA:40,0
DA:42,0
DA:46,2
DA:54,2
DA:55,0
DA:56,0
DA:57,0
DA:59,0
DA:60,0
DA:61,0
DA:62,0
DA:63,0
DA:64,0
DA:71,0
DA:72,0
DA:76,2
DA:77,0
DA:78,0
DA:79,0
DA:81,0
DA:82,0
DA:83,0
DA:84,0
DA:85,0
DA:87,0
DA:88,0
DA:93,0
DA:94,0
DA:98,2
DA:99,0
DA:100,0
DA:101,0
DA:103,0
DA:104,0
DA:105,0
DA:106,0
DA:107,0
DA:108,0
DA:114,0
DA:115,0
DA:119,2
DA:120,0
DA:121,0
DA:122,0
DA:124,0
DA:125,0
DA:126,0
DA:127,0
DA:128,0
DA:130,0
DA:131,0
DA:136,0
DA:137,0
DA:141,2
DA:142,0
DA:143,0
DA:144,0
DA:146,0
DA:147,0
DA:148,0
DA:149,0
DA:150,0
DA:152,0
DA:153,0
DA:158,0
DA:159,0
DA:163,2
DA:164,0
DA:165,0
DA:166,0
DA:168,0
DA:169,0
DA:170,0
DA:171,0
DA:172,0
DA:173,0
DA:179,0
DA:180,0
DA:184,2
DA:185,2
LF:102
LH:19
BRDA:19,0,0,0
BRDA:19,0,1,0
BRDA:39,1,0,0
BRDA:39,1,1,0
BRDA:56,2,0,0
BRDA:56,2,1,0
BRDA:61,3,0,0
BRDA:61,3,1,0
BRDA:78,4,0,0
BRDA:78,4,1,0
BRDA:78,5,0,0
BRDA:78,5,1,0
BRDA:84,6,0,0
BRDA:84,6,1,0
BRDA:100,7,0,0
BRDA:100,7,1,0
BRDA:105,8,0,0
BRDA:105,8,1,0
BRDA:121,9,0,0
BRDA:121,9,1,0
BRDA:121,10,0,0
BRDA:121,10,1,0
BRDA:127,11,0,0
BRDA:127,11,1,0
BRDA:143,12,0,0
BRDA:143,12,1,0
BRDA:143,13,0,0
BRDA:143,13,1,0
BRDA:149,14,0,0
BRDA:149,14,1,0
BRDA:165,15,0,0
BRDA:165,15,1,0
BRDA:170,16,0,0
BRDA:170,16,1,0
BRF:34
BRH:0
end_of_record
TN:
SF:routes/uploadClean.js
FN:8,(anonymous_0)
FN:17,(anonymous_1)
FN:39,(anonymous_2)
FN:46,(anonymous_3)
FN:64,(anonymous_4)
FN:70,(anonymous_5)
FN:87,(anonymous_6)
FN:109,(anonymous_7)
FN:116,(anonymous_8)
FN:132,(anonymous_9)
FN:138,(anonymous_10)
FN:152,(anonymous_11)
FNF:12
FNH:0
FNDA:0,(anonymous_0)
FNDA:0,(anonymous_1)
FNDA:0,(anonymous_2)
FNDA:0,(anonymous_3)
FNDA:0,(anonymous_4)
FNDA:0,(anonymous_5)
FNDA:0,(anonymous_6)
FNDA:0,(anonymous_7)
FNDA:0,(anonymous_8)
FNDA:0,(anonymous_9)
FNDA:0,(anonymous_10)
FNDA:0,(anonymous_11)
DA:1,0
DA:2,0
DA:3,0
DA:4,0
DA:5,0
DA:6,0
DA:8,0
DA:9,0
DA:10,0
DA:11,0
DA:14,0
DA:16,0
DA:19,0
DA:20,0
DA:21,0
DA:22,0
DA:23,0
DA:24,0
DA:25,0
DA:26,0
DA:27,0
DA:28,0
DA:29,0
DA:30,0
DA:31,0
DA:33,0
DA:34,0
DA:35,0
DA:37,0
DA:40,0
DA:41,0
DA:42,0
DA:46,0
DA:47,0
DA:55,0
DA:56,0
DA:58,0
DA:62,0
DA:64,0
DA:65,0
DA:66,0
DA:67,0
DA:70,0
DA:71,0
DA:72,0
DA:75,0
DA:77,0
DA:82,0
DA:83,0
DA:87,0
DA:88,0
DA:89,0
DA:90,0
DA:93,0
DA:94,0
DA:96,0
DA:98,0
DA:104,0
DA:105,0
DA:109,0
DA:110,0
DA:111,0
DA:112,0
DA:115,0
DA:116,0
DA:117,0
DA:120,0
DA:122,0
DA:127,0
DA:128,0
DA:132,0
DA:133,0
DA:134,0
DA:135,0
DA:137,0
DA:138,0
DA:139,0
DA:141,0
DA:142,0
DA:147,0
DA:148,0
DA:152,0
DA:153,0
DA:154,0
DA:155,0
DA:158,0
DA:159,0
DA:161,0
DA:163,0
DA:169,0
DA:170,0
DA:175,0
LF:92
LH:0
BRDA:20,0,0,0
BRDA:20,0,1,0
BRDA:22,1,0,0
BRDA:22,1,1,0
BRDA:24,2,0,0
BRDA:24,2,1,0
BRDA:26,3,0,0
BRDA:26,3,1,0
BRDA:28,4,0,0
BRDA:28,4,1,0
BRDA:30,5,0,0
BRDA:30,5,1,0
BRDA:34,6,0,0
BRDA:34,6,1,0
BRDA:55,7,0,0
BRDA:55,7,1,0
BRDA:66,8,0,0
BRDA:66,8,1,0
BRDA:66,9,0,0
BRDA:66,9,1,0
BRDA:89,10,0,0
BRDA:89,10,1,0
BRDA:111,11,0,0
BRDA:111,11,1,0
BRDA:111,12,0,0
BRDA:111,12,1,0
BRDA:134,13,0,0
BRDA:134,13,1,0
BRDA:134,14,0,0
BRDA:134,14,1,0
BRDA:154,15,0,0
BRDA:154,15,1,0
BRF:32
BRH:0
end_of_record
TN:
SF:routes/uploadDocument.js
FN:12,(anonymous_0)
FN:15,(anonymous_1)
FN:23,(anonymous_2)
FNF:3
FNH:0
FNDA:0,(anonymous_0)
FNDA:0,(anonymous_1)
FNDA:0,(anonymous_2)
DA:1,0
DA:2,0
DA:3,0
DA:4,0
DA:5,0
DA:7,0
DA:8,0
DA:9,0
DA:11,0
DA:13,0
DA:16,0
DA:17,0
DA:18,0
DA:21,0
DA:23,0
DA:24,0
DA:25,0
DA:26,0
DA:29,0
LF:19
LH:0
BRDA:8,0,0,0
BRDA:8,0,1,0
BRDA:24,1,0,0
BRDA:24,1,1,0
BRF:4
BRH:0
end_of_record
TN:
SF:routes/userConnections.js
FN:7,(anonymous_0)
FN:17,(anonymous_1)
FN:27,(anonymous_2)
FN:42,(anonymous_3)
FN:46,(anonymous_4)
FN:55,(anonymous_5)
FN:70,(anonymous_6)
FN:74,(anonymous_7)
FNF:8
FNH:0
FNDA:0,(anonymous_0)
FNDA:0,(anonymous_1)
FNDA:0,(anonymous_2)
FNDA:0,(anonymous_3)
FNDA:0,(anonymous_4)
FNDA:0,(anonymous_5)
FNDA:0,(anonymous_6)
FNDA:0,(anonymous_7)
DA:1,2
DA:2,2
DA:3,2
DA:4,2
DA:7,2
DA:8,0
DA:9,0
DA:10,0
DA:12,0
DA:17,2
DA:18,0
DA:19,0
DA:20,0
DA:22,0
DA:27,2
DA:28,0
DA:29,0
DA:30,0
DA:31,0
DA:32,0
DA:33,0
DA:34,0
DA:35,0
DA:37,0
DA:42,2
DA:43,0
DA:44,0
DA:45,0
DA:46,0
DA:47,0
DA:48,0
DA:50,0
DA:55,2
DA:56,0
DA:57,0
DA:58,0
DA:59,0
DA:60,0
DA:61,0
DA:62,0
DA:63,0
DA:65,0
DA:70,2
DA:71,0
DA:72,0
DA:73,0
DA:74,0
DA:75,0
DA:76,0
DA:78,0
DA:82,2
LF:51
LH:11
BRDA:30,0,0,0
BRDA:30,0,1,0
BRDA:32,1,0,0
BRDA:32,1,1,0
BRDA:58,2,0,0
BRDA:58,2,1,0
BRDA:60,3,0,0
BRDA:60,3,1,0
BRF:8
BRH:0
end_of_record
TN:
SF:routes/users.js
FN:15,(anonymous_0)
FN:27,(anonymous_1)
FN:62,(anonymous_2)
FN:79,(anonymous_3)
FN:90,(anonymous_4)
FN:96,(anonymous_5)
FN:104,(anonymous_6)
FN:110,(anonymous_7)
FN:126,(anonymous_8)
FN:131,(anonymous_9)
FN:139,(anonymous_10)
FN:141,(anonymous_11)
FN:182,(anonymous_12)
FN:212,(anonymous_13)
FN:244,(anonymous_14)
FN:307,(anonymous_15)
FN:348,(anonymous_16)
FN:385,(anonymous_17)
FN:450,(anonymous_18)
FN:479,(anonymous_19)
FN:505,(anonymous_20)
FN:530,(anonymous_21)
FN:568,(anonymous_22)
FN:594,(anonymous_23)
FN:608,(anonymous_24)
FN:612,(anonymous_25)
FN:627,(anonymous_26)
FN:654,(anonymous_27)
FN:675,(anonymous_28)
FNF:29
FNH:1
FNDA:0,(anonymous_0)
FNDA:0,(anonymous_1)
FNDA:0,(anonymous_2)
FNDA:0,(anonymous_3)
FNDA:0,(anonymous_4)
FNDA:0,(anonymous_5)
FNDA:0,(anonymous_6)
FNDA:0,(anonymous_7)
FNDA:0,(anonymous_8)
FNDA:0,(anonymous_9)
FNDA:0,(anonymous_10)
FNDA:0,(anonymous_11)
FNDA:0,(anonymous_12)
FNDA:0,(anonymous_13)
FNDA:0,(anonymous_14)
FNDA:2,(anonymous_15)
FNDA:0,(anonymous_16)
FNDA:0,(anonymous_17)
FNDA:0,(anonymous_18)
FNDA:0,(anonymous_19)
FNDA:0,(anonymous_20)
FNDA:0,(anonymous_21)
FNDA:0,(anonymous_22)
FNDA:0,(anonymous_23)
FNDA:0,(anonymous_24)
FNDA:0,(anonymous_25)
FNDA:0,(anonymous_26)
FNDA:0,(anonymous_27)
FNDA:0,(anonymous_28)
DA:2,2
DA:3,2
DA:4,2
DA:5,2
DA:6,2
DA:7,2
DA:8,2
DA:9,2
DA:10,2
DA:12,2
DA:15,2
DA:16,0
DA:17,0
DA:18,0
DA:19,0
DA:20,0
DA:22,0
DA:27,2
DA:28,0
DA:29,0
DA:30,0
DA:31,0
DA:33,0
DA:34,0
DA:35,0
DA:41,0
DA:47,0
DA:49,0
DA:58,0
DA:59,0
DA:62,2
DA:63,0
DA:64,0
DA:65,0
DA:66,0
DA:69,0
DA:70,0
DA:71,0
DA:74,0
DA:75,0
DA:76,0
DA:79,0
DA:80,0
DA:81,0
DA:83,0
DA:84,0
DA:89,2
DA:92,0
DA:93,0
DA:94,0
DA:97,0
DA:98,0
DA:101,2
DA:104,2
DA:105,0
DA:106,0
DA:107,0
DA:110,0
DA:112,0
DA:113,0
DA:114,0
DA:115,0
DA:116,0
DA:118,0
DA:119,0
DA:125,2
DA:127,0
DA:128,0
DA:129,0
DA:132,0
DA:133,0
DA:136,2
DA:139,2
DA:141,0
DA:142,0
DA:143,0
DA:144,0
DA:145,0
DA:148,0
DA:149,0
DA:150,0
DA:152,0
DA:153,0
DA:154,0
DA:156,0
DA:157,0
DA:160,0
DA:161,0
DA:162,0
DA:165,0
DA:166,0
DA:171,0
DA:176,0
DA:177,0
DA:182,2
DA:183,0
DA:184,0
DA:187,0
DA:192,0
DA:195,0
DA:200,0
DA:206,0
DA:207,0
DA:212,2
DA:213,0
DA:214,0
DA:215,0
DA:216,0
DA:217,0
DA:220,0
DA:227,0
DA:229,0
DA:238,0
DA:239,0
DA:244,2
DA:245,0
DA:246,0
DA:262,0
DA:265,0
DA:266,0
DA:267,0
DA:268,0
DA:269,0
DA:270,0
DA:271,0
DA:272,0
DA:273,0
DA:274,0
DA:275,0
DA:276,0
DA:277,0
DA:278,0
DA:279,0
DA:280,0
DA:281,0
DA:282,0
DA:283,0
DA:286,0
DA:292,0
DA:293,0
DA:296,0
DA:298,0
DA:299,0
DA:300,0
DA:302,0
DA:307,2
DA:308,2
DA:309,2
DA:310,1
DA:312,1
DA:313,1
DA:314,1
DA:315,1
DA:317,1
DA:318,1
DA:319,0
DA:325,1
DA:331,1
DA:333,1
DA:342,0
DA:343,0
DA:348,2
DA:349,0
DA:350,0
DA:351,0
DA:352,0
DA:354,0
DA:355,0
DA:356,0
DA:360,0
DA:365,0
DA:371,0
DA:379,0
DA:380,0
DA:385,2
DA:386,0
DA:387,0
DA:389,0
DA:390,0
DA:394,0
DA:395,0
DA:399,0
DA:403,0
DA:404,0
DA:405,0
DA:410,0
DA:413,0
DA:419,0
DA:444,0
DA:445,0
DA:450,2
DA:451,0
DA:452,0
DA:453,0
DA:454,0
DA:456,0
DA:457,0
DA:458,0
DA:460,0
DA:465,0
DA:466,0
DA:468,0
DA:473,0
DA:474,0
DA:479,2
DA:480,0
DA:481,0
DA:482,0
DA:483,0
DA:485,0
DA:486,0
DA:491,0
DA:492,0
DA:494,0
DA:499,0
DA:500,0
DA:505,2
DA:506,0
DA:507,0
DA:508,0
DA:509,0
DA:511,0
DA:512,0
DA:513,0
DA:516,0
DA:517,0
DA:520,0
DA:521,0
DA:522,0
DA:524,0
DA:525,0
DA:530,2
DA:531,0
DA:532,0
DA:533,0
DA:534,0
DA:535,0
DA:538,0
DA:539,0
DA:541,0
DA:545,0
DA:549,0
DA:562,0
DA:563,0
DA:568,2
DA:569,0
DA:570,0
DA:571,0
DA:572,0
DA:573,0
DA:574,0
DA:575,0
DA:578,0
DA:579,0
DA:581,0
DA:584,0
DA:594,0
DA:604,0
DA:607,0
DA:608,0
DA:612,0
DA:614,0
DA:621,0
DA:622,0
DA:627,2
DA:628,0
DA:629,0
DA:631,0
DA:641,0
DA:648,0
DA:649,0
DA:654,2
DA:655,0
DA:656,0
DA:658,0
DA:664,0
DA:669,0
DA:670,0
DA:675,2
DA:676,0
DA:677,0
DA:679,0
DA:691,0
DA:696,0
DA:697,0
DA:701,2
LF:286
LH:46
BRDA:19,0,0,0
BRDA:19,0,1,0
BRDA:29,1,0,0
BRDA:29,1,1,0
BRDA:30,2,0,0
BRDA:30,2,1,0
BRDA:31,3,0,0
BRDA:31,3,1,0
BRDA:34,4,0,0
BRDA:34,4,1,0
BRDA:65,5,0,0
BRDA:65,5,1,0
BRDA:65,6,0,0
BRDA:65,6,1,0
BRDA:70,7,0,0
BRDA:70,7,1,0
BRDA:70,8,0,0
BRDA:70,8,1,0
BRDA:75,9,0,0
BRDA:75,9,1,0
BRDA:106,10,0,0
BRDA:106,10,1,0
BRDA:106,11,0,0
BRDA:106,11,1,0
BRDA:113,12,0,0
BRDA:113,12,1,0
BRDA:144,13,0,0
BRDA:144,13,1,0
BRDA:144,14,0,0
BRDA:144,14,1,0
BRDA:149,15,0,0
BRDA:149,15,1,0
BRDA:161,16,0,0
BRDA:161,16,1,0
BRDA:215,17,0,0
BRDA:215,17,1,0
BRDA:216,18,0,0
BRDA:216,18,1,0
BRDA:266,19,0,0
BRDA:266,19,1,0
BRDA:267,20,0,0
BRDA:267,20,1,0
BRDA:268,21,0,0
BRDA:268,21,1,0
BRDA:269,22,0,0
BRDA:269,22,1,0
BRDA:270,23,0,0
BRDA:270,23,1,0
BRDA:271,24,0,0
BRDA:271,24,1,0
BRDA:272,25,0,0
BRDA:272,25,1,0
BRDA:273,26,0,0
BRDA:273,26,1,0
BRDA:274,27,0,0
BRDA:274,27,1,0
BRDA:275,28,0,0
BRDA:275,28,1,0
BRDA:276,29,0,0
BRDA:276,29,1,0
BRDA:277,30,0,0
BRDA:277,30,1,0
BRDA:278,31,0,0
BRDA:278,31,1,0
BRDA:279,32,0,0
BRDA:279,32,1,0
BRDA:280,33,0,0
BRDA:280,33,1,0
BRDA:281,34,0,0
BRDA:281,34,1,0
BRDA:282,35,0,0
BRDA:282,35,1,0
BRDA:283,36,0,0
BRDA:283,36,1,0
BRDA:292,37,0,0
BRDA:292,37,1,0
BRDA:299,38,0,0
BRDA:299,38,1,0
BRDA:309,39,0,1
BRDA:309,39,1,1
BRDA:312,40,0,1
BRDA:312,40,1,1
BRDA:313,41,0,1
BRDA:313,41,1,1
BRDA:315,42,0,1
BRDA:315,42,1,1
BRDA:318,43,0,0
BRDA:318,43,1,1
BRDA:351,44,0,0
BRDA:351,44,1,0
BRDA:355,45,0,0
BRDA:355,45,1,0
BRDA:375,46,0,0
BRDA:375,46,1,0
BRDA:389,47,0,0
BRDA:389,47,1,0
BRDA:394,48,0,0
BRDA:394,48,1,0
BRDA:394,49,0,0
BRDA:394,49,1,0
BRDA:404,50,0,0
BRDA:404,50,1,0
BRDA:404,51,0,0
BRDA:404,51,1,0
BRDA:410,52,0,0
BRDA:410,52,1,0
BRDA:453,53,0,0
BRDA:453,53,1,0
BRDA:457,54,0,0
BRDA:457,54,1,0
BRDA:465,55,0,0
BRDA:465,55,1,0
BRDA:482,56,0,0
BRDA:482,56,1,0
BRDA:491,57,0,0
BRDA:491,57,1,0
BRDA:495,58,0,0
BRDA:495,58,1,0
BRDA:508,59,0,0
BRDA:508,59,1,0
BRDA:512,60,0,0
BRDA:512,60,1,0
BRDA:516,61,0,0
BRDA:516,61,1,0
BRDA:571,62,0,0
BRDA:571,62,1,0
BRDA:572,63,0,0
BRDA:572,63,1,0
BRDA:574,64,0,0
BRDA:574,64,1,0
BRDA:575,65,0,0
BRDA:575,65,1,0
BRDA:596,66,0,0
BRDA:596,66,1,0
BRDA:597,67,0,0
BRDA:597,67,1,0
BRDA:598,68,0,0
BRDA:598,68,1,0
BRDA:607,69,0,0
BRDA:607,69,1,0
BRDA:644,70,0,0
BRDA:644,70,1,0
BRF:142
BRH:9
end_of_record
TN:
SF:routes/virtual.js
FN:10,(anonymous_0)
FN:27,(anonymous_1)
FN:58,(anonymous_2)
FN:80,(anonymous_3)
FN:117,(anonymous_4)
FN:132,(anonymous_5)
FN:162,(anonymous_6)
FNF:7
FNH:0
FNDA:0,(anonymous_0)
FNDA:0,(anonymous_1)
FNDA:0,(anonymous_2)
FNDA:0,(anonymous_3)
FNDA:0,(anonymous_4)
FNDA:0,(anonymous_5)
FNDA:0,(anonymous_6)
DA:1,2
DA:2,2
DA:3,2
DA:4,2
DA:7,2
DA:10,2
DA:11,0
DA:12,0
DA:14,0
DA:19,0
DA:21,0
DA:22,0
DA:27,2
DA:28,0
DA:29,0
DA:32,0
DA:34,0
DA:48,0
DA:50,0
DA:52,0
DA:53,0
DA:58,2
DA:59,0
DA:60,0
DA:63,0
DA:67,0
DA:72,0
DA:74,0
DA:75,0
DA:80,2
DA:81,0
DA:82,0
DA:83,0
DA:84,0
DA:86,0
DA:89,0
DA:91,0
DA:105,0
DA:106,0
DA:107,0
DA:109,0
DA:111,0
DA:112,0
DA:117,2
DA:118,0
DA:119,0
DA:120,0
DA:121,0
DA:123,0
DA:124,0
DA:126,0
DA:127,0
DA:132,2
DA:133,0
DA:134,0
DA:135,0
DA:136,0
DA:138,0
DA:139,0
DA:140,0
DA:153,0
DA:154,0
DA:156,0
DA:157,0
DA:162,2
DA:163,0
DA:164,0
DA:166,0
DA:167,0
DA:168,0
DA:172,0
DA:173,0
DA:176,0
DA:178,0
DA:180,0
DA:181,0
DA:185,2
LF:77
LH:13
BRDA:32,0,0,0
BRDA:32,0,1,0
BRDA:32,0,2,0
BRDA:44,1,0,0
BRDA:44,1,1,0
BRDA:63,2,0,0
BRDA:63,2,1,0
BRDA:89,3,0,0
BRDA:89,3,1,0
BRDA:89,3,2,0
BRDA:101,4,0,0
BRDA:101,4,1,0
BRDA:120,5,0,0
BRDA:120,5,1,0
BRDA:135,6,0,0
BRDA:135,6,1,0
BRDA:139,7,0,0
BRDA:139,7,1,0
BRDA:139,7,2,0
BRDA:143,8,0,0
BRDA:143,8,1,0
BRDA:144,9,0,0
BRDA:144,9,1,0
BRDA:145,10,0,0
BRDA:145,10,1,0
BRDA:146,11,0,0
BRDA:146,11,1,0
BRDA:147,12,0,0
BRDA:147,12,1,0
BRDA:150,13,0,0
BRDA:150,13,1,0
BRDA:167,14,0,0
BRDA:167,14,1,0
BRDA:172,15,0,0
BRDA:172,15,1,0
BRF:35
BRH:0
end_of_record
